-- The C compiler identification is GNU 13.3.0
-- The CXX compiler identification is GNU 13.3.0
-- Detecting C compiler ABI info
-- Detecting C compiler ABI info - done
-- Check for working C compiler: /usr/bin/cc - skipped
-- Detecting C compile features
-- Detecting C compile features - done
-- Detecting CXX compiler ABI info
-- Detecting CXX compiler ABI info - done
-- Check for working CXX compiler: /usr/bin/c++ - skipped
-- Detecting CXX compile features
-- Detecting CXX compile features - done
-- Found ament_cmake: 2.5.6 (/opt/ros/jazzy/share/ament_cmake/cmake)
-- Found Python3: /usr/bin/python3 (found version "3.12.3") found components: Interpreter 
-- Override CMake install command with custom implementation using symlinks instead of copying resources
-- Found rclcpp: 28.1.21 (/opt/ros/jazzy/share/rclcpp/cmake)
-- Found rosidl_generator_c: 4.6.9 (/opt/ros/jazzy/share/rosidl_generator_c/cmake)
-- Found rosidl_generator_cpp: 4.6.9 (/opt/ros/jazzy/share/rosidl_generator_cpp/cmake)
-- Using all available rosidl_typesupport_c: rosidl_typesupport_fastrtps_c;rosidl_typesupport_introspection_c
-- Using all available rosidl_typesupport_cpp: rosidl_typesupport_fastrtps_cpp;rosidl_typesupport_introspection_cpp
-- Found rmw_implementation_cmake: 7.3.3 (/opt/ros/jazzy/share/rmw_implementation_cmake/cmake)
-- Found rmw_fastrtps_cpp: 8.4.4 (/opt/ros/jazzy/share/rmw_fastrtps_cpp/cmake)
-- Found OpenSSL: /usr/lib/x86_64-linux-gnu/libcrypto.so (found version "3.0.13")  
-- Found FastRTPS: /opt/ros/jazzy/include (Required is at least version "2.13") 
-- Using RMW implementation 'rmw_fastrtps_cpp' as default
-- Found std_msgs: 5.3.8 (/opt/ros/jazzy/share/std_msgs/cmake)
-- Found sensor_msgs: 5.3.8 (/opt/ros/jazzy/share/sensor_msgs/cmake)
-- Found visualization_msgs: 5.3.8 (/opt/ros/jazzy/share/visualization_msgs/cmake)
-- Found kdl_parser: 2.11.0 (/opt/ros/jazzy/share/kdl_parser/cmake)
-- Found eigen3_cmake_module: 0.3.1 (/opt/ros/jazzy/share/eigen3_cmake_module/cmake)
-- Found Eigen3: TRUE (found version "3.4.0") 
-- Ensuring Eigen3 include directory is part of orocos-kdl CMake target
-- Found urdf: 2.10.1 (/opt/ros/jazzy/share/urdf/cmake)
-- Configuring done (9.8s)
-- Generating done (0.1s)
-- Build files have been written to: /workspace/manipulator_ws/src/build/open_manipulator_collision
[ 50%] [32mBuilding CXX object CMakeFiles/self_collision_node.dir/src/self_collision_node.cpp.o[0m
[100%] [32m[1mLinking CXX executable self_collision_node[0m
[100%] Built target self_collision_node
-- Install configuration: ""
-- Execute custom install script
-- Symlinking: /workspace/manipulator_ws/src/install/open_manipulator_collision/lib/open_manipulator_collision/self_collision_node
-- Symlinking: /workspace/manipulator_ws/src/install/open_manipulator_collision/include//open_manipulator_collision/self_collision_node.hpp
-- Symlinking: /workspace/manipulator_ws/src/install/open_manipulator_collision/share/open_manipulator_collision/self_collision.launch.py
-- Symlinking: /workspace/manipulator_ws/src/install/open_manipulator_collision/share/open_manipulator_collision/environment/library_path.sh
-- Symlinking: /workspace/manipulator_ws/src/install/open_manipulator_collision/share/open_manipulator_collision/environment/library_path.dsv
-- Symlinking: /workspace/manipulator_ws/src/install/open_manipulator_collision/share/ament_index/resource_index/package_run_dependencies/open_manipulator_collision
-- Symlinking: /workspace/manipulator_ws/src/install/open_manipulator_collision/share/ament_index/resource_index/parent_prefix_path/open_manipulator_collision
-- Symlinking: /workspace/manipulator_ws/src/install/open_manipulator_collision/share/open_manipulator_collision/environment/ament_prefix_path.sh
-- Symlinking: /workspace/manipulator_ws/src/install/open_manipulator_collision/share/open_manipulator_collision/environment/ament_prefix_path.dsv
-- Symlinking: /workspace/manipulator_ws/src/install/open_manipulator_collision/share/open_manipulator_collision/environment/path.sh
-- Symlinking: /workspace/manipulator_ws/src/install/open_manipulator_collision/share/open_manipulator_collision/environment/path.dsv
-- Symlinking: /workspace/manipulator_ws/src/install/open_manipulator_collision/share/open_manipulator_collision/local_setup.bash
-- Symlinking: /workspace/manipulator_ws/src/install/open_manipulator_collision/share/open_manipulator_collision/local_setup.sh
-- Symlinking: /workspace/manipulator_ws/src/install/open_manipulator_collision/share/open_manipulator_collision/local_setup.zsh
-- Symlinking: /workspace/manipulator_ws/src/install/open_manipulator_collision/share/open_manipulator_collision/local_setup.dsv
-- Symlinking: /workspace/manipulator_ws/src/install/open_manipulator_collision/share/open_manipulator_collision/package.dsv
-- Symlinking: /workspace/manipulator_ws/src/install/open_manipulator_collision/share/ament_index/resource_index/packages/open_manipulator_collision
-- Symlinking: /workspace/manipulator_ws/src/install/open_manipulator_collision/share/open_manipulator_collision/cmake/ament_cmake_export_dependencies-extras.cmake
-- Symlinking: /workspace/manipulator_ws/src/install/open_manipulator_collision/share/open_manipulator_collision/cmake/ament_cmake_export_include_directories-extras.cmake
-- Symlinking: /workspace/manipulator_ws/src/install/open_manipulator_collision/share/open_manipulator_collision/cmake/ament_cmake_export_libraries-extras.cmake
-- Symlinking: /workspace/manipulator_ws/src/install/open_manipulator_collision/share/open_manipulator_collision/cmake/open_manipulator_collisionConfig.cmake
-- Symlinking: /workspace/manipulator_ws/src/install/open_manipulator_collision/share/open_manipulator_collision/cmake/open_manipulator_collisionConfig-version.cmake
-- Symlinking: /workspace/manipulator_ws/src/install/open_manipulator_collision/share/open_manipulator_collision/package.xml
