[0.053s] Invoking command in '/workspace/manipulator_ws/src/build/open_manipulator_collision': CMAKE_PREFIX_PATH=${CMAKE_PREFIX_PATH}:/workspace/ros2_ws/install/yolo_ros:/workspace/ros2_ws/install/teleop_safety:/workspace/ros2_ws/install/open_manipulator_teleop:/workspace/ros2_ws/install/frontman:/workspace/ros2_ws/install/cam2goal:/opt/ros/jazzy /usr/bin/cmake /workspace/manipulator_ws/src/open_manipulator/open_manipulator_collision -DAMENT_CMAKE_SYMLINK_INSTALL=1 -DCMAKE_INSTALL_PREFIX=/workspace/manipulator_ws/src/install/open_manipulator_collision
[0.460s] -- The C compiler identification is GNU 13.3.0
[0.693s] -- The CXX compiler identification is GNU 13.3.0
[0.787s] -- Detecting C compiler ABI info
[1.256s] -- Detecting C compiler ABI info - done
[1.329s] -- Check for working C compiler: /usr/bin/cc - skipped
[1.330s] -- Detecting C compile features
[1.331s] -- Detecting C compile features - done
[1.363s] -- Detecting CXX compiler ABI info
[1.851s] -- Detecting CXX compiler ABI info - done
[1.975s] -- Check for working CXX compiler: /usr/bin/c++ - skipped
[1.975s] -- Detecting CXX compile features
[1.990s] -- Detecting CXX compile features - done
[2.031s] -- Found ament_cmake: 2.5.6 (/opt/ros/jazzy/share/ament_cmake/cmake)
[3.147s] -- Found Python3: /usr/bin/python3 (found version "3.12.3") found components: Interpreter 
[3.476s] -- Override CMake install command with custom implementation using symlinks instead of copying resources
[4.185s] -- Found rclcpp: 28.1.21 (/opt/ros/jazzy/share/rclcpp/cmake)
[4.817s] -- Found rosidl_generator_c: 4.6.9 (/opt/ros/jazzy/share/rosidl_generator_c/cmake)
[4.992s] -- Found rosidl_generator_cpp: 4.6.9 (/opt/ros/jazzy/share/rosidl_generator_cpp/cmake)
[5.232s] -- Using all available rosidl_typesupport_c: rosidl_typesupport_fastrtps_c;rosidl_typesupport_introspection_c
[5.542s] -- Using all available rosidl_typesupport_cpp: rosidl_typesupport_fastrtps_cpp;rosidl_typesupport_introspection_cpp
[6.274s] -- Found rmw_implementation_cmake: 7.3.3 (/opt/ros/jazzy/share/rmw_implementation_cmake/cmake)
[6.350s] -- Found rmw_fastrtps_cpp: 8.4.4 (/opt/ros/jazzy/share/rmw_fastrtps_cpp/cmake)
[6.972s] -- Found OpenSSL: /usr/lib/x86_64-linux-gnu/libcrypto.so (found version "3.0.13")  
[7.071s] -- Found FastRTPS: /opt/ros/jazzy/include (Required is at least version "2.13") 
[7.186s] -- Using RMW implementation 'rmw_fastrtps_cpp' as default
[7.696s] -- Found std_msgs: 5.3.8 (/opt/ros/jazzy/share/std_msgs/cmake)
[7.849s] -- Found sensor_msgs: 5.3.8 (/opt/ros/jazzy/share/sensor_msgs/cmake)
[8.574s] -- Found visualization_msgs: 5.3.8 (/opt/ros/jazzy/share/visualization_msgs/cmake)
[8.811s] -- Found kdl_parser: 2.11.0 (/opt/ros/jazzy/share/kdl_parser/cmake)
[8.946s] -- Found eigen3_cmake_module: 0.3.1 (/opt/ros/jazzy/share/eigen3_cmake_module/cmake)
[8.951s] -- Found Eigen3: TRUE (found version "3.4.0") 
[8.956s] -- Ensuring Eigen3 include directory is part of orocos-kdl CMake target
[9.043s] -- Found urdf: 2.10.1 (/opt/ros/jazzy/share/urdf/cmake)
[9.877s] -- Configuring done (9.8s)
[10.066s] -- Generating done (0.1s)
[10.104s] -- Build files have been written to: /workspace/manipulator_ws/src/build/open_manipulator_collision
[10.149s] Invoked command in '/workspace/manipulator_ws/src/build/open_manipulator_collision' returned '0': CMAKE_PREFIX_PATH=${CMAKE_PREFIX_PATH}:/workspace/ros2_ws/install/yolo_ros:/workspace/ros2_ws/install/teleop_safety:/workspace/ros2_ws/install/open_manipulator_teleop:/workspace/ros2_ws/install/frontman:/workspace/ros2_ws/install/cam2goal:/opt/ros/jazzy /usr/bin/cmake /workspace/manipulator_ws/src/open_manipulator/open_manipulator_collision -DAMENT_CMAKE_SYMLINK_INSTALL=1 -DCMAKE_INSTALL_PREFIX=/workspace/manipulator_ws/src/install/open_manipulator_collision
[10.153s] Invoking command in '/workspace/manipulator_ws/src/build/open_manipulator_collision': CMAKE_PREFIX_PATH=${CMAKE_PREFIX_PATH}:/workspace/ros2_ws/install/yolo_ros:/workspace/ros2_ws/install/teleop_safety:/workspace/ros2_ws/install/open_manipulator_teleop:/workspace/ros2_ws/install/frontman:/workspace/ros2_ws/install/cam2goal:/opt/ros/jazzy /usr/bin/cmake --build /workspace/manipulator_ws/src/build/open_manipulator_collision -- -j4 -l4
[10.675s] [ 50%] [32mBuilding CXX object CMakeFiles/self_collision_node.dir/src/self_collision_node.cpp.o[0m
[59.081s] [100%] [32m[1mLinking CXX executable self_collision_node[0m
[61.510s] [100%] Built target self_collision_node
[61.634s] Invoked command in '/workspace/manipulator_ws/src/build/open_manipulator_collision' returned '0': CMAKE_PREFIX_PATH=${CMAKE_PREFIX_PATH}:/workspace/ros2_ws/install/yolo_ros:/workspace/ros2_ws/install/teleop_safety:/workspace/ros2_ws/install/open_manipulator_teleop:/workspace/ros2_ws/install/frontman:/workspace/ros2_ws/install/cam2goal:/opt/ros/jazzy /usr/bin/cmake --build /workspace/manipulator_ws/src/build/open_manipulator_collision -- -j4 -l4
[61.643s] Invoking command in '/workspace/manipulator_ws/src/build/open_manipulator_collision': CMAKE_PREFIX_PATH=${CMAKE_PREFIX_PATH}:/workspace/ros2_ws/install/yolo_ros:/workspace/ros2_ws/install/teleop_safety:/workspace/ros2_ws/install/open_manipulator_teleop:/workspace/ros2_ws/install/frontman:/workspace/ros2_ws/install/cam2goal:/opt/ros/jazzy /usr/bin/cmake --install /workspace/manipulator_ws/src/build/open_manipulator_collision
[61.722s] -- Install configuration: ""
[61.734s] -- Execute custom install script
[61.745s] -- Symlinking: /workspace/manipulator_ws/src/install/open_manipulator_collision/lib/open_manipulator_collision/self_collision_node
[61.780s] -- Symlinking: /workspace/manipulator_ws/src/install/open_manipulator_collision/include//open_manipulator_collision/self_collision_node.hpp
[61.833s] -- Symlinking: /workspace/manipulator_ws/src/install/open_manipulator_collision/share/open_manipulator_collision/self_collision.launch.py
[61.933s] -- Symlinking: /workspace/manipulator_ws/src/install/open_manipulator_collision/share/open_manipulator_collision/environment/library_path.sh
[62.034s] -- Symlinking: /workspace/manipulator_ws/src/install/open_manipulator_collision/share/open_manipulator_collision/environment/library_path.dsv
[62.125s] -- Symlinking: /workspace/manipulator_ws/src/install/open_manipulator_collision/share/ament_index/resource_index/package_run_dependencies/open_manipulator_collision
[62.228s] -- Symlinking: /workspace/manipulator_ws/src/install/open_manipulator_collision/share/ament_index/resource_index/parent_prefix_path/open_manipulator_collision
[62.324s] -- Symlinking: /workspace/manipulator_ws/src/install/open_manipulator_collision/share/open_manipulator_collision/environment/ament_prefix_path.sh
[62.441s] -- Symlinking: /workspace/manipulator_ws/src/install/open_manipulator_collision/share/open_manipulator_collision/environment/ament_prefix_path.dsv
[62.548s] -- Symlinking: /workspace/manipulator_ws/src/install/open_manipulator_collision/share/open_manipulator_collision/environment/path.sh
[62.664s] -- Symlinking: /workspace/manipulator_ws/src/install/open_manipulator_collision/share/open_manipulator_collision/environment/path.dsv
[62.753s] -- Symlinking: /workspace/manipulator_ws/src/install/open_manipulator_collision/share/open_manipulator_collision/local_setup.bash
[62.823s] -- Symlinking: /workspace/manipulator_ws/src/install/open_manipulator_collision/share/open_manipulator_collision/local_setup.sh
[62.928s] -- Symlinking: /workspace/manipulator_ws/src/install/open_manipulator_collision/share/open_manipulator_collision/local_setup.zsh
[62.997s] -- Symlinking: /workspace/manipulator_ws/src/install/open_manipulator_collision/share/open_manipulator_collision/local_setup.dsv
[63.022s] -- Symlinking: /workspace/manipulator_ws/src/install/open_manipulator_collision/share/open_manipulator_collision/package.dsv
[63.042s] -- Symlinking: /workspace/manipulator_ws/src/install/open_manipulator_collision/share/ament_index/resource_index/packages/open_manipulator_collision
[63.062s] -- Symlinking: /workspace/manipulator_ws/src/install/open_manipulator_collision/share/open_manipulator_collision/cmake/ament_cmake_export_dependencies-extras.cmake
[63.119s] -- Symlinking: /workspace/manipulator_ws/src/install/open_manipulator_collision/share/open_manipulator_collision/cmake/ament_cmake_export_include_directories-extras.cmake
[63.189s] -- Symlinking: /workspace/manipulator_ws/src/install/open_manipulator_collision/share/open_manipulator_collision/cmake/ament_cmake_export_libraries-extras.cmake
[63.247s] -- Symlinking: /workspace/manipulator_ws/src/install/open_manipulator_collision/share/open_manipulator_collision/cmake/open_manipulator_collisionConfig.cmake
[63.287s] -- Symlinking: /workspace/manipulator_ws/src/install/open_manipulator_collision/share/open_manipulator_collision/cmake/open_manipulator_collisionConfig-version.cmake
[63.361s] -- Symlinking: /workspace/manipulator_ws/src/install/open_manipulator_collision/share/open_manipulator_collision/package.xml
[63.446s] Invoked command in '/workspace/manipulator_ws/src/build/open_manipulator_collision' returned '0': CMAKE_PREFIX_PATH=${CMAKE_PREFIX_PATH}:/workspace/ros2_ws/install/yolo_ros:/workspace/ros2_ws/install/teleop_safety:/workspace/ros2_ws/install/open_manipulator_teleop:/workspace/ros2_ws/install/frontman:/workspace/ros2_ws/install/cam2goal:/opt/ros/jazzy /usr/bin/cmake --install /workspace/manipulator_ws/src/build/open_manipulator_collision
