[0.038s] Invoking command in '/workspace/manipulator_ws/src/build/dynamixel_interfaces': CMAKE_PREFIX_PATH=${CMAKE_PREFIX_PATH}:/workspace/ros2_ws/install/yolo_ros:/workspace/ros2_ws/install/teleop_safety:/workspace/ros2_ws/install/open_manipulator_teleop:/workspace/ros2_ws/install/frontman:/workspace/ros2_ws/install/cam2goal:/opt/ros/jazzy /usr/bin/cmake /workspace/manipulator_ws/src/dynamixel_interfaces -DAMENT_CMAKE_SYMLINK_INSTALL=1 -DCMAKE_INSTALL_PREFIX=/workspace/manipulator_ws/src/install/dynamixel_interfaces
[0.274s] -- The C compiler identification is GNU 13.3.0
[0.459s] -- The CXX compiler identification is GNU 13.3.0
[0.497s] -- Detecting C compiler ABI info
[0.845s] -- Detecting C compiler ABI info - done
[0.884s] -- Check for working C compiler: /usr/bin/cc - skipped
[0.885s] -- Detecting C compile features
[0.885s] -- Detecting C compile features - done
[0.928s] -- Detecting CXX compiler ABI info
[1.321s] -- Detecting CXX compiler ABI info - done
[1.396s] -- Check for working CXX compiler: /usr/bin/c++ - skipped
[1.396s] -- Detecting CXX compile features
[1.396s] -- Detecting CXX compile features - done
[1.415s] -- Found ament_cmake: 2.5.6 (/opt/ros/jazzy/share/ament_cmake/cmake)
[2.201s] -- Found Python3: /usr/bin/python3 (found version "3.12.3") found components: Interpreter 
[2.399s] -- Override CMake install command with custom implementation using symlinks instead of copying resources
[2.748s] -- Found std_msgs: 5.3.8 (/opt/ros/jazzy/share/std_msgs/cmake)
[3.129s] -- Found rosidl_generator_c: 4.6.9 (/opt/ros/jazzy/share/rosidl_generator_c/cmake)
[3.234s] -- Found rosidl_generator_cpp: 4.6.9 (/opt/ros/jazzy/share/rosidl_generator_cpp/cmake)
[3.336s] -- Using all available rosidl_typesupport_c: rosidl_typesupport_fastrtps_c;rosidl_typesupport_introspection_c
[3.446s] -- Using all available rosidl_typesupport_cpp: rosidl_typesupport_fastrtps_cpp;rosidl_typesupport_introspection_cpp
[3.695s] -- Found geometry_msgs: 5.3.8 (/opt/ros/jazzy/share/geometry_msgs/cmake)
[3.890s] -- Found rosidl_default_generators: 1.6.1 (/opt/ros/jazzy/share/rosidl_default_generators/cmake)
[4.305s] -- Found rosidl_adapter: 4.6.9 (/opt/ros/jazzy/share/rosidl_adapter/cmake)
[8.415s] -- Found ament_cmake_ros: 0.12.1 (/opt/ros/jazzy/share/ament_cmake_ros/cmake)
[13.517s] -- Using all available rosidl_typesupport_c: rosidl_typesupport_fastrtps_c;rosidl_typesupport_introspection_c
[14.729s] -- Using all available rosidl_typesupport_cpp: rosidl_typesupport_fastrtps_cpp;rosidl_typesupport_introspection_cpp
[14.748s] -- Found python_cmake_module: 0.11.1 (/opt/ros/jazzy/share/python_cmake_module/cmake)
[15.310s] -- Found PythonExtra: /usr/bin/python3  
[16.798s] -- Found Python3: /usr/bin/python3 (found version "3.12.3") found components: Interpreter Development NumPy Development.Module Development.Embed 
[17.529s] -- Found Python3: /usr/bin/python3 (found version "3.12.3") found components: Interpreter 
[17.560s] -- Found ament_lint_auto: 0.17.5 (/opt/ros/jazzy/share/ament_lint_auto/cmake)
[17.995s] -- Added test 'copyright' to check source files copyright and LICENSE
[18.033s] -- Added test 'lint_cmake' to check CMake code style
[18.047s] -- Added test 'xmllint' to check XML markup files
[18.092s] -- Configuring done (18.0s)
[18.338s] -- Generating done (0.2s)
[18.391s] -- Build files have been written to: /workspace/manipulator_ws/src/build/dynamixel_interfaces
[18.443s] Invoked command in '/workspace/manipulator_ws/src/build/dynamixel_interfaces' returned '0': CMAKE_PREFIX_PATH=${CMAKE_PREFIX_PATH}:/workspace/ros2_ws/install/yolo_ros:/workspace/ros2_ws/install/teleop_safety:/workspace/ros2_ws/install/open_manipulator_teleop:/workspace/ros2_ws/install/frontman:/workspace/ros2_ws/install/cam2goal:/opt/ros/jazzy /usr/bin/cmake /workspace/manipulator_ws/src/dynamixel_interfaces -DAMENT_CMAKE_SYMLINK_INSTALL=1 -DCMAKE_INSTALL_PREFIX=/workspace/manipulator_ws/src/install/dynamixel_interfaces
[18.443s] Invoking command in '/workspace/manipulator_ws/src/build/dynamixel_interfaces': CMAKE_PREFIX_PATH=${CMAKE_PREFIX_PATH}:/workspace/ros2_ws/install/yolo_ros:/workspace/ros2_ws/install/teleop_safety:/workspace/ros2_ws/install/open_manipulator_teleop:/workspace/ros2_ws/install/frontman:/workspace/ros2_ws/install/cam2goal:/opt/ros/jazzy /usr/bin/cmake --build /workspace/manipulator_ws/src/build/dynamixel_interfaces -- -j4 -l4
[18.825s] [  1%] [34m[1mGenerating Rust code for ROS interfaces[0m
[20.776s] [  1%] Built target dynamixel_interfaces__rs
[20.925s] [  1%] Built target ament_cmake_python_symlink_dynamixel_interfaces
[20.997s] [  3%] [34m[1mGenerating type hashes for ROS interfaces[0m
[23.035s] [  3%] Built target dynamixel_interfaces__rosidl_generator_type_description
[23.792s] running egg_info
[23.794s] creating dynamixel_interfaces.egg-info
[23.871s] writing dynamixel_interfaces.egg-info/PKG-INFO
[23.872s] writing dependency_links to dynamixel_interfaces.egg-info/dependency_links.txt
[23.874s] writing top-level names to dynamixel_interfaces.egg-info/top_level.txt
[23.877s] writing manifest file 'dynamixel_interfaces.egg-info/SOURCES.txt'
[24.236s] reading manifest file 'dynamixel_interfaces.egg-info/SOURCES.txt'
[24.236s] writing manifest file 'dynamixel_interfaces.egg-info/SOURCES.txt'
[24.318s] [  3%] Built target ament_cmake_python_build_dynamixel_interfaces_egg
[24.414s] [  4%] [34m[1mGenerating C++ code for ROS interfaces[0m
[27.627s] [  4%] Built target dynamixel_interfaces__cpp
[27.679s] [  6%] [34m[1mGenerating C code for ROS interfaces[0m
[31.490s] [  7%] [32mBuilding C object CMakeFiles/dynamixel_interfaces__rosidl_generator_c.dir/rosidl_generator_c/dynamixel_interfaces/msg/detail/dynamixel_state__description.c.o[0m
[31.696s] [  9%] [32mBuilding C object CMakeFiles/dynamixel_interfaces__rosidl_generator_c.dir/rosidl_generator_c/dynamixel_interfaces/srv/detail/get_data_from_dxl__description.c.o[0m
[31.876s] [ 10%] [32mBuilding C object CMakeFiles/dynamixel_interfaces__rosidl_generator_c.dir/rosidl_generator_c/dynamixel_interfaces/srv/detail/get_data_from_dxl__functions.c.o[0m
[32.159s] [ 12%] [32mBuilding C object CMakeFiles/dynamixel_interfaces__rosidl_generator_c.dir/rosidl_generator_c/dynamixel_interfaces/srv/detail/get_data_from_dxl__type_support.c.o[0m
[32.282s] [ 13%] [32mBuilding C object CMakeFiles/dynamixel_interfaces__rosidl_generator_c.dir/rosidl_generator_c/dynamixel_interfaces/srv/detail/set_data_to_dxl__description.c.o[0m
[32.537s] [ 15%] [32mBuilding C object CMakeFiles/dynamixel_interfaces__rosidl_generator_c.dir/rosidl_generator_c/dynamixel_interfaces/srv/detail/set_data_to_dxl__functions.c.o[0m
[32.801s] [ 16%] [32mBuilding C object CMakeFiles/dynamixel_interfaces__rosidl_generator_c.dir/rosidl_generator_c/dynamixel_interfaces/srv/detail/set_data_to_dxl__type_support.c.o[0m
[33.050s] [ 18%] [32mBuilding C object CMakeFiles/dynamixel_interfaces__rosidl_generator_c.dir/rosidl_generator_c/dynamixel_interfaces/srv/detail/reboot_dxl__description.c.o[0m
[33.325s] [ 20%] [32mBuilding C object CMakeFiles/dynamixel_interfaces__rosidl_generator_c.dir/rosidl_generator_c/dynamixel_interfaces/srv/detail/reboot_dxl__functions.c.o[0m
[33.547s] [ 21%] [32mBuilding C object CMakeFiles/dynamixel_interfaces__rosidl_generator_c.dir/rosidl_generator_c/dynamixel_interfaces/srv/detail/reboot_dxl__type_support.c.o[0m
[33.764s] [ 23%] [32mBuilding C object CMakeFiles/dynamixel_interfaces__rosidl_generator_c.dir/rosidl_generator_c/dynamixel_interfaces/msg/detail/dynamixel_state__type_support.c.o[0m
[33.863s] [ 24%] [32mBuilding C object CMakeFiles/dynamixel_interfaces__rosidl_generator_c.dir/rosidl_generator_c/dynamixel_interfaces/msg/detail/dynamixel_state__functions.c.o[0m
[34.001s] [ 26%] [32m[1mLinking C shared library libdynamixel_interfaces__rosidl_generator_c.so[0m
[34.119s] [ 26%] Built target dynamixel_interfaces__rosidl_generator_c
[34.175s] [ 27%] [34m[1mGenerating C type support for eProsima Fast-RTPS[0m
[36.529s] [ 29%] [32mBuilding CXX object CMakeFiles/dynamixel_interfaces__rosidl_typesupport_fastrtps_c.dir/rosidl_typesupport_fastrtps_c/dynamixel_interfaces/msg/detail/dynamixel_state__type_support_c.cpp.o[0m
[37.933s] [ 30%] [32mBuilding CXX object CMakeFiles/dynamixel_interfaces__rosidl_typesupport_fastrtps_c.dir/rosidl_typesupport_fastrtps_c/dynamixel_interfaces/srv/detail/get_data_from_dxl__type_support_c.cpp.o[0m
[39.652s] [ 32%] [32mBuilding CXX object CMakeFiles/dynamixel_interfaces__rosidl_typesupport_fastrtps_c.dir/rosidl_typesupport_fastrtps_c/dynamixel_interfaces/srv/detail/set_data_to_dxl__type_support_c.cpp.o[0m
[42.123s] [ 33%] [32mBuilding CXX object CMakeFiles/dynamixel_interfaces__rosidl_typesupport_fastrtps_c.dir/rosidl_typesupport_fastrtps_c/dynamixel_interfaces/srv/detail/reboot_dxl__type_support_c.cpp.o[0m
[43.640s] [ 35%] [32m[1mLinking CXX shared library libdynamixel_interfaces__rosidl_typesupport_fastrtps_c.so[0m
[44.008s] [ 35%] Built target dynamixel_interfaces__rosidl_typesupport_fastrtps_c
[44.042s] [ 36%] [34m[1mGenerating C type support dispatch for ROS interfaces[0m
[45.815s] [ 38%] [32mBuilding CXX object CMakeFiles/dynamixel_interfaces__rosidl_typesupport_c.dir/rosidl_typesupport_c/dynamixel_interfaces/msg/dynamixel_state__type_support.cpp.o[0m
[46.048s] [ 40%] [32mBuilding CXX object CMakeFiles/dynamixel_interfaces__rosidl_typesupport_c.dir/rosidl_typesupport_c/dynamixel_interfaces/srv/get_data_from_dxl__type_support.cpp.o[0m
[46.275s] [ 41%] [32mBuilding CXX object CMakeFiles/dynamixel_interfaces__rosidl_typesupport_c.dir/rosidl_typesupport_c/dynamixel_interfaces/srv/set_data_to_dxl__type_support.cpp.o[0m
[46.511s] [ 43%] [32mBuilding CXX object CMakeFiles/dynamixel_interfaces__rosidl_typesupport_c.dir/rosidl_typesupport_c/dynamixel_interfaces/srv/reboot_dxl__type_support.cpp.o[0m
[46.640s] [ 44%] [32m[1mLinking CXX shared library libdynamixel_interfaces__rosidl_typesupport_c.so[0m
[46.748s] [ 44%] Built target dynamixel_interfaces__rosidl_typesupport_c
[46.776s] [ 46%] [34m[1mGenerating C++ introspection for ROS interfaces[0m
[48.951s] [ 47%] [32mBuilding CXX object CMakeFiles/dynamixel_interfaces__rosidl_typesupport_introspection_cpp.dir/rosidl_typesupport_introspection_cpp/dynamixel_interfaces/msg/detail/dynamixel_state__type_support.cpp.o[0m
[52.238s] [ 49%] [32mBuilding CXX object CMakeFiles/dynamixel_interfaces__rosidl_typesupport_introspection_cpp.dir/rosidl_typesupport_introspection_cpp/dynamixel_interfaces/srv/detail/get_data_from_dxl__type_support.cpp.o[0m
[54.534s] [ 50%] [32mBuilding CXX object CMakeFiles/dynamixel_interfaces__rosidl_typesupport_introspection_cpp.dir/rosidl_typesupport_introspection_cpp/dynamixel_interfaces/srv/detail/set_data_to_dxl__type_support.cpp.o[0m
[56.340s] [ 52%] [32mBuilding CXX object CMakeFiles/dynamixel_interfaces__rosidl_typesupport_introspection_cpp.dir/rosidl_typesupport_introspection_cpp/dynamixel_interfaces/srv/detail/reboot_dxl__type_support.cpp.o[0m
[57.638s] [ 53%] [32m[1mLinking CXX shared library libdynamixel_interfaces__rosidl_typesupport_introspection_cpp.so[0m
[57.859s] [ 53%] Built target dynamixel_interfaces__rosidl_typesupport_introspection_cpp
[57.918s] [ 55%] [34m[1mGenerating C++ type support dispatch for ROS interfaces[0m
[59.739s] [ 56%] [32mBuilding CXX object CMakeFiles/dynamixel_interfaces__rosidl_typesupport_cpp.dir/rosidl_typesupport_cpp/dynamixel_interfaces/msg/dynamixel_state__type_support.cpp.o[0m
[60.962s] [ 58%] [32mBuilding CXX object CMakeFiles/dynamixel_interfaces__rosidl_typesupport_cpp.dir/rosidl_typesupport_cpp/dynamixel_interfaces/srv/get_data_from_dxl__type_support.cpp.o[0m
[62.241s] [ 60%] [32mBuilding CXX object CMakeFiles/dynamixel_interfaces__rosidl_typesupport_cpp.dir/rosidl_typesupport_cpp/dynamixel_interfaces/srv/set_data_to_dxl__type_support.cpp.o[0m
[63.704s] [ 61%] [32mBuilding CXX object CMakeFiles/dynamixel_interfaces__rosidl_typesupport_cpp.dir/rosidl_typesupport_cpp/dynamixel_interfaces/srv/reboot_dxl__type_support.cpp.o[0m
[65.484s] [ 63%] [32m[1mLinking CXX shared library libdynamixel_interfaces__rosidl_typesupport_cpp.so[0m
[65.728s] [ 63%] Built target dynamixel_interfaces__rosidl_typesupport_cpp
[65.773s] [ 64%] [34m[1mGenerating C introspection for ROS interfaces[0m
[67.484s] [ 66%] [32mBuilding C object CMakeFiles/dynamixel_interfaces__rosidl_typesupport_introspection_c.dir/rosidl_typesupport_introspection_c/dynamixel_interfaces/msg/detail/dynamixel_state__type_support.c.o[0m
[67.650s] [ 67%] [32mBuilding C object CMakeFiles/dynamixel_interfaces__rosidl_typesupport_introspection_c.dir/rosidl_typesupport_introspection_c/dynamixel_interfaces/srv/detail/set_data_to_dxl__type_support.c.o[0m
[67.876s] [ 69%] [32mBuilding C object CMakeFiles/dynamixel_interfaces__rosidl_typesupport_introspection_c.dir/rosidl_typesupport_introspection_c/dynamixel_interfaces/srv/detail/reboot_dxl__type_support.c.o[0m
[68.013s] [ 70%] [32mBuilding C object CMakeFiles/dynamixel_interfaces__rosidl_typesupport_introspection_c.dir/rosidl_typesupport_introspection_c/dynamixel_interfaces/srv/detail/get_data_from_dxl__type_support.c.o[0m
[68.228s] [ 72%] [32m[1mLinking C shared library libdynamixel_interfaces__rosidl_typesupport_introspection_c.so[0m
[68.308s] [ 72%] Built target dynamixel_interfaces__rosidl_typesupport_introspection_c
[68.334s] [ 73%] [34m[1mGenerating C++ type support for eProsima Fast-RTPS[0m
[71.330s] [ 75%] [32mBuilding CXX object CMakeFiles/dynamixel_interfaces__rosidl_typesupport_fastrtps_cpp.dir/rosidl_typesupport_fastrtps_cpp/dynamixel_interfaces/msg/detail/dds_fastrtps/dynamixel_state__type_support.cpp.o[0m
[73.047s] [ 76%] [32mBuilding CXX object CMakeFiles/dynamixel_interfaces__rosidl_typesupport_fastrtps_cpp.dir/rosidl_typesupport_fastrtps_cpp/dynamixel_interfaces/srv/detail/dds_fastrtps/reboot_dxl__type_support.cpp.o[0m
[75.067s] [ 78%] [32mBuilding CXX object CMakeFiles/dynamixel_interfaces__rosidl_typesupport_fastrtps_cpp.dir/rosidl_typesupport_fastrtps_cpp/dynamixel_interfaces/srv/detail/dds_fastrtps/set_data_to_dxl__type_support.cpp.o[0m
[77.322s] [ 80%] [32mBuilding CXX object CMakeFiles/dynamixel_interfaces__rosidl_typesupport_fastrtps_cpp.dir/rosidl_typesupport_fastrtps_cpp/dynamixel_interfaces/srv/detail/dds_fastrtps/get_data_from_dxl__type_support.cpp.o[0m
[79.137s] [ 81%] [32m[1mLinking CXX shared library libdynamixel_interfaces__rosidl_typesupport_fastrtps_cpp.so[0m
[79.423s] [ 81%] Built target dynamixel_interfaces__rosidl_typesupport_fastrtps_cpp
[79.591s] [ 81%] Built target dynamixel_interfaces
[79.740s] [ 83%] [34m[1mGenerating Python code for ROS interfaces[0m
[85.111s] [ 83%] Built target dynamixel_interfaces__py
[85.298s] [ 84%] [32mBuilding C object CMakeFiles/dynamixel_interfaces__rosidl_generator_py.dir/rosidl_generator_py/dynamixel_interfaces/msg/_dynamixel_state_s.c.o[0m
[86.508s] [ 86%] [32mBuilding C object CMakeFiles/dynamixel_interfaces__rosidl_generator_py.dir/rosidl_generator_py/dynamixel_interfaces/srv/_reboot_dxl_s.c.o[0m
[86.942s] [ 87%] [32mBuilding C object CMakeFiles/dynamixel_interfaces__rosidl_generator_py.dir/rosidl_generator_py/dynamixel_interfaces/srv/_set_data_to_dxl_s.c.o[0m
[87.603s] [ 89%] [32mBuilding C object CMakeFiles/dynamixel_interfaces__rosidl_generator_py.dir/rosidl_generator_py/dynamixel_interfaces/srv/_get_data_from_dxl_s.c.o[0m
[88.098s] [ 90%] [32m[1mLinking C shared library libdynamixel_interfaces__rosidl_generator_py.so[0m
[88.299s] [ 90%] Built target dynamixel_interfaces__rosidl_generator_py
[88.442s] [ 92%] [32mBuilding C object CMakeFiles/dynamixel_interfaces_s__rosidl_typesupport_fastrtps_c.dir/rosidl_generator_py/dynamixel_interfaces/_dynamixel_interfaces_s.ep.rosidl_typesupport_fastrtps_c.c.o[0m
[88.957s] [ 93%] [32m[1mLinking C shared module rosidl_generator_py/dynamixel_interfaces/dynamixel_interfaces_s__rosidl_typesupport_fastrtps_c.so[0m
[89.291s] [ 93%] Built target dynamixel_interfaces_s__rosidl_typesupport_fastrtps_c
[89.428s] [ 95%] [32mBuilding C object CMakeFiles/dynamixel_interfaces_s__rosidl_typesupport_c.dir/rosidl_generator_py/dynamixel_interfaces/_dynamixel_interfaces_s.ep.rosidl_typesupport_c.c.o[0m
[90.045s] [ 96%] [32m[1mLinking C shared module rosidl_generator_py/dynamixel_interfaces/dynamixel_interfaces_s__rosidl_typesupport_c.so[0m
[90.141s] [ 96%] Built target dynamixel_interfaces_s__rosidl_typesupport_c
[90.323s] [ 98%] [32mBuilding C object CMakeFiles/dynamixel_interfaces_s__rosidl_typesupport_introspection_c.dir/rosidl_generator_py/dynamixel_interfaces/_dynamixel_interfaces_s.ep.rosidl_typesupport_introspection_c.c.o[0m
[91.055s] [100%] [32m[1mLinking C shared module rosidl_generator_py/dynamixel_interfaces/dynamixel_interfaces_s__rosidl_typesupport_introspection_c.so[0m
[91.301s] [100%] Built target dynamixel_interfaces_s__rosidl_typesupport_introspection_c
[91.364s] Invoked command in '/workspace/manipulator_ws/src/build/dynamixel_interfaces' returned '0': CMAKE_PREFIX_PATH=${CMAKE_PREFIX_PATH}:/workspace/ros2_ws/install/yolo_ros:/workspace/ros2_ws/install/teleop_safety:/workspace/ros2_ws/install/open_manipulator_teleop:/workspace/ros2_ws/install/frontman:/workspace/ros2_ws/install/cam2goal:/opt/ros/jazzy /usr/bin/cmake --build /workspace/manipulator_ws/src/build/dynamixel_interfaces -- -j4 -l4
[91.367s] Invoking command in '/workspace/manipulator_ws/src/build/dynamixel_interfaces': CMAKE_PREFIX_PATH=${CMAKE_PREFIX_PATH}:/workspace/ros2_ws/install/yolo_ros:/workspace/ros2_ws/install/teleop_safety:/workspace/ros2_ws/install/open_manipulator_teleop:/workspace/ros2_ws/install/frontman:/workspace/ros2_ws/install/cam2goal:/opt/ros/jazzy /usr/bin/cmake --install /workspace/manipulator_ws/src/build/dynamixel_interfaces
[91.431s] -- Install configuration: ""
[91.436s] -- Execute custom install script
[91.440s] -- Symlinking: /workspace/manipulator_ws/src/install/dynamixel_interfaces/share/ament_index/resource_index/rosidl_interfaces/dynamixel_interfaces
[91.488s] -- Symlinking: /workspace/manipulator_ws/src/install/dynamixel_interfaces/share/dynamixel_interfaces/msg/DynamixelState.json
[91.556s] -- Symlinking: /workspace/manipulator_ws/src/install/dynamixel_interfaces/share/dynamixel_interfaces/srv/GetDataFromDxl.json
[91.629s] -- Symlinking: /workspace/manipulator_ws/src/install/dynamixel_interfaces/share/dynamixel_interfaces/srv/SetDataToDxl.json
[91.669s] -- Symlinking: /workspace/manipulator_ws/src/install/dynamixel_interfaces/share/dynamixel_interfaces/srv/RebootDxl.json
[91.693s] -- Symlinking: /workspace/manipulator_ws/src/install/dynamixel_interfaces/include/dynamixel_interfaces/dynamixel_interfaces/msg/detail/dynamixel_state__functions.h
[91.822s] -- Symlinking: /workspace/manipulator_ws/src/install/dynamixel_interfaces/include/dynamixel_interfaces/dynamixel_interfaces/msg/detail/dynamixel_state__struct.h
[91.845s] -- Symlinking: /workspace/manipulator_ws/src/install/dynamixel_interfaces/include/dynamixel_interfaces/dynamixel_interfaces/msg/detail/dynamixel_state__type_support.h
[91.871s] -- Symlinking: /workspace/manipulator_ws/src/install/dynamixel_interfaces/include/dynamixel_interfaces/dynamixel_interfaces/msg/dynamixel_state.h
[91.894s] -- Symlinking: /workspace/manipulator_ws/src/install/dynamixel_interfaces/include/dynamixel_interfaces/dynamixel_interfaces/msg/rosidl_generator_c__visibility_control.h
[91.944s] -- Symlinking: /workspace/manipulator_ws/src/install/dynamixel_interfaces/include/dynamixel_interfaces/dynamixel_interfaces/srv/detail/get_data_from_dxl__functions.h
[91.978s] -- Symlinking: /workspace/manipulator_ws/src/install/dynamixel_interfaces/include/dynamixel_interfaces/dynamixel_interfaces/srv/detail/get_data_from_dxl__struct.h
[92.035s] -- Symlinking: /workspace/manipulator_ws/src/install/dynamixel_interfaces/include/dynamixel_interfaces/dynamixel_interfaces/srv/detail/get_data_from_dxl__type_support.h
[92.095s] -- Symlinking: /workspace/manipulator_ws/src/install/dynamixel_interfaces/include/dynamixel_interfaces/dynamixel_interfaces/srv/detail/reboot_dxl__functions.h
[92.168s] -- Symlinking: /workspace/manipulator_ws/src/install/dynamixel_interfaces/include/dynamixel_interfaces/dynamixel_interfaces/srv/detail/reboot_dxl__struct.h
[92.224s] -- Symlinking: /workspace/manipulator_ws/src/install/dynamixel_interfaces/include/dynamixel_interfaces/dynamixel_interfaces/srv/detail/reboot_dxl__type_support.h
[92.278s] -- Symlinking: /workspace/manipulator_ws/src/install/dynamixel_interfaces/include/dynamixel_interfaces/dynamixel_interfaces/srv/detail/set_data_to_dxl__functions.h
[92.347s] -- Symlinking: /workspace/manipulator_ws/src/install/dynamixel_interfaces/include/dynamixel_interfaces/dynamixel_interfaces/srv/detail/set_data_to_dxl__struct.h
[92.402s] -- Symlinking: /workspace/manipulator_ws/src/install/dynamixel_interfaces/include/dynamixel_interfaces/dynamixel_interfaces/srv/detail/set_data_to_dxl__type_support.h
[92.434s] -- Symlinking: /workspace/manipulator_ws/src/install/dynamixel_interfaces/include/dynamixel_interfaces/dynamixel_interfaces/srv/get_data_from_dxl.h
[92.516s] -- Symlinking: /workspace/manipulator_ws/src/install/dynamixel_interfaces/include/dynamixel_interfaces/dynamixel_interfaces/srv/reboot_dxl.h
[92.564s] -- Symlinking: /workspace/manipulator_ws/src/install/dynamixel_interfaces/include/dynamixel_interfaces/dynamixel_interfaces/srv/set_data_to_dxl.h
[92.598s] -- Symlinking: /workspace/manipulator_ws/src/install/dynamixel_interfaces/share/dynamixel_interfaces/environment/library_path.sh
[92.649s] -- Symlinking: /workspace/manipulator_ws/src/install/dynamixel_interfaces/share/dynamixel_interfaces/environment/library_path.dsv
[92.689s] -- Symlinking: /workspace/manipulator_ws/src/install/dynamixel_interfaces/include/dynamixel_interfaces/dynamixel_interfaces/msg/detail/dynamixel_state__rosidl_typesupport_fastrtps_c.h
[92.717s] -- Symlinking: /workspace/manipulator_ws/src/install/dynamixel_interfaces/include/dynamixel_interfaces/dynamixel_interfaces/msg/rosidl_typesupport_fastrtps_c__visibility_control.h
[92.744s] -- Symlinking: /workspace/manipulator_ws/src/install/dynamixel_interfaces/include/dynamixel_interfaces/dynamixel_interfaces/srv/detail/get_data_from_dxl__rosidl_typesupport_fastrtps_c.h
[92.767s] -- Symlinking: /workspace/manipulator_ws/src/install/dynamixel_interfaces/include/dynamixel_interfaces/dynamixel_interfaces/srv/detail/reboot_dxl__rosidl_typesupport_fastrtps_c.h
[92.791s] -- Symlinking: /workspace/manipulator_ws/src/install/dynamixel_interfaces/include/dynamixel_interfaces/dynamixel_interfaces/srv/detail/set_data_to_dxl__rosidl_typesupport_fastrtps_c.h
[92.829s] -- Symlinking: /workspace/manipulator_ws/src/install/dynamixel_interfaces/include/dynamixel_interfaces/dynamixel_interfaces/msg/detail/dynamixel_state__builder.hpp
[92.853s] -- Symlinking: /workspace/manipulator_ws/src/install/dynamixel_interfaces/include/dynamixel_interfaces/dynamixel_interfaces/msg/detail/dynamixel_state__struct.hpp
[92.878s] -- Symlinking: /workspace/manipulator_ws/src/install/dynamixel_interfaces/include/dynamixel_interfaces/dynamixel_interfaces/msg/detail/dynamixel_state__traits.hpp
[92.924s] -- Symlinking: /workspace/manipulator_ws/src/install/dynamixel_interfaces/include/dynamixel_interfaces/dynamixel_interfaces/msg/detail/dynamixel_state__type_support.hpp
[92.971s] -- Symlinking: /workspace/manipulator_ws/src/install/dynamixel_interfaces/include/dynamixel_interfaces/dynamixel_interfaces/msg/dynamixel_state.hpp
[93.024s] -- Symlinking: /workspace/manipulator_ws/src/install/dynamixel_interfaces/include/dynamixel_interfaces/dynamixel_interfaces/msg/rosidl_generator_cpp__visibility_control.hpp
[93.074s] -- Symlinking: /workspace/manipulator_ws/src/install/dynamixel_interfaces/include/dynamixel_interfaces/dynamixel_interfaces/srv/detail/get_data_from_dxl__builder.hpp
[93.129s] -- Symlinking: /workspace/manipulator_ws/src/install/dynamixel_interfaces/include/dynamixel_interfaces/dynamixel_interfaces/srv/detail/get_data_from_dxl__struct.hpp
[93.163s] -- Symlinking: /workspace/manipulator_ws/src/install/dynamixel_interfaces/include/dynamixel_interfaces/dynamixel_interfaces/srv/detail/get_data_from_dxl__traits.hpp
[93.187s] -- Symlinking: /workspace/manipulator_ws/src/install/dynamixel_interfaces/include/dynamixel_interfaces/dynamixel_interfaces/srv/detail/get_data_from_dxl__type_support.hpp
[93.232s] -- Symlinking: /workspace/manipulator_ws/src/install/dynamixel_interfaces/include/dynamixel_interfaces/dynamixel_interfaces/srv/detail/reboot_dxl__builder.hpp
[93.273s] -- Symlinking: /workspace/manipulator_ws/src/install/dynamixel_interfaces/include/dynamixel_interfaces/dynamixel_interfaces/srv/detail/reboot_dxl__struct.hpp
[93.327s] -- Symlinking: /workspace/manipulator_ws/src/install/dynamixel_interfaces/include/dynamixel_interfaces/dynamixel_interfaces/srv/detail/reboot_dxl__traits.hpp
[93.377s] -- Symlinking: /workspace/manipulator_ws/src/install/dynamixel_interfaces/include/dynamixel_interfaces/dynamixel_interfaces/srv/detail/reboot_dxl__type_support.hpp
[93.392s] -- Symlinking: /workspace/manipulator_ws/src/install/dynamixel_interfaces/include/dynamixel_interfaces/dynamixel_interfaces/srv/detail/set_data_to_dxl__builder.hpp
[93.412s] -- Symlinking: /workspace/manipulator_ws/src/install/dynamixel_interfaces/include/dynamixel_interfaces/dynamixel_interfaces/srv/detail/set_data_to_dxl__struct.hpp
[93.436s] -- Symlinking: /workspace/manipulator_ws/src/install/dynamixel_interfaces/include/dynamixel_interfaces/dynamixel_interfaces/srv/detail/set_data_to_dxl__traits.hpp
[93.460s] -- Symlinking: /workspace/manipulator_ws/src/install/dynamixel_interfaces/include/dynamixel_interfaces/dynamixel_interfaces/srv/detail/set_data_to_dxl__type_support.hpp
[93.481s] -- Symlinking: /workspace/manipulator_ws/src/install/dynamixel_interfaces/include/dynamixel_interfaces/dynamixel_interfaces/srv/get_data_from_dxl.hpp
[93.504s] -- Symlinking: /workspace/manipulator_ws/src/install/dynamixel_interfaces/include/dynamixel_interfaces/dynamixel_interfaces/srv/reboot_dxl.hpp
[93.530s] -- Symlinking: /workspace/manipulator_ws/src/install/dynamixel_interfaces/include/dynamixel_interfaces/dynamixel_interfaces/srv/set_data_to_dxl.hpp
[93.558s] -- Symlinking: /workspace/manipulator_ws/src/install/dynamixel_interfaces/include/dynamixel_interfaces/dynamixel_interfaces/msg/detail/dynamixel_state__rosidl_typesupport_fastrtps_cpp.hpp
[93.577s] -- Symlinking: /workspace/manipulator_ws/src/install/dynamixel_interfaces/include/dynamixel_interfaces/dynamixel_interfaces/msg/rosidl_typesupport_fastrtps_cpp__visibility_control.h
[93.597s] -- Symlinking: /workspace/manipulator_ws/src/install/dynamixel_interfaces/include/dynamixel_interfaces/dynamixel_interfaces/srv/detail/get_data_from_dxl__rosidl_typesupport_fastrtps_cpp.hpp
[93.624s] -- Symlinking: /workspace/manipulator_ws/src/install/dynamixel_interfaces/include/dynamixel_interfaces/dynamixel_interfaces/srv/detail/reboot_dxl__rosidl_typesupport_fastrtps_cpp.hpp
[93.647s] -- Symlinking: /workspace/manipulator_ws/src/install/dynamixel_interfaces/include/dynamixel_interfaces/dynamixel_interfaces/srv/detail/set_data_to_dxl__rosidl_typesupport_fastrtps_cpp.hpp
[93.664s] -- Symlinking: /workspace/manipulator_ws/src/install/dynamixel_interfaces/include/dynamixel_interfaces/dynamixel_interfaces/msg/detail/dynamixel_state__rosidl_typesupport_introspection_c.h
[93.704s] -- Symlinking: /workspace/manipulator_ws/src/install/dynamixel_interfaces/include/dynamixel_interfaces/dynamixel_interfaces/msg/rosidl_typesupport_introspection_c__visibility_control.h
[93.751s] -- Symlinking: /workspace/manipulator_ws/src/install/dynamixel_interfaces/include/dynamixel_interfaces/dynamixel_interfaces/srv/detail/get_data_from_dxl__rosidl_typesupport_introspection_c.h
[93.774s] -- Symlinking: /workspace/manipulator_ws/src/install/dynamixel_interfaces/include/dynamixel_interfaces/dynamixel_interfaces/srv/detail/reboot_dxl__rosidl_typesupport_introspection_c.h
[93.801s] -- Symlinking: /workspace/manipulator_ws/src/install/dynamixel_interfaces/include/dynamixel_interfaces/dynamixel_interfaces/srv/detail/set_data_to_dxl__rosidl_typesupport_introspection_c.h
[93.822s] -- Symlinking: /workspace/manipulator_ws/src/install/dynamixel_interfaces/include/dynamixel_interfaces/dynamixel_interfaces/msg/detail/dynamixel_state__rosidl_typesupport_introspection_cpp.hpp
[93.844s] -- Symlinking: /workspace/manipulator_ws/src/install/dynamixel_interfaces/include/dynamixel_interfaces/dynamixel_interfaces/srv/detail/get_data_from_dxl__rosidl_typesupport_introspection_cpp.hpp
[93.875s] -- Symlinking: /workspace/manipulator_ws/src/install/dynamixel_interfaces/include/dynamixel_interfaces/dynamixel_interfaces/srv/detail/reboot_dxl__rosidl_typesupport_introspection_cpp.hpp
[93.918s] -- Symlinking: /workspace/manipulator_ws/src/install/dynamixel_interfaces/include/dynamixel_interfaces/dynamixel_interfaces/srv/detail/set_data_to_dxl__rosidl_typesupport_introspection_cpp.hpp
[94.010s] -- Symlinking: /workspace/manipulator_ws/src/install/dynamixel_interfaces/share/dynamixel_interfaces/environment/pythonpath.sh
[94.057s] -- Symlinking: /workspace/manipulator_ws/src/install/dynamixel_interfaces/share/dynamixel_interfaces/environment/pythonpath.dsv
[94.147s] -- Symlinking: /workspace/manipulator_ws/src/install/dynamixel_interfaces/lib/python3.12/site-packages/dynamixel_interfaces-1.0.1-py3.12.egg-info/PKG-INFO
[94.196s] -- Symlinking: /workspace/manipulator_ws/src/install/dynamixel_interfaces/lib/python3.12/site-packages/dynamixel_interfaces-1.0.1-py3.12.egg-info/SOURCES.txt
[94.217s] -- Symlinking: /workspace/manipulator_ws/src/install/dynamixel_interfaces/lib/python3.12/site-packages/dynamixel_interfaces-1.0.1-py3.12.egg-info/dependency_links.txt
[94.287s] -- Symlinking: /workspace/manipulator_ws/src/install/dynamixel_interfaces/lib/python3.12/site-packages/dynamixel_interfaces-1.0.1-py3.12.egg-info/top_level.txt
[94.371s] -- Symlinking: /workspace/manipulator_ws/src/install/dynamixel_interfaces/lib/python3.12/site-packages/dynamixel_interfaces/__init__.py
[94.427s] -- Symlinking: /workspace/manipulator_ws/src/install/dynamixel_interfaces/lib/python3.12/site-packages/dynamixel_interfaces/_dynamixel_interfaces_s.ep.rosidl_typesupport_c.c
[94.465s] -- Symlinking: /workspace/manipulator_ws/src/install/dynamixel_interfaces/lib/python3.12/site-packages/dynamixel_interfaces/_dynamixel_interfaces_s.ep.rosidl_typesupport_fastrtps_c.c
[94.474s] -- Symlinking: /workspace/manipulator_ws/src/install/dynamixel_interfaces/lib/python3.12/site-packages/dynamixel_interfaces/_dynamixel_interfaces_s.ep.rosidl_typesupport_introspection_c.c
[94.501s] -- Symlinking: /workspace/manipulator_ws/src/install/dynamixel_interfaces/lib/python3.12/site-packages/dynamixel_interfaces/dynamixel_interfaces_s__rosidl_typesupport_c.so
[94.522s] -- Symlinking: /workspace/manipulator_ws/src/install/dynamixel_interfaces/lib/python3.12/site-packages/dynamixel_interfaces/dynamixel_interfaces_s__rosidl_typesupport_fastrtps_c.so
[94.546s] -- Symlinking: /workspace/manipulator_ws/src/install/dynamixel_interfaces/lib/python3.12/site-packages/dynamixel_interfaces/dynamixel_interfaces_s__rosidl_typesupport_introspection_c.so
[94.574s] -- Symlinking: /workspace/manipulator_ws/src/install/dynamixel_interfaces/lib/python3.12/site-packages/dynamixel_interfaces/msg/__init__.py
[94.601s] -- Symlinking: /workspace/manipulator_ws/src/install/dynamixel_interfaces/lib/python3.12/site-packages/dynamixel_interfaces/msg/_dynamixel_state.py
[94.629s] -- Symlinking: /workspace/manipulator_ws/src/install/dynamixel_interfaces/lib/python3.12/site-packages/dynamixel_interfaces/msg/_dynamixel_state_s.c
[94.649s] -- Symlinking: /workspace/manipulator_ws/src/install/dynamixel_interfaces/lib/python3.12/site-packages/dynamixel_interfaces/srv/__init__.py
[94.678s] -- Symlinking: /workspace/manipulator_ws/src/install/dynamixel_interfaces/lib/python3.12/site-packages/dynamixel_interfaces/srv/_get_data_from_dxl.py
[94.696s] -- Symlinking: /workspace/manipulator_ws/src/install/dynamixel_interfaces/lib/python3.12/site-packages/dynamixel_interfaces/srv/_get_data_from_dxl_s.c
[94.737s] -- Symlinking: /workspace/manipulator_ws/src/install/dynamixel_interfaces/lib/python3.12/site-packages/dynamixel_interfaces/srv/_reboot_dxl.py
[94.782s] -- Symlinking: /workspace/manipulator_ws/src/install/dynamixel_interfaces/lib/python3.12/site-packages/dynamixel_interfaces/srv/_reboot_dxl_s.c
[94.848s] -- Symlinking: /workspace/manipulator_ws/src/install/dynamixel_interfaces/lib/python3.12/site-packages/dynamixel_interfaces/srv/_set_data_to_dxl.py
[94.899s] -- Symlinking: /workspace/manipulator_ws/src/install/dynamixel_interfaces/lib/python3.12/site-packages/dynamixel_interfaces/srv/_set_data_to_dxl_s.c
[94.953s] -- Up-to-date symlink: /workspace/manipulator_ws/src/install/dynamixel_interfaces/lib/python3.12/site-packages/dynamixel_interfaces/dynamixel_interfaces_s__rosidl_typesupport_fastrtps_c.so
[94.953s] -- Up-to-date symlink: /workspace/manipulator_ws/src/install/dynamixel_interfaces/lib/python3.12/site-packages/dynamixel_interfaces/dynamixel_interfaces_s__rosidl_typesupport_introspection_c.so
[94.958s] -- Up-to-date symlink: /workspace/manipulator_ws/src/install/dynamixel_interfaces/lib/python3.12/site-packages/dynamixel_interfaces/dynamixel_interfaces_s__rosidl_typesupport_c.so
[94.962s] -- Symlinking: /workspace/manipulator_ws/src/install/dynamixel_interfaces/share/ament_index/resource_index/rust_packages/dynamixel_interfaces
[95.026s] -- Symlinking: /workspace/manipulator_ws/src/install/dynamixel_interfaces/share/dynamixel_interfaces/rust/Cargo.toml
[95.057s] -- Symlinking: /workspace/manipulator_ws/src/install/dynamixel_interfaces/share/dynamixel_interfaces/rust/build.rs
[95.085s] -- Symlinking: /workspace/manipulator_ws/src/install/dynamixel_interfaces/share/dynamixel_interfaces/rust/src/lib.rs
[95.139s] -- Symlinking: /workspace/manipulator_ws/src/install/dynamixel_interfaces/share/dynamixel_interfaces/rust/src/msg.rs
[95.207s] -- Symlinking: /workspace/manipulator_ws/src/install/dynamixel_interfaces/share/dynamixel_interfaces/rust/src/msg/rmw.rs
[95.309s] -- Symlinking: /workspace/manipulator_ws/src/install/dynamixel_interfaces/share/dynamixel_interfaces/rust/src/srv.rs
[95.368s] -- Symlinking: /workspace/manipulator_ws/src/install/dynamixel_interfaces/share/dynamixel_interfaces/rust/src/srv/rmw.rs
[95.429s] -- Symlinking: /workspace/manipulator_ws/src/install/dynamixel_interfaces/share/dynamixel_interfaces/msg/DynamixelState.idl
[95.506s] -- Symlinking: /workspace/manipulator_ws/src/install/dynamixel_interfaces/share/dynamixel_interfaces/srv/GetDataFromDxl.idl
[95.580s] -- Symlinking: /workspace/manipulator_ws/src/install/dynamixel_interfaces/share/dynamixel_interfaces/srv/SetDataToDxl.idl
[95.654s] -- Symlinking: /workspace/manipulator_ws/src/install/dynamixel_interfaces/share/dynamixel_interfaces/srv/RebootDxl.idl
[95.708s] -- Symlinking: /workspace/manipulator_ws/src/install/dynamixel_interfaces/share/dynamixel_interfaces/msg/DynamixelState.msg
[95.762s] -- Symlinking: /workspace/manipulator_ws/src/install/dynamixel_interfaces/share/dynamixel_interfaces/srv/GetDataFromDxl.srv
[95.822s] -- Symlinking: /workspace/manipulator_ws/src/install/dynamixel_interfaces/share/dynamixel_interfaces/srv/SetDataToDxl.srv
[95.893s] -- Symlinking: /workspace/manipulator_ws/src/install/dynamixel_interfaces/share/dynamixel_interfaces/srv/RebootDxl.srv
[95.940s] -- Symlinking: /workspace/manipulator_ws/src/install/dynamixel_interfaces/share/ament_index/resource_index/package_run_dependencies/dynamixel_interfaces
[95.997s] -- Symlinking: /workspace/manipulator_ws/src/install/dynamixel_interfaces/share/ament_index/resource_index/parent_prefix_path/dynamixel_interfaces
[96.045s] -- Symlinking: /workspace/manipulator_ws/src/install/dynamixel_interfaces/share/dynamixel_interfaces/environment/ament_prefix_path.sh
[96.098s] -- Symlinking: /workspace/manipulator_ws/src/install/dynamixel_interfaces/share/dynamixel_interfaces/environment/ament_prefix_path.dsv
[96.150s] -- Symlinking: /workspace/manipulator_ws/src/install/dynamixel_interfaces/share/dynamixel_interfaces/environment/path.sh
[96.201s] -- Symlinking: /workspace/manipulator_ws/src/install/dynamixel_interfaces/share/dynamixel_interfaces/environment/path.dsv
[96.262s] -- Symlinking: /workspace/manipulator_ws/src/install/dynamixel_interfaces/share/dynamixel_interfaces/local_setup.bash
[96.318s] -- Symlinking: /workspace/manipulator_ws/src/install/dynamixel_interfaces/share/dynamixel_interfaces/local_setup.sh
[96.364s] -- Symlinking: /workspace/manipulator_ws/src/install/dynamixel_interfaces/share/dynamixel_interfaces/local_setup.zsh
[96.449s] -- Symlinking: /workspace/manipulator_ws/src/install/dynamixel_interfaces/share/dynamixel_interfaces/local_setup.dsv
[96.475s] -- Symlinking: /workspace/manipulator_ws/src/install/dynamixel_interfaces/share/dynamixel_interfaces/package.dsv
[96.502s] -- Symlinking: /workspace/manipulator_ws/src/install/dynamixel_interfaces/share/ament_index/resource_index/packages/dynamixel_interfaces
[96.524s] -- Symlinking: /workspace/manipulator_ws/src/install/dynamixel_interfaces/share/dynamixel_interfaces/cmake/rosidl_cmake-extras.cmake
[96.547s] -- Symlinking: /workspace/manipulator_ws/src/install/dynamixel_interfaces/share/dynamixel_interfaces/cmake/ament_cmake_export_dependencies-extras.cmake
[96.573s] -- Symlinking: /workspace/manipulator_ws/src/install/dynamixel_interfaces/share/dynamixel_interfaces/cmake/ament_cmake_export_include_directories-extras.cmake
[96.629s] -- Symlinking: /workspace/manipulator_ws/src/install/dynamixel_interfaces/share/dynamixel_interfaces/cmake/ament_cmake_export_libraries-extras.cmake
[96.741s] -- Symlinking: /workspace/manipulator_ws/src/install/dynamixel_interfaces/share/dynamixel_interfaces/cmake/ament_cmake_export_targets-extras.cmake
[96.815s] -- Symlinking: /workspace/manipulator_ws/src/install/dynamixel_interfaces/share/dynamixel_interfaces/cmake/rosidl_cmake_export_typesupport_targets-extras.cmake
[96.922s] -- Symlinking: /workspace/manipulator_ws/src/install/dynamixel_interfaces/share/dynamixel_interfaces/cmake/rosidl_cmake_export_typesupport_libraries-extras.cmake
[97.008s] -- Symlinking: /workspace/manipulator_ws/src/install/dynamixel_interfaces/share/dynamixel_interfaces/cmake/rosidl_cmake_aggregate_target-extras.cmake
[97.083s] -- Symlinking: /workspace/manipulator_ws/src/install/dynamixel_interfaces/share/dynamixel_interfaces/cmake/dynamixel_interfacesConfig.cmake
[97.108s] -- Symlinking: /workspace/manipulator_ws/src/install/dynamixel_interfaces/share/dynamixel_interfaces/cmake/dynamixel_interfacesConfig-version.cmake
[97.135s] -- Symlinking: /workspace/manipulator_ws/src/install/dynamixel_interfaces/share/dynamixel_interfaces/package.xml
[97.159s] -- Installing: /workspace/manipulator_ws/src/install/dynamixel_interfaces/lib/libdynamixel_interfaces__rosidl_generator_c.so
[97.161s] -- Set non-toolchain portion of runtime path of "/workspace/manipulator_ws/src/install/dynamixel_interfaces/lib/libdynamixel_interfaces__rosidl_generator_c.so" to ""
[97.163s] -- Installing: /workspace/manipulator_ws/src/install/dynamixel_interfaces/lib/libdynamixel_interfaces__rosidl_typesupport_fastrtps_c.so
[97.164s] -- Set non-toolchain portion of runtime path of "/workspace/manipulator_ws/src/install/dynamixel_interfaces/lib/libdynamixel_interfaces__rosidl_typesupport_fastrtps_c.so" to ""
[97.167s] -- Installing: /workspace/manipulator_ws/src/install/dynamixel_interfaces/lib/libdynamixel_interfaces__rosidl_typesupport_fastrtps_cpp.so
[97.168s] -- Set non-toolchain portion of runtime path of "/workspace/manipulator_ws/src/install/dynamixel_interfaces/lib/libdynamixel_interfaces__rosidl_typesupport_fastrtps_cpp.so" to ""
[97.168s] -- Installing: /workspace/manipulator_ws/src/install/dynamixel_interfaces/lib/libdynamixel_interfaces__rosidl_typesupport_introspection_c.so
[97.171s] -- Set non-toolchain portion of runtime path of "/workspace/manipulator_ws/src/install/dynamixel_interfaces/lib/libdynamixel_interfaces__rosidl_typesupport_introspection_c.so" to ""
[97.172s] -- Installing: /workspace/manipulator_ws/src/install/dynamixel_interfaces/lib/libdynamixel_interfaces__rosidl_typesupport_c.so
[97.175s] -- Set non-toolchain portion of runtime path of "/workspace/manipulator_ws/src/install/dynamixel_interfaces/lib/libdynamixel_interfaces__rosidl_typesupport_c.so" to ""
[97.176s] -- Installing: /workspace/manipulator_ws/src/install/dynamixel_interfaces/lib/libdynamixel_interfaces__rosidl_typesupport_introspection_cpp.so
[97.180s] -- Set non-toolchain portion of runtime path of "/workspace/manipulator_ws/src/install/dynamixel_interfaces/lib/libdynamixel_interfaces__rosidl_typesupport_introspection_cpp.so" to ""
[97.182s] -- Installing: /workspace/manipulator_ws/src/install/dynamixel_interfaces/lib/libdynamixel_interfaces__rosidl_typesupport_cpp.so
[97.184s] -- Set non-toolchain portion of runtime path of "/workspace/manipulator_ws/src/install/dynamixel_interfaces/lib/libdynamixel_interfaces__rosidl_typesupport_cpp.so" to ""
[97.318s] Listing '/workspace/manipulator_ws/src/install/dynamixel_interfaces/lib/python3.12/site-packages/dynamixel_interfaces'...
[97.318s] Compiling '/workspace/manipulator_ws/src/install/dynamixel_interfaces/lib/python3.12/site-packages/dynamixel_interfaces/__init__.py'...
[97.319s] Listing '/workspace/manipulator_ws/src/install/dynamixel_interfaces/lib/python3.12/site-packages/dynamixel_interfaces/msg'...
[97.319s] Compiling '/workspace/manipulator_ws/src/install/dynamixel_interfaces/lib/python3.12/site-packages/dynamixel_interfaces/msg/__init__.py'...
[97.321s] Compiling '/workspace/manipulator_ws/src/install/dynamixel_interfaces/lib/python3.12/site-packages/dynamixel_interfaces/msg/_dynamixel_state.py'...
[97.322s] Listing '/workspace/manipulator_ws/src/install/dynamixel_interfaces/lib/python3.12/site-packages/dynamixel_interfaces/srv'...
[97.322s] Compiling '/workspace/manipulator_ws/src/install/dynamixel_interfaces/lib/python3.12/site-packages/dynamixel_interfaces/srv/__init__.py'...
[97.322s] Compiling '/workspace/manipulator_ws/src/install/dynamixel_interfaces/lib/python3.12/site-packages/dynamixel_interfaces/srv/_get_data_from_dxl.py'...
[97.323s] Compiling '/workspace/manipulator_ws/src/install/dynamixel_interfaces/lib/python3.12/site-packages/dynamixel_interfaces/srv/_reboot_dxl.py'...
[97.324s] Compiling '/workspace/manipulator_ws/src/install/dynamixel_interfaces/lib/python3.12/site-packages/dynamixel_interfaces/srv/_set_data_to_dxl.py'...
[97.337s] -- Installing: /workspace/manipulator_ws/src/install/dynamixel_interfaces/lib/libdynamixel_interfaces__rosidl_generator_py.so
[97.340s] -- Set non-toolchain portion of runtime path of "/workspace/manipulator_ws/src/install/dynamixel_interfaces/lib/libdynamixel_interfaces__rosidl_generator_py.so" to ""
[97.341s] -- Installing: /workspace/manipulator_ws/src/install/dynamixel_interfaces/share/dynamixel_interfaces/cmake/export_dynamixel_interfaces__rosidl_generator_cExport.cmake
[97.342s] -- Installing: /workspace/manipulator_ws/src/install/dynamixel_interfaces/share/dynamixel_interfaces/cmake/export_dynamixel_interfaces__rosidl_generator_cExport-noconfig.cmake
[97.343s] -- Installing: /workspace/manipulator_ws/src/install/dynamixel_interfaces/share/dynamixel_interfaces/cmake/export_dynamixel_interfaces__rosidl_typesupport_fastrtps_cExport.cmake
[97.344s] -- Installing: /workspace/manipulator_ws/src/install/dynamixel_interfaces/share/dynamixel_interfaces/cmake/export_dynamixel_interfaces__rosidl_typesupport_fastrtps_cExport-noconfig.cmake
[97.345s] -- Installing: /workspace/manipulator_ws/src/install/dynamixel_interfaces/share/dynamixel_interfaces/cmake/export_dynamixel_interfaces__rosidl_generator_cppExport.cmake
[97.345s] -- Installing: /workspace/manipulator_ws/src/install/dynamixel_interfaces/share/dynamixel_interfaces/cmake/export_dynamixel_interfaces__rosidl_typesupport_fastrtps_cppExport.cmake
[97.347s] -- Installing: /workspace/manipulator_ws/src/install/dynamixel_interfaces/share/dynamixel_interfaces/cmake/export_dynamixel_interfaces__rosidl_typesupport_fastrtps_cppExport-noconfig.cmake
[97.348s] -- Installing: /workspace/manipulator_ws/src/install/dynamixel_interfaces/share/dynamixel_interfaces/cmake/dynamixel_interfaces__rosidl_typesupport_introspection_cExport.cmake
[97.349s] -- Installing: /workspace/manipulator_ws/src/install/dynamixel_interfaces/share/dynamixel_interfaces/cmake/dynamixel_interfaces__rosidl_typesupport_introspection_cExport-noconfig.cmake
[97.349s] -- Installing: /workspace/manipulator_ws/src/install/dynamixel_interfaces/share/dynamixel_interfaces/cmake/dynamixel_interfaces__rosidl_typesupport_cExport.cmake
[97.351s] -- Installing: /workspace/manipulator_ws/src/install/dynamixel_interfaces/share/dynamixel_interfaces/cmake/dynamixel_interfaces__rosidl_typesupport_cExport-noconfig.cmake
[97.352s] -- Installing: /workspace/manipulator_ws/src/install/dynamixel_interfaces/share/dynamixel_interfaces/cmake/dynamixel_interfaces__rosidl_typesupport_introspection_cppExport.cmake
[97.353s] -- Installing: /workspace/manipulator_ws/src/install/dynamixel_interfaces/share/dynamixel_interfaces/cmake/dynamixel_interfaces__rosidl_typesupport_introspection_cppExport-noconfig.cmake
[97.354s] -- Installing: /workspace/manipulator_ws/src/install/dynamixel_interfaces/share/dynamixel_interfaces/cmake/dynamixel_interfaces__rosidl_typesupport_cppExport.cmake
[97.356s] -- Installing: /workspace/manipulator_ws/src/install/dynamixel_interfaces/share/dynamixel_interfaces/cmake/dynamixel_interfaces__rosidl_typesupport_cppExport-noconfig.cmake
[97.357s] -- Installing: /workspace/manipulator_ws/src/install/dynamixel_interfaces/share/dynamixel_interfaces/cmake/export_dynamixel_interfaces__rosidl_generator_pyExport.cmake
[97.358s] -- Installing: /workspace/manipulator_ws/src/install/dynamixel_interfaces/share/dynamixel_interfaces/cmake/export_dynamixel_interfaces__rosidl_generator_pyExport-noconfig.cmake
[97.362s] Invoked command in '/workspace/manipulator_ws/src/build/dynamixel_interfaces' returned '0': CMAKE_PREFIX_PATH=${CMAKE_PREFIX_PATH}:/workspace/ros2_ws/install/yolo_ros:/workspace/ros2_ws/install/teleop_safety:/workspace/ros2_ws/install/open_manipulator_teleop:/workspace/ros2_ws/install/frontman:/workspace/ros2_ws/install/cam2goal:/opt/ros/jazzy /usr/bin/cmake --install /workspace/manipulator_ws/src/build/dynamixel_interfaces
