running develop
running egg_info
creating teleop_safety.egg-info
writing teleop_safety.egg-info/PKG-INFO
writing dependency_links to teleop_safety.egg-info/dependency_links.txt
writing entry points to teleop_safety.egg-info/entry_points.txt
writing requirements to teleop_safety.egg-info/requires.txt
writing top-level names to teleop_safety.egg-info/top_level.txt
writing manifest file 'teleop_safety.egg-info/SOURCES.txt'
reading manifest file 'teleop_safety.egg-info/SOURCES.txt'
writing manifest file 'teleop_safety.egg-info/SOURCES.txt'
running build_ext
Creating /workspace/manipulator_ws/src/install/teleop_safety/lib/python3.12/site-packages/teleop-safety.egg-link (link to .)
Installing teleop_safety script to /workspace/manipulator_ws/src/install/teleop_safety/lib/teleop_safety

Installed /workspace/manipulator_ws/src/build/teleop_safety
running symlink_data
creating /workspace/manipulator_ws/src/install/teleop_safety/share/ament_index
creating /workspace/manipulator_ws/src/install/teleop_safety/share/ament_index/resource_index
creating /workspace/manipulator_ws/src/install/teleop_safety/share/ament_index/resource_index/packages
symbolically linking /workspace/manipulator_ws/src/build/teleop_safety/resource/teleop_safety -> /workspace/manipulator_ws/src/install/teleop_safety/share/ament_index/resource_index/packages
symbolically linking /workspace/manipulator_ws/src/build/teleop_safety/package.xml -> /workspace/manipulator_ws/src/install/teleop_safety/share/teleop_safety
