[6.417s] Invoking command in '/workspace/manipulator_ws/src/build/teleop_safety': PYTHONPATH=/workspace/manipulator_ws/src/build/teleop_safety/prefix_override:/usr/lib/python3/dist-packages/colcon_core/task/python/colcon_distutils_commands:/workspace/manipulator_ws/src/install/teleop_safety/lib/python3.12/site-packages:${PYTHONPATH} /usr/bin/python3 -W ignore:setup.py install is deprecated -W ignore:easy_install command is deprecated setup.py develop --editable --build-directory /workspace/manipulator_ws/src/build/teleop_safety/build --no-deps symlink_data
[8.603s] running develop
[9.407s] running egg_info
[9.408s] creating teleop_safety.egg-info
[9.454s] writing teleop_safety.egg-info/PKG-INFO
[9.454s] writing dependency_links to teleop_safety.egg-info/dependency_links.txt
[9.454s] writing entry points to teleop_safety.egg-info/entry_points.txt
[9.455s] writing requirements to teleop_safety.egg-info/requires.txt
[9.455s] writing top-level names to teleop_safety.egg-info/top_level.txt
[9.455s] writing manifest file 'teleop_safety.egg-info/SOURCES.txt'
[9.540s] reading manifest file 'teleop_safety.egg-info/SOURCES.txt'
[9.541s] writing manifest file 'teleop_safety.egg-info/SOURCES.txt'
[9.586s] running build_ext
[9.586s] Creating /workspace/manipulator_ws/src/install/teleop_safety/lib/python3.12/site-packages/teleop-safety.egg-link (link to .)
[9.587s] Installing teleop_safety script to /workspace/manipulator_ws/src/install/teleop_safety/lib/teleop_safety
[9.589s] 
[9.590s] Installed /workspace/manipulator_ws/src/build/teleop_safety
[9.591s] running symlink_data
[9.592s] creating /workspace/manipulator_ws/src/install/teleop_safety/share/ament_index
[9.593s] creating /workspace/manipulator_ws/src/install/teleop_safety/share/ament_index/resource_index
[9.593s] creating /workspace/manipulator_ws/src/install/teleop_safety/share/ament_index/resource_index/packages
[9.594s] symbolically linking /workspace/manipulator_ws/src/build/teleop_safety/resource/teleop_safety -> /workspace/manipulator_ws/src/install/teleop_safety/share/ament_index/resource_index/packages
[9.595s] symbolically linking /workspace/manipulator_ws/src/build/teleop_safety/package.xml -> /workspace/manipulator_ws/src/install/teleop_safety/share/teleop_safety
[9.663s] Invoked command in '/workspace/manipulator_ws/src/build/teleop_safety' returned '0': PYTHONPATH=/workspace/manipulator_ws/src/build/teleop_safety/prefix_override:/usr/lib/python3/dist-packages/colcon_core/task/python/colcon_distutils_commands:/workspace/manipulator_ws/src/install/teleop_safety/lib/python3.12/site-packages:${PYTHONPATH} /usr/bin/python3 -W ignore:setup.py install is deprecated -W ignore:easy_install command is deprecated setup.py develop --editable --build-directory /workspace/manipulator_ws/src/build/teleop_safety/build --no-deps symlink_data
