[0.036s] Invoking command in '/workspace/manipulator_ws/src/build/dynamixel_sdk_custom_interfaces': CMAKE_PREFIX_PATH=${CMAKE_PREFIX_PATH}:/workspace/ros2_ws/install/yolo_ros:/workspace/ros2_ws/install/teleop_safety:/workspace/ros2_ws/install/open_manipulator_teleop:/workspace/ros2_ws/install/frontman:/workspace/ros2_ws/install/cam2goal:/opt/ros/jazzy /usr/bin/cmake /workspace/manipulator_ws/src/DynamixelSDK/ros/dynamixel_sdk_custom_interfaces -DAMENT_CMAKE_SYMLINK_INSTALL=1 -DCMAKE_INSTALL_PREFIX=/workspace/manipulator_ws/src/install/dynamixel_sdk_custom_interfaces
[0.372s] -- The C compiler identification is GNU 13.3.0
[0.661s] -- The CXX compiler identification is GNU 13.3.0
[0.759s] -- Detecting C compiler ABI info
[1.132s] -- Detecting C compiler ABI info - done
[1.183s] -- Check for working C compiler: /usr/bin/cc - skipped
[1.183s] -- Detecting C compile features
[1.183s] -- Detecting C compile features - done
[1.212s] -- Detecting CXX compiler ABI info
[1.595s] -- Detecting CXX compiler ABI info - done
[1.663s] -- Check for working CXX compiler: /usr/bin/c++ - skipped
[1.669s] -- Detecting CXX compile features
[1.671s] -- Detecting CXX compile features - done
[1.690s] -- Found ament_cmake: 2.5.6 (/opt/ros/jazzy/share/ament_cmake/cmake)
[2.336s] -- Found Python3: /usr/bin/python3 (found version "3.12.3") found components: Interpreter 
[2.517s] -- Override CMake install command with custom implementation using symlinks instead of copying resources
[2.832s] -- Found builtin_interfaces: 2.0.4 (/opt/ros/jazzy/share/builtin_interfaces/cmake)
[3.048s] -- Found rosidl_generator_c: 4.6.9 (/opt/ros/jazzy/share/rosidl_generator_c/cmake)
[3.260s] -- Found rosidl_generator_cpp: 4.6.9 (/opt/ros/jazzy/share/rosidl_generator_cpp/cmake)
[3.372s] -- Using all available rosidl_typesupport_c: rosidl_typesupport_fastrtps_c;rosidl_typesupport_introspection_c
[3.474s] -- Using all available rosidl_typesupport_cpp: rosidl_typesupport_fastrtps_cpp;rosidl_typesupport_introspection_cpp
[3.545s] -- Found rosidl_default_generators: 1.6.1 (/opt/ros/jazzy/share/rosidl_default_generators/cmake)
[3.662s] -- Found rosidl_adapter: 4.6.9 (/opt/ros/jazzy/share/rosidl_adapter/cmake)
[5.932s] -- Found ament_cmake_ros: 0.12.1 (/opt/ros/jazzy/share/ament_cmake_ros/cmake)
[8.214s] -- Using all available rosidl_typesupport_c: rosidl_typesupport_fastrtps_c;rosidl_typesupport_introspection_c
[9.176s] -- Using all available rosidl_typesupport_cpp: rosidl_typesupport_fastrtps_cpp;rosidl_typesupport_introspection_cpp
[9.196s] -- Found python_cmake_module: 0.11.1 (/opt/ros/jazzy/share/python_cmake_module/cmake)
[9.653s] -- Found PythonExtra: /usr/bin/python3  
[11.369s] -- Found Python3: /usr/bin/python3 (found version "3.12.3") found components: Interpreter Development NumPy Development.Module Development.Embed 
[11.756s] -- Found Python3: /usr/bin/python3 (found version "3.12.3") found components: Interpreter 
[11.802s] -- Configuring done (11.7s)
[11.950s] -- Generating done (0.1s)
[11.978s] -- Build files have been written to: /workspace/manipulator_ws/src/build/dynamixel_sdk_custom_interfaces
[11.995s] Invoked command in '/workspace/manipulator_ws/src/build/dynamixel_sdk_custom_interfaces' returned '0': CMAKE_PREFIX_PATH=${CMAKE_PREFIX_PATH}:/workspace/ros2_ws/install/yolo_ros:/workspace/ros2_ws/install/teleop_safety:/workspace/ros2_ws/install/open_manipulator_teleop:/workspace/ros2_ws/install/frontman:/workspace/ros2_ws/install/cam2goal:/opt/ros/jazzy /usr/bin/cmake /workspace/manipulator_ws/src/DynamixelSDK/ros/dynamixel_sdk_custom_interfaces -DAMENT_CMAKE_SYMLINK_INSTALL=1 -DCMAKE_INSTALL_PREFIX=/workspace/manipulator_ws/src/install/dynamixel_sdk_custom_interfaces
[11.997s] Invoking command in '/workspace/manipulator_ws/src/build/dynamixel_sdk_custom_interfaces': CMAKE_PREFIX_PATH=${CMAKE_PREFIX_PATH}:/workspace/ros2_ws/install/yolo_ros:/workspace/ros2_ws/install/teleop_safety:/workspace/ros2_ws/install/open_manipulator_teleop:/workspace/ros2_ws/install/frontman:/workspace/ros2_ws/install/cam2goal:/opt/ros/jazzy /usr/bin/cmake --build /workspace/manipulator_ws/src/build/dynamixel_sdk_custom_interfaces -- -j4 -l4
[12.172s] [  2%] [34m[1mGenerating type hashes for ROS interfaces[0m
[13.209s] [  2%] Built target dynamixel_sdk_custom_interfaces__rosidl_generator_type_description
[13.429s] [  2%] Built target ament_cmake_python_symlink_dynamixel_sdk_custom_interfaces
[13.480s] [  4%] [34m[1mGenerating C code for ROS interfaces[0m
[15.417s] [  6%] [32mBuilding C object CMakeFiles/dynamixel_sdk_custom_interfaces__rosidl_generator_c.dir/rosidl_generator_c/dynamixel_sdk_custom_interfaces/msg/detail/set_position__description.c.o[0m
[15.558s] [  8%] [32mBuilding C object CMakeFiles/dynamixel_sdk_custom_interfaces__rosidl_generator_c.dir/rosidl_generator_c/dynamixel_sdk_custom_interfaces/msg/detail/set_position__functions.c.o[0m
[15.750s] [ 11%] [32mBuilding C object CMakeFiles/dynamixel_sdk_custom_interfaces__rosidl_generator_c.dir/rosidl_generator_c/dynamixel_sdk_custom_interfaces/msg/detail/set_position__type_support.c.o[0m
[15.941s] [ 13%] [32mBuilding C object CMakeFiles/dynamixel_sdk_custom_interfaces__rosidl_generator_c.dir/rosidl_generator_c/dynamixel_sdk_custom_interfaces/srv/detail/get_position__description.c.o[0m
[16.140s] [ 15%] [32mBuilding C object CMakeFiles/dynamixel_sdk_custom_interfaces__rosidl_generator_c.dir/rosidl_generator_c/dynamixel_sdk_custom_interfaces/srv/detail/get_position__functions.c.o[0m
[16.382s] [ 17%] [32mBuilding C object CMakeFiles/dynamixel_sdk_custom_interfaces__rosidl_generator_c.dir/rosidl_generator_c/dynamixel_sdk_custom_interfaces/srv/detail/get_position__type_support.c.o[0m
[16.502s] [ 20%] [32m[1mLinking C shared library libdynamixel_sdk_custom_interfaces__rosidl_generator_c.so[0m
[16.683s] [ 20%] Built target dynamixel_sdk_custom_interfaces__rosidl_generator_c
[17.519s] running egg_info
[17.519s] creating dynamixel_sdk_custom_interfaces.egg-info
[17.593s] writing dynamixel_sdk_custom_interfaces.egg-info/PKG-INFO
[17.593s] writing dependency_links to dynamixel_sdk_custom_interfaces.egg-info/dependency_links.txt
[17.594s] writing top-level names to dynamixel_sdk_custom_interfaces.egg-info/top_level.txt
[17.596s] writing manifest file 'dynamixel_sdk_custom_interfaces.egg-info/SOURCES.txt'
[17.752s] reading manifest file 'dynamixel_sdk_custom_interfaces.egg-info/SOURCES.txt'
[17.755s] writing manifest file 'dynamixel_sdk_custom_interfaces.egg-info/SOURCES.txt'
[17.890s] [ 20%] Built target ament_cmake_python_build_dynamixel_sdk_custom_interfaces_egg
[17.933s] [ 22%] [34m[1mGenerating C type support for eProsima Fast-RTPS[0m
[18.939s] [ 24%] [32mBuilding CXX object CMakeFiles/dynamixel_sdk_custom_interfaces__rosidl_typesupport_fastrtps_c.dir/rosidl_typesupport_fastrtps_c/dynamixel_sdk_custom_interfaces/msg/detail/set_position__type_support_c.cpp.o[0m
[20.622s] [ 26%] [32mBuilding CXX object CMakeFiles/dynamixel_sdk_custom_interfaces__rosidl_typesupport_fastrtps_c.dir/rosidl_typesupport_fastrtps_c/dynamixel_sdk_custom_interfaces/srv/detail/get_position__type_support_c.cpp.o[0m
[22.004s] [ 28%] [32m[1mLinking CXX shared library libdynamixel_sdk_custom_interfaces__rosidl_typesupport_fastrtps_c.so[0m
[22.149s] [ 28%] Built target dynamixel_sdk_custom_interfaces__rosidl_typesupport_fastrtps_c
[22.184s] [ 31%] [34m[1mGenerating C introspection for ROS interfaces[0m
[23.083s] [ 33%] [32mBuilding C object CMakeFiles/dynamixel_sdk_custom_interfaces__rosidl_typesupport_introspection_c.dir/rosidl_typesupport_introspection_c/dynamixel_sdk_custom_interfaces/msg/detail/set_position__type_support.c.o[0m
[23.188s] [ 35%] [32mBuilding C object CMakeFiles/dynamixel_sdk_custom_interfaces__rosidl_typesupport_introspection_c.dir/rosidl_typesupport_introspection_c/dynamixel_sdk_custom_interfaces/srv/detail/get_position__type_support.c.o[0m
[23.389s] [ 37%] [32m[1mLinking C shared library libdynamixel_sdk_custom_interfaces__rosidl_typesupport_introspection_c.so[0m
[23.468s] [ 37%] Built target dynamixel_sdk_custom_interfaces__rosidl_typesupport_introspection_c
[23.493s] [ 40%] [34m[1mGenerating C type support dispatch for ROS interfaces[0m
[24.190s] [ 42%] [32mBuilding CXX object CMakeFiles/dynamixel_sdk_custom_interfaces__rosidl_typesupport_c.dir/rosidl_typesupport_c/dynamixel_sdk_custom_interfaces/msg/set_position__type_support.cpp.o[0m
[24.358s] [ 44%] [32mBuilding CXX object CMakeFiles/dynamixel_sdk_custom_interfaces__rosidl_typesupport_c.dir/rosidl_typesupport_c/dynamixel_sdk_custom_interfaces/srv/get_position__type_support.cpp.o[0m
[24.742s] [ 46%] [32m[1mLinking CXX shared library libdynamixel_sdk_custom_interfaces__rosidl_typesupport_c.so[0m
[25.008s] [ 46%] Built target dynamixel_sdk_custom_interfaces__rosidl_typesupport_c
[25.110s] [ 48%] [34m[1mGenerating C++ code for ROS interfaces[0m
[26.315s] [ 48%] Built target dynamixel_sdk_custom_interfaces__cpp
[26.373s] [ 51%] [34m[1mGenerating Rust code for ROS interfaces[0m
[27.362s] [ 51%] Built target dynamixel_sdk_custom_interfaces__rs
[27.417s] [ 53%] [34m[1mGenerating C++ introspection for ROS interfaces[0m
[28.525s] [ 55%] [32mBuilding CXX object CMakeFiles/dynamixel_sdk_custom_interfaces__rosidl_typesupport_introspection_cpp.dir/rosidl_typesupport_introspection_cpp/dynamixel_sdk_custom_interfaces/msg/detail/set_position__type_support.cpp.o[0m
[29.584s] [ 57%] [32mBuilding CXX object CMakeFiles/dynamixel_sdk_custom_interfaces__rosidl_typesupport_introspection_cpp.dir/rosidl_typesupport_introspection_cpp/dynamixel_sdk_custom_interfaces/srv/detail/get_position__type_support.cpp.o[0m
[30.479s] [ 60%] [32m[1mLinking CXX shared library libdynamixel_sdk_custom_interfaces__rosidl_typesupport_introspection_cpp.so[0m
[30.691s] [ 60%] Built target dynamixel_sdk_custom_interfaces__rosidl_typesupport_introspection_cpp
[30.741s] [ 62%] [34m[1mGenerating C++ type support for eProsima Fast-RTPS[0m
[31.811s] [ 64%] [32mBuilding CXX object CMakeFiles/dynamixel_sdk_custom_interfaces__rosidl_typesupport_fastrtps_cpp.dir/rosidl_typesupport_fastrtps_cpp/dynamixel_sdk_custom_interfaces/msg/detail/dds_fastrtps/set_position__type_support.cpp.o[0m
[32.835s] [ 66%] [32mBuilding CXX object CMakeFiles/dynamixel_sdk_custom_interfaces__rosidl_typesupport_fastrtps_cpp.dir/rosidl_typesupport_fastrtps_cpp/dynamixel_sdk_custom_interfaces/srv/detail/dds_fastrtps/get_position__type_support.cpp.o[0m
[34.210s] [ 68%] [32m[1mLinking CXX shared library libdynamixel_sdk_custom_interfaces__rosidl_typesupport_fastrtps_cpp.so[0m
[34.399s] [ 68%] Built target dynamixel_sdk_custom_interfaces__rosidl_typesupport_fastrtps_cpp
[34.414s] [ 71%] [34m[1mGenerating C++ type support dispatch for ROS interfaces[0m
[35.141s] [ 73%] [32mBuilding CXX object CMakeFiles/dynamixel_sdk_custom_interfaces__rosidl_typesupport_cpp.dir/rosidl_typesupport_cpp/dynamixel_sdk_custom_interfaces/msg/set_position__type_support.cpp.o[0m
[35.825s] [ 75%] [32mBuilding CXX object CMakeFiles/dynamixel_sdk_custom_interfaces__rosidl_typesupport_cpp.dir/rosidl_typesupport_cpp/dynamixel_sdk_custom_interfaces/srv/get_position__type_support.cpp.o[0m
[36.889s] [ 77%] [32m[1mLinking CXX shared library libdynamixel_sdk_custom_interfaces__rosidl_typesupport_cpp.so[0m
[37.160s] [ 77%] Built target dynamixel_sdk_custom_interfaces__rosidl_typesupport_cpp
[37.248s] [ 77%] Built target dynamixel_sdk_custom_interfaces
[37.309s] [ 80%] [34m[1mGenerating Python code for ROS interfaces[0m
[39.371s] [ 80%] Built target dynamixel_sdk_custom_interfaces__py
[39.530s] [ 82%] [32mBuilding C object CMakeFiles/dynamixel_sdk_custom_interfaces__rosidl_generator_py.dir/rosidl_generator_py/dynamixel_sdk_custom_interfaces/msg/_set_position_s.c.o[0m
[39.987s] [ 84%] [32mBuilding C object CMakeFiles/dynamixel_sdk_custom_interfaces__rosidl_generator_py.dir/rosidl_generator_py/dynamixel_sdk_custom_interfaces/srv/_get_position_s.c.o[0m
[40.672s] [ 86%] [32m[1mLinking C shared library libdynamixel_sdk_custom_interfaces__rosidl_generator_py.so[0m
[40.781s] [ 86%] Built target dynamixel_sdk_custom_interfaces__rosidl_generator_py
[40.906s] [ 88%] [32mBuilding C object CMakeFiles/dynamixel_sdk_custom_interfaces_s__rosidl_typesupport_fastrtps_c.dir/rosidl_generator_py/dynamixel_sdk_custom_interfaces/_dynamixel_sdk_custom_interfaces_s.ep.rosidl_typesupport_fastrtps_c.c.o[0m
[41.239s] [ 91%] [32m[1mLinking C shared module rosidl_generator_py/dynamixel_sdk_custom_interfaces/dynamixel_sdk_custom_interfaces_s__rosidl_typesupport_fastrtps_c.so[0m
[41.335s] [ 91%] Built target dynamixel_sdk_custom_interfaces_s__rosidl_typesupport_fastrtps_c
[41.417s] [ 93%] [32mBuilding C object CMakeFiles/dynamixel_sdk_custom_interfaces_s__rosidl_typesupport_c.dir/rosidl_generator_py/dynamixel_sdk_custom_interfaces/_dynamixel_sdk_custom_interfaces_s.ep.rosidl_typesupport_c.c.o[0m
[41.699s] [ 95%] [32m[1mLinking C shared module rosidl_generator_py/dynamixel_sdk_custom_interfaces/dynamixel_sdk_custom_interfaces_s__rosidl_typesupport_c.so[0m
[41.790s] [ 95%] Built target dynamixel_sdk_custom_interfaces_s__rosidl_typesupport_c
[41.895s] [ 97%] [32mBuilding C object CMakeFiles/dynamixel_sdk_custom_interfaces_s__rosidl_typesupport_introspection_c.dir/rosidl_generator_py/dynamixel_sdk_custom_interfaces/_dynamixel_sdk_custom_interfaces_s.ep.rosidl_typesupport_introspection_c.c.o[0m
[42.243s] [100%] [32m[1mLinking C shared module rosidl_generator_py/dynamixel_sdk_custom_interfaces/dynamixel_sdk_custom_interfaces_s__rosidl_typesupport_introspection_c.so[0m
[42.361s] [100%] Built target dynamixel_sdk_custom_interfaces_s__rosidl_typesupport_introspection_c
[42.422s] Invoked command in '/workspace/manipulator_ws/src/build/dynamixel_sdk_custom_interfaces' returned '0': CMAKE_PREFIX_PATH=${CMAKE_PREFIX_PATH}:/workspace/ros2_ws/install/yolo_ros:/workspace/ros2_ws/install/teleop_safety:/workspace/ros2_ws/install/open_manipulator_teleop:/workspace/ros2_ws/install/frontman:/workspace/ros2_ws/install/cam2goal:/opt/ros/jazzy /usr/bin/cmake --build /workspace/manipulator_ws/src/build/dynamixel_sdk_custom_interfaces -- -j4 -l4
[42.424s] Invoking command in '/workspace/manipulator_ws/src/build/dynamixel_sdk_custom_interfaces': CMAKE_PREFIX_PATH=${CMAKE_PREFIX_PATH}:/workspace/ros2_ws/install/yolo_ros:/workspace/ros2_ws/install/teleop_safety:/workspace/ros2_ws/install/open_manipulator_teleop:/workspace/ros2_ws/install/frontman:/workspace/ros2_ws/install/cam2goal:/opt/ros/jazzy /usr/bin/cmake --install /workspace/manipulator_ws/src/build/dynamixel_sdk_custom_interfaces
[42.482s] -- Install configuration: ""
[42.484s] -- Execute custom install script
[42.484s] -- Symlinking: /workspace/manipulator_ws/src/install/dynamixel_sdk_custom_interfaces/share/ament_index/resource_index/rosidl_interfaces/dynamixel_sdk_custom_interfaces
[42.543s] -- Symlinking: /workspace/manipulator_ws/src/install/dynamixel_sdk_custom_interfaces/share/dynamixel_sdk_custom_interfaces/msg/SetPosition.json
[42.569s] -- Symlinking: /workspace/manipulator_ws/src/install/dynamixel_sdk_custom_interfaces/share/dynamixel_sdk_custom_interfaces/srv/GetPosition.json
[42.608s] -- Symlinking: /workspace/manipulator_ws/src/install/dynamixel_sdk_custom_interfaces/include/dynamixel_sdk_custom_interfaces/dynamixel_sdk_custom_interfaces/msg/detail/set_position__functions.h
[42.646s] -- Symlinking: /workspace/manipulator_ws/src/install/dynamixel_sdk_custom_interfaces/include/dynamixel_sdk_custom_interfaces/dynamixel_sdk_custom_interfaces/msg/detail/set_position__struct.h
[42.682s] -- Symlinking: /workspace/manipulator_ws/src/install/dynamixel_sdk_custom_interfaces/include/dynamixel_sdk_custom_interfaces/dynamixel_sdk_custom_interfaces/msg/detail/set_position__type_support.h
[42.820s] -- Symlinking: /workspace/manipulator_ws/src/install/dynamixel_sdk_custom_interfaces/include/dynamixel_sdk_custom_interfaces/dynamixel_sdk_custom_interfaces/msg/rosidl_generator_c__visibility_control.h
[42.908s] -- Symlinking: /workspace/manipulator_ws/src/install/dynamixel_sdk_custom_interfaces/include/dynamixel_sdk_custom_interfaces/dynamixel_sdk_custom_interfaces/msg/set_position.h
[42.959s] -- Symlinking: /workspace/manipulator_ws/src/install/dynamixel_sdk_custom_interfaces/include/dynamixel_sdk_custom_interfaces/dynamixel_sdk_custom_interfaces/srv/detail/get_position__functions.h
[43.032s] -- Symlinking: /workspace/manipulator_ws/src/install/dynamixel_sdk_custom_interfaces/include/dynamixel_sdk_custom_interfaces/dynamixel_sdk_custom_interfaces/srv/detail/get_position__struct.h
[43.091s] -- Symlinking: /workspace/manipulator_ws/src/install/dynamixel_sdk_custom_interfaces/include/dynamixel_sdk_custom_interfaces/dynamixel_sdk_custom_interfaces/srv/detail/get_position__type_support.h
[43.137s] -- Symlinking: /workspace/manipulator_ws/src/install/dynamixel_sdk_custom_interfaces/include/dynamixel_sdk_custom_interfaces/dynamixel_sdk_custom_interfaces/srv/get_position.h
[43.187s] -- Symlinking: /workspace/manipulator_ws/src/install/dynamixel_sdk_custom_interfaces/share/dynamixel_sdk_custom_interfaces/environment/library_path.sh
[43.250s] -- Symlinking: /workspace/manipulator_ws/src/install/dynamixel_sdk_custom_interfaces/share/dynamixel_sdk_custom_interfaces/environment/library_path.dsv
[43.293s] -- Symlinking: /workspace/manipulator_ws/src/install/dynamixel_sdk_custom_interfaces/include/dynamixel_sdk_custom_interfaces/dynamixel_sdk_custom_interfaces/msg/detail/set_position__rosidl_typesupport_fastrtps_c.h
[43.338s] -- Symlinking: /workspace/manipulator_ws/src/install/dynamixel_sdk_custom_interfaces/include/dynamixel_sdk_custom_interfaces/dynamixel_sdk_custom_interfaces/msg/rosidl_typesupport_fastrtps_c__visibility_control.h
[43.360s] -- Symlinking: /workspace/manipulator_ws/src/install/dynamixel_sdk_custom_interfaces/include/dynamixel_sdk_custom_interfaces/dynamixel_sdk_custom_interfaces/srv/detail/get_position__rosidl_typesupport_fastrtps_c.h
[43.384s] -- Symlinking: /workspace/manipulator_ws/src/install/dynamixel_sdk_custom_interfaces/include/dynamixel_sdk_custom_interfaces/dynamixel_sdk_custom_interfaces/msg/detail/set_position__builder.hpp
[43.440s] -- Symlinking: /workspace/manipulator_ws/src/install/dynamixel_sdk_custom_interfaces/include/dynamixel_sdk_custom_interfaces/dynamixel_sdk_custom_interfaces/msg/detail/set_position__struct.hpp
[43.474s] -- Symlinking: /workspace/manipulator_ws/src/install/dynamixel_sdk_custom_interfaces/include/dynamixel_sdk_custom_interfaces/dynamixel_sdk_custom_interfaces/msg/detail/set_position__traits.hpp
[43.512s] -- Symlinking: /workspace/manipulator_ws/src/install/dynamixel_sdk_custom_interfaces/include/dynamixel_sdk_custom_interfaces/dynamixel_sdk_custom_interfaces/msg/detail/set_position__type_support.hpp
[43.539s] -- Symlinking: /workspace/manipulator_ws/src/install/dynamixel_sdk_custom_interfaces/include/dynamixel_sdk_custom_interfaces/dynamixel_sdk_custom_interfaces/msg/rosidl_generator_cpp__visibility_control.hpp
[43.569s] -- Symlinking: /workspace/manipulator_ws/src/install/dynamixel_sdk_custom_interfaces/include/dynamixel_sdk_custom_interfaces/dynamixel_sdk_custom_interfaces/msg/set_position.hpp
[43.632s] -- Symlinking: /workspace/manipulator_ws/src/install/dynamixel_sdk_custom_interfaces/include/dynamixel_sdk_custom_interfaces/dynamixel_sdk_custom_interfaces/srv/detail/get_position__builder.hpp
[43.676s] -- Symlinking: /workspace/manipulator_ws/src/install/dynamixel_sdk_custom_interfaces/include/dynamixel_sdk_custom_interfaces/dynamixel_sdk_custom_interfaces/srv/detail/get_position__struct.hpp
[43.730s] -- Symlinking: /workspace/manipulator_ws/src/install/dynamixel_sdk_custom_interfaces/include/dynamixel_sdk_custom_interfaces/dynamixel_sdk_custom_interfaces/srv/detail/get_position__traits.hpp
[43.793s] -- Symlinking: /workspace/manipulator_ws/src/install/dynamixel_sdk_custom_interfaces/include/dynamixel_sdk_custom_interfaces/dynamixel_sdk_custom_interfaces/srv/detail/get_position__type_support.hpp
[43.832s] -- Symlinking: /workspace/manipulator_ws/src/install/dynamixel_sdk_custom_interfaces/include/dynamixel_sdk_custom_interfaces/dynamixel_sdk_custom_interfaces/srv/get_position.hpp
[43.910s] -- Symlinking: /workspace/manipulator_ws/src/install/dynamixel_sdk_custom_interfaces/include/dynamixel_sdk_custom_interfaces/dynamixel_sdk_custom_interfaces/msg/detail/set_position__rosidl_typesupport_fastrtps_cpp.hpp
[43.985s] -- Symlinking: /workspace/manipulator_ws/src/install/dynamixel_sdk_custom_interfaces/include/dynamixel_sdk_custom_interfaces/dynamixel_sdk_custom_interfaces/msg/rosidl_typesupport_fastrtps_cpp__visibility_control.h
[44.035s] -- Symlinking: /workspace/manipulator_ws/src/install/dynamixel_sdk_custom_interfaces/include/dynamixel_sdk_custom_interfaces/dynamixel_sdk_custom_interfaces/srv/detail/get_position__rosidl_typesupport_fastrtps_cpp.hpp
[44.155s] -- Symlinking: /workspace/manipulator_ws/src/install/dynamixel_sdk_custom_interfaces/include/dynamixel_sdk_custom_interfaces/dynamixel_sdk_custom_interfaces/msg/detail/set_position__rosidl_typesupport_introspection_c.h
[44.194s] -- Symlinking: /workspace/manipulator_ws/src/install/dynamixel_sdk_custom_interfaces/include/dynamixel_sdk_custom_interfaces/dynamixel_sdk_custom_interfaces/msg/rosidl_typesupport_introspection_c__visibility_control.h
[44.243s] -- Symlinking: /workspace/manipulator_ws/src/install/dynamixel_sdk_custom_interfaces/include/dynamixel_sdk_custom_interfaces/dynamixel_sdk_custom_interfaces/srv/detail/get_position__rosidl_typesupport_introspection_c.h
[44.293s] -- Symlinking: /workspace/manipulator_ws/src/install/dynamixel_sdk_custom_interfaces/include/dynamixel_sdk_custom_interfaces/dynamixel_sdk_custom_interfaces/msg/detail/set_position__rosidl_typesupport_introspection_cpp.hpp
[44.339s] -- Symlinking: /workspace/manipulator_ws/src/install/dynamixel_sdk_custom_interfaces/include/dynamixel_sdk_custom_interfaces/dynamixel_sdk_custom_interfaces/srv/detail/get_position__rosidl_typesupport_introspection_cpp.hpp
[44.386s] -- Symlinking: /workspace/manipulator_ws/src/install/dynamixel_sdk_custom_interfaces/share/dynamixel_sdk_custom_interfaces/environment/pythonpath.sh
[44.429s] -- Symlinking: /workspace/manipulator_ws/src/install/dynamixel_sdk_custom_interfaces/share/dynamixel_sdk_custom_interfaces/environment/pythonpath.dsv
[44.486s] -- Symlinking: /workspace/manipulator_ws/src/install/dynamixel_sdk_custom_interfaces/lib/python3.12/site-packages/dynamixel_sdk_custom_interfaces-4.0.5-py3.12.egg-info/PKG-INFO
[44.535s] -- Symlinking: /workspace/manipulator_ws/src/install/dynamixel_sdk_custom_interfaces/lib/python3.12/site-packages/dynamixel_sdk_custom_interfaces-4.0.5-py3.12.egg-info/SOURCES.txt
[44.570s] -- Symlinking: /workspace/manipulator_ws/src/install/dynamixel_sdk_custom_interfaces/lib/python3.12/site-packages/dynamixel_sdk_custom_interfaces-4.0.5-py3.12.egg-info/dependency_links.txt
[44.616s] -- Symlinking: /workspace/manipulator_ws/src/install/dynamixel_sdk_custom_interfaces/lib/python3.12/site-packages/dynamixel_sdk_custom_interfaces-4.0.5-py3.12.egg-info/top_level.txt
[44.641s] -- Symlinking: /workspace/manipulator_ws/src/install/dynamixel_sdk_custom_interfaces/lib/python3.12/site-packages/dynamixel_sdk_custom_interfaces/__init__.py
[44.667s] -- Symlinking: /workspace/manipulator_ws/src/install/dynamixel_sdk_custom_interfaces/lib/python3.12/site-packages/dynamixel_sdk_custom_interfaces/_dynamixel_sdk_custom_interfaces_s.ep.rosidl_typesupport_c.c
[44.729s] -- Symlinking: /workspace/manipulator_ws/src/install/dynamixel_sdk_custom_interfaces/lib/python3.12/site-packages/dynamixel_sdk_custom_interfaces/_dynamixel_sdk_custom_interfaces_s.ep.rosidl_typesupport_fastrtps_c.c
[44.823s] -- Symlinking: /workspace/manipulator_ws/src/install/dynamixel_sdk_custom_interfaces/lib/python3.12/site-packages/dynamixel_sdk_custom_interfaces/_dynamixel_sdk_custom_interfaces_s.ep.rosidl_typesupport_introspection_c.c
[44.920s] -- Symlinking: /workspace/manipulator_ws/src/install/dynamixel_sdk_custom_interfaces/lib/python3.12/site-packages/dynamixel_sdk_custom_interfaces/dynamixel_sdk_custom_interfaces_s__rosidl_typesupport_c.so
[44.952s] -- Symlinking: /workspace/manipulator_ws/src/install/dynamixel_sdk_custom_interfaces/lib/python3.12/site-packages/dynamixel_sdk_custom_interfaces/dynamixel_sdk_custom_interfaces_s__rosidl_typesupport_fastrtps_c.so
[44.993s] -- Symlinking: /workspace/manipulator_ws/src/install/dynamixel_sdk_custom_interfaces/lib/python3.12/site-packages/dynamixel_sdk_custom_interfaces/dynamixel_sdk_custom_interfaces_s__rosidl_typesupport_introspection_c.so
[45.048s] -- Symlinking: /workspace/manipulator_ws/src/install/dynamixel_sdk_custom_interfaces/lib/python3.12/site-packages/dynamixel_sdk_custom_interfaces/msg/__init__.py
[45.093s] -- Symlinking: /workspace/manipulator_ws/src/install/dynamixel_sdk_custom_interfaces/lib/python3.12/site-packages/dynamixel_sdk_custom_interfaces/msg/_set_position.py
[45.112s] -- Symlinking: /workspace/manipulator_ws/src/install/dynamixel_sdk_custom_interfaces/lib/python3.12/site-packages/dynamixel_sdk_custom_interfaces/msg/_set_position_s.c
[45.141s] -- Symlinking: /workspace/manipulator_ws/src/install/dynamixel_sdk_custom_interfaces/lib/python3.12/site-packages/dynamixel_sdk_custom_interfaces/srv/__init__.py
[45.184s] -- Symlinking: /workspace/manipulator_ws/src/install/dynamixel_sdk_custom_interfaces/lib/python3.12/site-packages/dynamixel_sdk_custom_interfaces/srv/_get_position.py
[45.211s] -- Symlinking: /workspace/manipulator_ws/src/install/dynamixel_sdk_custom_interfaces/lib/python3.12/site-packages/dynamixel_sdk_custom_interfaces/srv/_get_position_s.c
[45.231s] -- Up-to-date symlink: /workspace/manipulator_ws/src/install/dynamixel_sdk_custom_interfaces/lib/python3.12/site-packages/dynamixel_sdk_custom_interfaces/dynamixel_sdk_custom_interfaces_s__rosidl_typesupport_fastrtps_c.so
[45.232s] -- Up-to-date symlink: /workspace/manipulator_ws/src/install/dynamixel_sdk_custom_interfaces/lib/python3.12/site-packages/dynamixel_sdk_custom_interfaces/dynamixel_sdk_custom_interfaces_s__rosidl_typesupport_introspection_c.so
[45.236s] -- Up-to-date symlink: /workspace/manipulator_ws/src/install/dynamixel_sdk_custom_interfaces/lib/python3.12/site-packages/dynamixel_sdk_custom_interfaces/dynamixel_sdk_custom_interfaces_s__rosidl_typesupport_c.so
[45.237s] -- Symlinking: /workspace/manipulator_ws/src/install/dynamixel_sdk_custom_interfaces/share/ament_index/resource_index/rust_packages/dynamixel_sdk_custom_interfaces
[45.271s] -- Symlinking: /workspace/manipulator_ws/src/install/dynamixel_sdk_custom_interfaces/share/dynamixel_sdk_custom_interfaces/rust/Cargo.toml
[45.328s] -- Symlinking: /workspace/manipulator_ws/src/install/dynamixel_sdk_custom_interfaces/share/dynamixel_sdk_custom_interfaces/rust/build.rs
[45.349s] -- Symlinking: /workspace/manipulator_ws/src/install/dynamixel_sdk_custom_interfaces/share/dynamixel_sdk_custom_interfaces/rust/src/lib.rs
[45.382s] -- Symlinking: /workspace/manipulator_ws/src/install/dynamixel_sdk_custom_interfaces/share/dynamixel_sdk_custom_interfaces/rust/src/msg.rs
[45.413s] -- Symlinking: /workspace/manipulator_ws/src/install/dynamixel_sdk_custom_interfaces/share/dynamixel_sdk_custom_interfaces/rust/src/msg/rmw.rs
[45.449s] -- Symlinking: /workspace/manipulator_ws/src/install/dynamixel_sdk_custom_interfaces/share/dynamixel_sdk_custom_interfaces/rust/src/srv.rs
[45.485s] -- Symlinking: /workspace/manipulator_ws/src/install/dynamixel_sdk_custom_interfaces/share/dynamixel_sdk_custom_interfaces/rust/src/srv/rmw.rs
[45.545s] -- Symlinking: /workspace/manipulator_ws/src/install/dynamixel_sdk_custom_interfaces/share/dynamixel_sdk_custom_interfaces/msg/SetPosition.idl
[45.595s] -- Symlinking: /workspace/manipulator_ws/src/install/dynamixel_sdk_custom_interfaces/share/dynamixel_sdk_custom_interfaces/srv/GetPosition.idl
[45.646s] -- Symlinking: /workspace/manipulator_ws/src/install/dynamixel_sdk_custom_interfaces/share/dynamixel_sdk_custom_interfaces/msg/SetPosition.msg
[45.690s] -- Symlinking: /workspace/manipulator_ws/src/install/dynamixel_sdk_custom_interfaces/share/dynamixel_sdk_custom_interfaces/srv/GetPosition.srv
[45.751s] -- Symlinking: /workspace/manipulator_ws/src/install/dynamixel_sdk_custom_interfaces/share/ament_index/resource_index/package_run_dependencies/dynamixel_sdk_custom_interfaces
[45.820s] -- Symlinking: /workspace/manipulator_ws/src/install/dynamixel_sdk_custom_interfaces/share/ament_index/resource_index/parent_prefix_path/dynamixel_sdk_custom_interfaces
[45.886s] -- Symlinking: /workspace/manipulator_ws/src/install/dynamixel_sdk_custom_interfaces/share/dynamixel_sdk_custom_interfaces/environment/ament_prefix_path.sh
[45.937s] -- Symlinking: /workspace/manipulator_ws/src/install/dynamixel_sdk_custom_interfaces/share/dynamixel_sdk_custom_interfaces/environment/ament_prefix_path.dsv
[45.981s] -- Symlinking: /workspace/manipulator_ws/src/install/dynamixel_sdk_custom_interfaces/share/dynamixel_sdk_custom_interfaces/environment/path.sh
[46.050s] -- Symlinking: /workspace/manipulator_ws/src/install/dynamixel_sdk_custom_interfaces/share/dynamixel_sdk_custom_interfaces/environment/path.dsv
[46.099s] -- Symlinking: /workspace/manipulator_ws/src/install/dynamixel_sdk_custom_interfaces/share/dynamixel_sdk_custom_interfaces/local_setup.bash
[46.195s] -- Symlinking: /workspace/manipulator_ws/src/install/dynamixel_sdk_custom_interfaces/share/dynamixel_sdk_custom_interfaces/local_setup.sh
[46.245s] -- Symlinking: /workspace/manipulator_ws/src/install/dynamixel_sdk_custom_interfaces/share/dynamixel_sdk_custom_interfaces/local_setup.zsh
[46.302s] -- Symlinking: /workspace/manipulator_ws/src/install/dynamixel_sdk_custom_interfaces/share/dynamixel_sdk_custom_interfaces/local_setup.dsv
[46.365s] -- Symlinking: /workspace/manipulator_ws/src/install/dynamixel_sdk_custom_interfaces/share/dynamixel_sdk_custom_interfaces/package.dsv
[46.413s] -- Symlinking: /workspace/manipulator_ws/src/install/dynamixel_sdk_custom_interfaces/share/ament_index/resource_index/packages/dynamixel_sdk_custom_interfaces
[46.457s] -- Symlinking: /workspace/manipulator_ws/src/install/dynamixel_sdk_custom_interfaces/share/dynamixel_sdk_custom_interfaces/cmake/rosidl_cmake-extras.cmake
[46.505s] -- Symlinking: /workspace/manipulator_ws/src/install/dynamixel_sdk_custom_interfaces/share/dynamixel_sdk_custom_interfaces/cmake/ament_cmake_export_dependencies-extras.cmake
[46.552s] -- Symlinking: /workspace/manipulator_ws/src/install/dynamixel_sdk_custom_interfaces/share/dynamixel_sdk_custom_interfaces/cmake/ament_cmake_export_include_directories-extras.cmake
[46.597s] -- Symlinking: /workspace/manipulator_ws/src/install/dynamixel_sdk_custom_interfaces/share/dynamixel_sdk_custom_interfaces/cmake/ament_cmake_export_libraries-extras.cmake
[46.616s] -- Symlinking: /workspace/manipulator_ws/src/install/dynamixel_sdk_custom_interfaces/share/dynamixel_sdk_custom_interfaces/cmake/ament_cmake_export_targets-extras.cmake
[46.687s] -- Symlinking: /workspace/manipulator_ws/src/install/dynamixel_sdk_custom_interfaces/share/dynamixel_sdk_custom_interfaces/cmake/rosidl_cmake_export_typesupport_targets-extras.cmake
[46.755s] -- Symlinking: /workspace/manipulator_ws/src/install/dynamixel_sdk_custom_interfaces/share/dynamixel_sdk_custom_interfaces/cmake/rosidl_cmake_export_typesupport_libraries-extras.cmake
[46.823s] -- Symlinking: /workspace/manipulator_ws/src/install/dynamixel_sdk_custom_interfaces/share/dynamixel_sdk_custom_interfaces/cmake/rosidl_cmake_aggregate_target-extras.cmake
[46.913s] -- Symlinking: /workspace/manipulator_ws/src/install/dynamixel_sdk_custom_interfaces/share/dynamixel_sdk_custom_interfaces/cmake/dynamixel_sdk_custom_interfacesConfig.cmake
[47.026s] -- Symlinking: /workspace/manipulator_ws/src/install/dynamixel_sdk_custom_interfaces/share/dynamixel_sdk_custom_interfaces/cmake/dynamixel_sdk_custom_interfacesConfig-version.cmake
[47.126s] -- Symlinking: /workspace/manipulator_ws/src/install/dynamixel_sdk_custom_interfaces/share/dynamixel_sdk_custom_interfaces/package.xml
[47.182s] -- Installing: /workspace/manipulator_ws/src/install/dynamixel_sdk_custom_interfaces/lib/libdynamixel_sdk_custom_interfaces__rosidl_generator_c.so
[47.197s] -- Set non-toolchain portion of runtime path of "/workspace/manipulator_ws/src/install/dynamixel_sdk_custom_interfaces/lib/libdynamixel_sdk_custom_interfaces__rosidl_generator_c.so" to ""
[47.207s] -- Installing: /workspace/manipulator_ws/src/install/dynamixel_sdk_custom_interfaces/lib/libdynamixel_sdk_custom_interfaces__rosidl_typesupport_fastrtps_c.so
[47.219s] -- Set non-toolchain portion of runtime path of "/workspace/manipulator_ws/src/install/dynamixel_sdk_custom_interfaces/lib/libdynamixel_sdk_custom_interfaces__rosidl_typesupport_fastrtps_c.so" to ""
[47.226s] -- Installing: /workspace/manipulator_ws/src/install/dynamixel_sdk_custom_interfaces/lib/libdynamixel_sdk_custom_interfaces__rosidl_typesupport_fastrtps_cpp.so
[47.229s] -- Set non-toolchain portion of runtime path of "/workspace/manipulator_ws/src/install/dynamixel_sdk_custom_interfaces/lib/libdynamixel_sdk_custom_interfaces__rosidl_typesupport_fastrtps_cpp.so" to ""
[47.262s] -- Installing: /workspace/manipulator_ws/src/install/dynamixel_sdk_custom_interfaces/lib/libdynamixel_sdk_custom_interfaces__rosidl_typesupport_introspection_c.so
[47.264s] -- Set non-toolchain portion of runtime path of "/workspace/manipulator_ws/src/install/dynamixel_sdk_custom_interfaces/lib/libdynamixel_sdk_custom_interfaces__rosidl_typesupport_introspection_c.so" to ""
[47.264s] -- Installing: /workspace/manipulator_ws/src/install/dynamixel_sdk_custom_interfaces/lib/libdynamixel_sdk_custom_interfaces__rosidl_typesupport_c.so
[47.265s] -- Set non-toolchain portion of runtime path of "/workspace/manipulator_ws/src/install/dynamixel_sdk_custom_interfaces/lib/libdynamixel_sdk_custom_interfaces__rosidl_typesupport_c.so" to ""
[47.265s] -- Installing: /workspace/manipulator_ws/src/install/dynamixel_sdk_custom_interfaces/lib/libdynamixel_sdk_custom_interfaces__rosidl_typesupport_introspection_cpp.so
[47.269s] -- Set non-toolchain portion of runtime path of "/workspace/manipulator_ws/src/install/dynamixel_sdk_custom_interfaces/lib/libdynamixel_sdk_custom_interfaces__rosidl_typesupport_introspection_cpp.so" to ""
[47.274s] -- Installing: /workspace/manipulator_ws/src/install/dynamixel_sdk_custom_interfaces/lib/libdynamixel_sdk_custom_interfaces__rosidl_typesupport_cpp.so
[47.283s] -- Set non-toolchain portion of runtime path of "/workspace/manipulator_ws/src/install/dynamixel_sdk_custom_interfaces/lib/libdynamixel_sdk_custom_interfaces__rosidl_typesupport_cpp.so" to ""
[47.488s] Listing '/workspace/manipulator_ws/src/install/dynamixel_sdk_custom_interfaces/lib/python3.12/site-packages/dynamixel_sdk_custom_interfaces'...
[47.488s] Compiling '/workspace/manipulator_ws/src/install/dynamixel_sdk_custom_interfaces/lib/python3.12/site-packages/dynamixel_sdk_custom_interfaces/__init__.py'...
[47.488s] Listing '/workspace/manipulator_ws/src/install/dynamixel_sdk_custom_interfaces/lib/python3.12/site-packages/dynamixel_sdk_custom_interfaces/msg'...
[47.488s] Compiling '/workspace/manipulator_ws/src/install/dynamixel_sdk_custom_interfaces/lib/python3.12/site-packages/dynamixel_sdk_custom_interfaces/msg/__init__.py'...
[47.489s] Compiling '/workspace/manipulator_ws/src/install/dynamixel_sdk_custom_interfaces/lib/python3.12/site-packages/dynamixel_sdk_custom_interfaces/msg/_set_position.py'...
[47.489s] Listing '/workspace/manipulator_ws/src/install/dynamixel_sdk_custom_interfaces/lib/python3.12/site-packages/dynamixel_sdk_custom_interfaces/srv'...
[47.489s] Compiling '/workspace/manipulator_ws/src/install/dynamixel_sdk_custom_interfaces/lib/python3.12/site-packages/dynamixel_sdk_custom_interfaces/srv/__init__.py'...
[47.489s] Compiling '/workspace/manipulator_ws/src/install/dynamixel_sdk_custom_interfaces/lib/python3.12/site-packages/dynamixel_sdk_custom_interfaces/srv/_get_position.py'...
[47.515s] -- Installing: /workspace/manipulator_ws/src/install/dynamixel_sdk_custom_interfaces/lib/libdynamixel_sdk_custom_interfaces__rosidl_generator_py.so
[47.522s] -- Set non-toolchain portion of runtime path of "/workspace/manipulator_ws/src/install/dynamixel_sdk_custom_interfaces/lib/libdynamixel_sdk_custom_interfaces__rosidl_generator_py.so" to ""
[47.523s] -- Installing: /workspace/manipulator_ws/src/install/dynamixel_sdk_custom_interfaces/share/dynamixel_sdk_custom_interfaces/cmake/export_dynamixel_sdk_custom_interfaces__rosidl_generator_cExport.cmake
[47.529s] -- Installing: /workspace/manipulator_ws/src/install/dynamixel_sdk_custom_interfaces/share/dynamixel_sdk_custom_interfaces/cmake/export_dynamixel_sdk_custom_interfaces__rosidl_generator_cExport-noconfig.cmake
[47.531s] -- Installing: /workspace/manipulator_ws/src/install/dynamixel_sdk_custom_interfaces/share/dynamixel_sdk_custom_interfaces/cmake/export_dynamixel_sdk_custom_interfaces__rosidl_typesupport_fastrtps_cExport.cmake
[47.535s] -- Installing: /workspace/manipulator_ws/src/install/dynamixel_sdk_custom_interfaces/share/dynamixel_sdk_custom_interfaces/cmake/export_dynamixel_sdk_custom_interfaces__rosidl_typesupport_fastrtps_cExport-noconfig.cmake
[47.538s] -- Installing: /workspace/manipulator_ws/src/install/dynamixel_sdk_custom_interfaces/share/dynamixel_sdk_custom_interfaces/cmake/export_dynamixel_sdk_custom_interfaces__rosidl_generator_cppExport.cmake
[47.538s] -- Installing: /workspace/manipulator_ws/src/install/dynamixel_sdk_custom_interfaces/share/dynamixel_sdk_custom_interfaces/cmake/export_dynamixel_sdk_custom_interfaces__rosidl_typesupport_fastrtps_cppExport.cmake
[47.538s] -- Installing: /workspace/manipulator_ws/src/install/dynamixel_sdk_custom_interfaces/share/dynamixel_sdk_custom_interfaces/cmake/export_dynamixel_sdk_custom_interfaces__rosidl_typesupport_fastrtps_cppExport-noconfig.cmake
[47.539s] -- Installing: /workspace/manipulator_ws/src/install/dynamixel_sdk_custom_interfaces/share/dynamixel_sdk_custom_interfaces/cmake/dynamixel_sdk_custom_interfaces__rosidl_typesupport_introspection_cExport.cmake
[47.544s] -- Installing: /workspace/manipulator_ws/src/install/dynamixel_sdk_custom_interfaces/share/dynamixel_sdk_custom_interfaces/cmake/dynamixel_sdk_custom_interfaces__rosidl_typesupport_introspection_cExport-noconfig.cmake
[47.546s] -- Installing: /workspace/manipulator_ws/src/install/dynamixel_sdk_custom_interfaces/share/dynamixel_sdk_custom_interfaces/cmake/dynamixel_sdk_custom_interfaces__rosidl_typesupport_cExport.cmake
[47.548s] -- Installing: /workspace/manipulator_ws/src/install/dynamixel_sdk_custom_interfaces/share/dynamixel_sdk_custom_interfaces/cmake/dynamixel_sdk_custom_interfaces__rosidl_typesupport_cExport-noconfig.cmake
[47.550s] -- Installing: /workspace/manipulator_ws/src/install/dynamixel_sdk_custom_interfaces/share/dynamixel_sdk_custom_interfaces/cmake/dynamixel_sdk_custom_interfaces__rosidl_typesupport_introspection_cppExport.cmake
[47.552s] -- Installing: /workspace/manipulator_ws/src/install/dynamixel_sdk_custom_interfaces/share/dynamixel_sdk_custom_interfaces/cmake/dynamixel_sdk_custom_interfaces__rosidl_typesupport_introspection_cppExport-noconfig.cmake
[47.554s] -- Installing: /workspace/manipulator_ws/src/install/dynamixel_sdk_custom_interfaces/share/dynamixel_sdk_custom_interfaces/cmake/dynamixel_sdk_custom_interfaces__rosidl_typesupport_cppExport.cmake
[47.555s] -- Installing: /workspace/manipulator_ws/src/install/dynamixel_sdk_custom_interfaces/share/dynamixel_sdk_custom_interfaces/cmake/dynamixel_sdk_custom_interfaces__rosidl_typesupport_cppExport-noconfig.cmake
[47.557s] -- Installing: /workspace/manipulator_ws/src/install/dynamixel_sdk_custom_interfaces/share/dynamixel_sdk_custom_interfaces/cmake/export_dynamixel_sdk_custom_interfaces__rosidl_generator_pyExport.cmake
[47.561s] -- Installing: /workspace/manipulator_ws/src/install/dynamixel_sdk_custom_interfaces/share/dynamixel_sdk_custom_interfaces/cmake/export_dynamixel_sdk_custom_interfaces__rosidl_generator_pyExport-noconfig.cmake
[47.561s] Invoked command in '/workspace/manipulator_ws/src/build/dynamixel_sdk_custom_interfaces' returned '0': CMAKE_PREFIX_PATH=${CMAKE_PREFIX_PATH}:/workspace/ros2_ws/install/yolo_ros:/workspace/ros2_ws/install/teleop_safety:/workspace/ros2_ws/install/open_manipulator_teleop:/workspace/ros2_ws/install/frontman:/workspace/ros2_ws/install/cam2goal:/opt/ros/jazzy /usr/bin/cmake --install /workspace/manipulator_ws/src/build/dynamixel_sdk_custom_interfaces
