-- The CXX compiler identification is GNU 13.3.0
-- Detecting CXX compiler ABI info
-- Detecting CXX compiler ABI info - done
-- Check for working CXX compiler: /usr/bin/c++ - skipped
-- Detecting CXX compile features
-- Detecting CXX compile features - done
-- Found ament_cmake: 2.5.6 (/opt/ros/jazzy/share/ament_cmake/cmake)
-- Found Python3: /usr/bin/python3 (found version "3.12.3") found components: Interpreter 
-- Override CMake install command with custom implementation using symlinks instead of copying resources
-- Found angles: 1.16.1 (/opt/ros/jazzy/share/angles/cmake)
-- Found control_msgs: 5.9.0 (/opt/ros/jazzy/share/control_msgs/cmake)
-- Found rosidl_generator_c: 4.6.9 (/opt/ros/jazzy/share/rosidl_generator_c/cmake)
-- Found rosidl_generator_cpp: 4.6.9 (/opt/ros/jazzy/share/rosidl_generator_cpp/cmake)
-- Using all available rosidl_typesupport_c: rosidl_typesupport_fastrtps_c;rosidl_typesupport_introspection_c
-- Using all available rosidl_typesupport_cpp: rosidl_typesupport_fastrtps_cpp;rosidl_typesupport_introspection_cpp
-- Found control_toolbox: 4.11.0 (/opt/ros/jazzy/share/control_toolbox/cmake)
-- Found rmw_implementation_cmake: 7.3.3 (/opt/ros/jazzy/share/rmw_implementation_cmake/cmake)
-- Found rmw_fastrtps_cpp: 8.4.4 (/opt/ros/jazzy/share/rmw_fastrtps_cpp/cmake)
-- Found OpenSSL: /usr/lib/x86_64-linux-gnu/libcrypto.so (found version "3.0.13")  
-- Found FastRTPS: /opt/ros/jazzy/include (Required is at least version "2.13") 
-- Using RMW implementation 'rmw_fastrtps_cpp' as default
[0mCMake Deprecation Warning at /opt/ros/jazzy/share/tl_expected/cmake/tl_expectedConfig.cmake:37 (message):
  Package 'tl_expected' is deprecated (This package will be removed in ROS 2
  Lyrical Luth.

        Use tl/expected.hpp from libexpected-dev,
        or rcpputils/tl_expected/expected.hpp if the system header is not available)
Call Stack (most recent call first):
  /opt/ros/jazzy/share/parameter_traits/cmake/ament_cmake_export_dependencies-extras.cmake:21 (find_package)
  /opt/ros/jazzy/share/parameter_traits/cmake/parameter_traitsConfig.cmake:41 (include)
  /opt/ros/jazzy/share/control_toolbox/cmake/ament_cmake_export_dependencies-extras.cmake:21 (find_package)
  /opt/ros/jazzy/share/control_toolbox/cmake/control_toolboxConfig.cmake:41 (include)
  CMakeLists.txt:37 (find_package)

[0m
-- Found eigen3_cmake_module: 0.3.1 (/opt/ros/jazzy/share/eigen3_cmake_module/cmake)
-- Found Eigen3: TRUE (found version "3.4.0") 
-- Ensuring Eigen3 include directory is part of orocos-kdl CMake target
-- Found controller_interface: 4.45.2 (/opt/ros/jazzy/share/controller_interface/cmake)
-- Found kdl_parser: 2.11.0 (/opt/ros/jazzy/share/kdl_parser/cmake)
-- Configuring done (8.9s)
-- Generating done (0.1s)
-- Build files have been written to: /workspace/manipulator_ws/src/build/om_gravity_compensation_controller
[ 25%] [34m[1mRunning `/opt/ros/jazzy/bin/generate_parameter_library_cpp /workspace/manipulator_ws/src/build/om_gravity_compensation_controller/include/om_gravity_compensation_controller/gravity_compensation_controller_parameters.hpp /workspace/manipulator_ws/src/open_manipulator/ros2_controller/om_gravity_compensation_controller/src/gravity_compensation_controller_parameters.yaml `[0m
[ 50%] [34m[1mCreating deprecated header file /workspace/manipulator_ws/src/build/om_gravity_compensation_controller/include/gravity_compensation_controller_parameters.hpp[0m
[ 50%] Built target gravity_compensation_controller_parameters
[ 75%] [32mBuilding CXX object CMakeFiles/gravity_compensation_controller.dir/src/gravity_compensation_controller.cpp.o[0m
In file included from [01m[K/opt/ros/jazzy/include/parameter_traits/parameter_traits/parameter_traits.hpp:37[m[K,
                 from [01m[K/workspace/manipulator_ws/src/build/om_gravity_compensation_controller/include/om_gravity_compensation_controller/gravity_compensation_controller_parameters.hpp:26[m[K,
                 from [01m[K/workspace/manipulator_ws/src/open_manipulator/ros2_controller/om_gravity_compensation_controller/include/gravity_compensation_controller/gravity_compensation_controller.hpp:46[m[K,
                 from [01m[K/workspace/manipulator_ws/src/open_manipulator/ros2_controller/om_gravity_compensation_controller/src/gravity_compensation_controller.cpp:15[m[K:
[01m[K/opt/ros/jazzy/include/tl_expected/expected.hpp:18:167:[m[K [01;36m[Knote: [m[K‘[01m[K#pragma message: tl_expected/expected.hpp is deprecated. Use <tl/expected.hpp> from libexpected-dev, or <rcpputils/tl_expected/expected.hpp> if the system header is not available.[m[K’
   18 | <tl/expected.hpp> from libexpected-dev, or <rcpputils/tl_expected/expected.hpp> if the system header is not available."[01;36m[K)[m[K // NOLINT
      |                                                                                                                        [01;36m[K^[m[K

[100%] [32m[1mLinking CXX shared library libgravity_compensation_controller.so[0m
[100%] Built target gravity_compensation_controller
-- Install configuration: ""
-- Execute custom install script
-- Symlinking: /workspace/manipulator_ws/src/install/om_gravity_compensation_controller/include/om_gravity_compensation_controller/gravity_compensation_controller_parameters.hpp
-- Symlinking: /workspace/manipulator_ws/src/install/om_gravity_compensation_controller/share/om_gravity_compensation_controller//gravity_compensation_plugin.xml
-- Symlinking: /workspace/manipulator_ws/src/install/om_gravity_compensation_controller/include/gravity_compensation_controller/gravity_compensation_controller/gravity_compensation_controller.hpp
-- Symlinking: /workspace/manipulator_ws/src/install/om_gravity_compensation_controller/include/gravity_compensation_controller/gravity_compensation_controller/visibility_control.h
-- Symlinking: /workspace/manipulator_ws/src/install/om_gravity_compensation_controller/share/om_gravity_compensation_controller/environment/library_path.sh
-- Symlinking: /workspace/manipulator_ws/src/install/om_gravity_compensation_controller/share/om_gravity_compensation_controller/environment/library_path.dsv
-- Symlinking: /workspace/manipulator_ws/src/install/om_gravity_compensation_controller/share/ament_index/resource_index/package_run_dependencies/om_gravity_compensation_controller
-- Symlinking: /workspace/manipulator_ws/src/install/om_gravity_compensation_controller/share/ament_index/resource_index/parent_prefix_path/om_gravity_compensation_controller
-- Symlinking: /workspace/manipulator_ws/src/install/om_gravity_compensation_controller/share/om_gravity_compensation_controller/environment/ament_prefix_path.sh
-- Symlinking: /workspace/manipulator_ws/src/install/om_gravity_compensation_controller/share/om_gravity_compensation_controller/environment/ament_prefix_path.dsv
-- Symlinking: /workspace/manipulator_ws/src/install/om_gravity_compensation_controller/share/om_gravity_compensation_controller/environment/path.sh
-- Symlinking: /workspace/manipulator_ws/src/install/om_gravity_compensation_controller/share/om_gravity_compensation_controller/environment/path.dsv
-- Symlinking: /workspace/manipulator_ws/src/install/om_gravity_compensation_controller/share/om_gravity_compensation_controller/local_setup.bash
-- Symlinking: /workspace/manipulator_ws/src/install/om_gravity_compensation_controller/share/om_gravity_compensation_controller/local_setup.sh
-- Symlinking: /workspace/manipulator_ws/src/install/om_gravity_compensation_controller/share/om_gravity_compensation_controller/local_setup.zsh
-- Symlinking: /workspace/manipulator_ws/src/install/om_gravity_compensation_controller/share/om_gravity_compensation_controller/local_setup.dsv
-- Symlinking: /workspace/manipulator_ws/src/install/om_gravity_compensation_controller/share/om_gravity_compensation_controller/package.dsv
-- Symlinking: /workspace/manipulator_ws/src/install/om_gravity_compensation_controller/share/ament_index/resource_index/packages/om_gravity_compensation_controller
-- Symlinking: /workspace/manipulator_ws/src/install/om_gravity_compensation_controller/share/ament_index/resource_index/controller_interface__pluginlib__plugin/om_gravity_compensation_controller
-- Symlinking: /workspace/manipulator_ws/src/install/om_gravity_compensation_controller/share/om_gravity_compensation_controller/cmake/ament_cmake_export_dependencies-extras.cmake
-- Symlinking: /workspace/manipulator_ws/src/install/om_gravity_compensation_controller/share/om_gravity_compensation_controller/cmake/ament_cmake_export_targets-extras.cmake
-- Symlinking: /workspace/manipulator_ws/src/install/om_gravity_compensation_controller/share/om_gravity_compensation_controller/cmake/om_gravity_compensation_controllerConfig.cmake
-- Symlinking: /workspace/manipulator_ws/src/install/om_gravity_compensation_controller/share/om_gravity_compensation_controller/cmake/om_gravity_compensation_controllerConfig-version.cmake
-- Symlinking: /workspace/manipulator_ws/src/install/om_gravity_compensation_controller/share/om_gravity_compensation_controller/package.xml
-- Installing: /workspace/manipulator_ws/src/install/om_gravity_compensation_controller/lib/libgravity_compensation_controller.so
-- Set non-toolchain portion of runtime path of "/workspace/manipulator_ws/src/install/om_gravity_compensation_controller/lib/libgravity_compensation_controller.so" to ""
-- Installing: /workspace/manipulator_ws/src/install/om_gravity_compensation_controller/share/om_gravity_compensation_controller/cmake/export_gravity_compensation_controllerExport.cmake
-- Installing: /workspace/manipulator_ws/src/install/om_gravity_compensation_controller/share/om_gravity_compensation_controller/cmake/export_gravity_compensation_controllerExport-noconfig.cmake
