[3.120s] Invoking command in '/workspace/manipulator_ws/src/build/open_manipulator_teleop': PYTHONPATH=/workspace/manipulator_ws/src/build/open_manipulator_teleop/prefix_override:/usr/lib/python3/dist-packages/colcon_core/task/python/colcon_distutils_commands:/workspace/manipulator_ws/src/install/open_manipulator_teleop/lib/python3.12/site-packages:${PYTHONPATH} /usr/bin/python3 -W ignore:setup.py install is deprecated -W ignore:easy_install command is deprecated setup.py develop --editable --build-directory /workspace/manipulator_ws/src/build/open_manipulator_teleop/build --no-deps symlink_data
[4.471s] running develop
[5.939s] running egg_info
[5.940s] creating open_manipulator_teleop.egg-info
[5.980s] writing open_manipulator_teleop.egg-info/PKG-INFO
[5.982s] writing dependency_links to open_manipulator_teleop.egg-info/dependency_links.txt
[5.984s] writing entry points to open_manipulator_teleop.egg-info/entry_points.txt
[5.985s] writing requirements to open_manipulator_teleop.egg-info/requires.txt
[5.985s] writing top-level names to open_manipulator_teleop.egg-info/top_level.txt
[5.985s] writing manifest file 'open_manipulator_teleop.egg-info/SOURCES.txt'
[6.064s] reading manifest file 'open_manipulator_teleop.egg-info/SOURCES.txt'
[6.065s] writing manifest file 'open_manipulator_teleop.egg-info/SOURCES.txt'
[6.102s] running build_ext
[6.104s] Creating /workspace/manipulator_ws/src/install/open_manipulator_teleop/lib/python3.12/site-packages/open-manipulator-teleop.egg-link (link to .)
[6.104s] Installing omx_f_teleop script to /workspace/manipulator_ws/src/install/open_manipulator_teleop/lib/open_manipulator_teleop
[6.106s] Installing omy_3m_teleop script to /workspace/manipulator_ws/src/install/open_manipulator_teleop/lib/open_manipulator_teleop
[6.106s] Installing omy_f3m_teleop script to /workspace/manipulator_ws/src/install/open_manipulator_teleop/lib/open_manipulator_teleop
[6.109s] Installing open_manipulator_x_teleop script to /workspace/manipulator_ws/src/install/open_manipulator_teleop/lib/open_manipulator_teleop
[6.110s] 
[6.110s] Installed /workspace/manipulator_ws/src/build/open_manipulator_teleop
[6.110s] running symlink_data
[6.110s] creating /workspace/manipulator_ws/src/install/open_manipulator_teleop/share/ament_index
[6.116s] creating /workspace/manipulator_ws/src/install/open_manipulator_teleop/share/ament_index/resource_index
[6.116s] creating /workspace/manipulator_ws/src/install/open_manipulator_teleop/share/ament_index/resource_index/packages
[6.116s] symbolically linking /workspace/manipulator_ws/src/build/open_manipulator_teleop/resource/open_manipulator_teleop -> /workspace/manipulator_ws/src/install/open_manipulator_teleop/share/ament_index/resource_index/packages
[6.117s] symbolically linking /workspace/manipulator_ws/src/build/open_manipulator_teleop/package.xml -> /workspace/manipulator_ws/src/install/open_manipulator_teleop/share/open_manipulator_teleop
[6.118s] creating /workspace/manipulator_ws/src/install/open_manipulator_teleop/share/open_manipulator_teleop/launch
[6.177s] Invoked command in '/workspace/manipulator_ws/src/build/open_manipulator_teleop' returned '0': PYTHONPATH=/workspace/manipulator_ws/src/build/open_manipulator_teleop/prefix_override:/usr/lib/python3/dist-packages/colcon_core/task/python/colcon_distutils_commands:/workspace/manipulator_ws/src/install/open_manipulator_teleop/lib/python3.12/site-packages:${PYTHONPATH} /usr/bin/python3 -W ignore:setup.py install is deprecated -W ignore:easy_install command is deprecated setup.py develop --editable --build-directory /workspace/manipulator_ws/src/build/open_manipulator_teleop/build --no-deps symlink_data
