[3.723s] Invoking command in '/workspace/manipulator_ws/src/build/open_manipulator_bringup': AMENT_PREFIX_PATH=/workspace/manipulator_ws/src/install/dynamixel_hardware_interface:/workspace/manipulator_ws/src/install/open_manipulator_description:/workspace/manipulator_ws/src/install/dynamixel_sdk:/workspace/manipulator_ws/src/install/dynamixel_interfaces:${AMENT_PREFIX_PATH} CMAKE_PREFIX_PATH=/workspace/manipulator_ws/src/install/dynamixel_hardware_interface:/workspace/manipulator_ws/src/install/open_manipulator_description:/workspace/manipulator_ws/src/install/dynamixel_sdk:/workspace/manipulator_ws/src/install/dynamixel_interfaces:${CMAKE_PREFIX_PATH} LD_LIBRARY_PATH=/workspace/manipulator_ws/src/install/dynamixel_hardware_interface/lib:/workspace/manipulator_ws/src/install/dynamixel_sdk/lib:/workspace/manipulator_ws/src/install/dynamixel_interfaces/lib:${LD_LIBRARY_PATH} PYTHONPATH=/workspace/manipulator_ws/src/build/open_manipulator_bringup/prefix_override:/usr/lib/python3/dist-packages/colcon_core/task/python/colcon_distutils_commands:/workspace/manipulator_ws/src/install/open_manipulator_bringup/lib/python3.12/site-packages:/workspace/manipulator_ws/src/install/dynamixel_sdk/lib/python3.12/site-packages:/workspace/manipulator_ws/src/install/dynamixel_interfaces/lib/python3.12/site-packages:${PYTHONPATH} /usr/bin/python3 -W ignore:setup.py install is deprecated -W ignore:easy_install command is deprecated setup.py develop --editable --build-directory /workspace/manipulator_ws/src/build/open_manipulator_bringup/build --no-deps symlink_data
[7.129s] running develop
[9.837s] running egg_info
[9.837s] creating open_manipulator_bringup.egg-info
[9.900s] writing open_manipulator_bringup.egg-info/PKG-INFO
[9.903s] writing dependency_links to open_manipulator_bringup.egg-info/dependency_links.txt
[9.904s] writing entry points to open_manipulator_bringup.egg-info/entry_points.txt
[9.905s] writing requirements to open_manipulator_bringup.egg-info/requires.txt
[9.906s] writing top-level names to open_manipulator_bringup.egg-info/top_level.txt
[9.908s] writing manifest file 'open_manipulator_bringup.egg-info/SOURCES.txt'
[10.025s] reading manifest file 'open_manipulator_bringup.egg-info/SOURCES.txt'
[10.028s] writing manifest file 'open_manipulator_bringup.egg-info/SOURCES.txt'
[10.087s] running build_ext
[10.088s] Creating /workspace/manipulator_ws/src/install/open_manipulator_bringup/lib/python3.12/site-packages/open-manipulator-bringup.egg-link (link to .)
[10.091s] Installing joint_trajectory_executor script to /workspace/manipulator_ws/src/install/open_manipulator_bringup/lib/open_manipulator_bringup
[10.095s] Installing om_create_udev_rules script to /workspace/manipulator_ws/src/install/open_manipulator_bringup/lib/open_manipulator_bringup
[10.096s] 
[10.097s] Installed /workspace/manipulator_ws/src/build/open_manipulator_bringup
[10.098s] running symlink_data
[10.112s] creating /workspace/manipulator_ws/src/install/open_manipulator_bringup/share/ament_index
[10.113s] creating /workspace/manipulator_ws/src/install/open_manipulator_bringup/share/ament_index/resource_index
[10.114s] creating /workspace/manipulator_ws/src/install/open_manipulator_bringup/share/ament_index/resource_index/packages
[10.114s] symbolically linking /workspace/manipulator_ws/src/build/open_manipulator_bringup/resource/open_manipulator_bringup -> /workspace/manipulator_ws/src/install/open_manipulator_bringup/share/ament_index/resource_index/packages
[10.115s] symbolically linking /workspace/manipulator_ws/src/build/open_manipulator_bringup/package.xml -> /workspace/manipulator_ws/src/install/open_manipulator_bringup/share/open_manipulator_bringup
[10.116s] creating /workspace/manipulator_ws/src/install/open_manipulator_bringup/share/open_manipulator_bringup/launch
[10.117s] symbolically linking /workspace/manipulator_ws/src/build/open_manipulator_bringup/launch/open_manipulator_x.launch.py -> /workspace/manipulator_ws/src/install/open_manipulator_bringup/share/open_manipulator_bringup/launch
[10.122s] symbolically linking /workspace/manipulator_ws/src/build/open_manipulator_bringup/launch/omx_f_follower_ai_gazebo.launch.py -> /workspace/manipulator_ws/src/install/open_manipulator_bringup/share/open_manipulator_bringup/launch
[10.122s] symbolically linking /workspace/manipulator_ws/src/build/open_manipulator_bringup/launch/omy_f3m_follower_ai_gazebo.launch.py -> /workspace/manipulator_ws/src/install/open_manipulator_bringup/share/open_manipulator_bringup/launch
[10.123s] symbolically linking /workspace/manipulator_ws/src/build/open_manipulator_bringup/launch/omx_f_follower_ai.launch.py -> /workspace/manipulator_ws/src/install/open_manipulator_bringup/share/open_manipulator_bringup/launch
[10.123s] symbolically linking /workspace/manipulator_ws/src/build/open_manipulator_bringup/launch/omx_l_leader_ai.launch.py -> /workspace/manipulator_ws/src/install/open_manipulator_bringup/share/open_manipulator_bringup/launch
[10.123s] symbolically linking /workspace/manipulator_ws/src/build/open_manipulator_bringup/launch/omy_l100_leader_ai.launch.py -> /workspace/manipulator_ws/src/install/open_manipulator_bringup/share/open_manipulator_bringup/launch
[10.123s] symbolically linking /workspace/manipulator_ws/src/build/open_manipulator_bringup/launch/omx_f.launch.py -> /workspace/manipulator_ws/src/install/open_manipulator_bringup/share/open_manipulator_bringup/launch
[10.123s] symbolically linking /workspace/manipulator_ws/src/build/open_manipulator_bringup/launch/omy_f3m_follower_ai.launch.py -> /workspace/manipulator_ws/src/install/open_manipulator_bringup/share/open_manipulator_bringup/launch
[10.123s] symbolically linking /workspace/manipulator_ws/src/build/open_manipulator_bringup/launch/omx_f_gazebo.launch.py -> /workspace/manipulator_ws/src/install/open_manipulator_bringup/share/open_manipulator_bringup/launch
[10.124s] symbolically linking /workspace/manipulator_ws/src/build/open_manipulator_bringup/launch/omy_3m_gazebo.launch.py -> /workspace/manipulator_ws/src/install/open_manipulator_bringup/share/open_manipulator_bringup/launch
[10.127s] symbolically linking /workspace/manipulator_ws/src/build/open_manipulator_bringup/launch/camera_usb_cam.launch.py -> /workspace/manipulator_ws/src/install/open_manipulator_bringup/share/open_manipulator_bringup/launch
[10.129s] symbolically linking /workspace/manipulator_ws/src/build/open_manipulator_bringup/launch/open_manipulator_x_gazebo.launch.py -> /workspace/manipulator_ws/src/install/open_manipulator_bringup/share/open_manipulator_bringup/launch
[10.129s] symbolically linking /workspace/manipulator_ws/src/build/open_manipulator_bringup/launch/omy_l100_follower_ai.launch.py -> /workspace/manipulator_ws/src/install/open_manipulator_bringup/share/open_manipulator_bringup/launch
[10.135s] symbolically linking /workspace/manipulator_ws/src/build/open_manipulator_bringup/launch/camera_realsense.launch.py -> /workspace/manipulator_ws/src/install/open_manipulator_bringup/share/open_manipulator_bringup/launch
[10.140s] symbolically linking /workspace/manipulator_ws/src/build/open_manipulator_bringup/launch/omx_ai.launch.py -> /workspace/manipulator_ws/src/install/open_manipulator_bringup/share/open_manipulator_bringup/launch
[10.141s] symbolically linking /workspace/manipulator_ws/src/build/open_manipulator_bringup/launch/omy_f3m.launch.py -> /workspace/manipulator_ws/src/install/open_manipulator_bringup/share/open_manipulator_bringup/launch
[10.143s] symbolically linking /workspace/manipulator_ws/src/build/open_manipulator_bringup/launch/omy_3m_pack.launch.py -> /workspace/manipulator_ws/src/install/open_manipulator_bringup/share/open_manipulator_bringup/launch
[10.144s] symbolically linking /workspace/manipulator_ws/src/build/open_manipulator_bringup/launch/omy_f3m_leader_ai.launch.py -> /workspace/manipulator_ws/src/install/open_manipulator_bringup/share/open_manipulator_bringup/launch
[10.144s] symbolically linking /workspace/manipulator_ws/src/build/open_manipulator_bringup/launch/omy_f3m_gazebo.launch.py -> /workspace/manipulator_ws/src/install/open_manipulator_bringup/share/open_manipulator_bringup/launch
[10.144s] symbolically linking /workspace/manipulator_ws/src/build/open_manipulator_bringup/launch/omy_ai.launch.py -> /workspace/manipulator_ws/src/install/open_manipulator_bringup/share/open_manipulator_bringup/launch
[10.144s] symbolically linking /workspace/manipulator_ws/src/build/open_manipulator_bringup/launch/omy_3m.launch.py -> /workspace/manipulator_ws/src/install/open_manipulator_bringup/share/open_manipulator_bringup/launch
[10.144s] symbolically linking /workspace/manipulator_ws/src/build/open_manipulator_bringup/launch/omy_3m_unpack.launch.py -> /workspace/manipulator_ws/src/install/open_manipulator_bringup/share/open_manipulator_bringup/launch
[10.144s] symbolically linking /workspace/manipulator_ws/src/build/open_manipulator_bringup/launch/omy_ai_reverse.launch.py -> /workspace/manipulator_ws/src/install/open_manipulator_bringup/share/open_manipulator_bringup/launch
[10.145s] creating /workspace/manipulator_ws/src/install/open_manipulator_bringup/share/open_manipulator_bringup/config
[10.145s] creating /workspace/manipulator_ws/src/install/open_manipulator_bringup/share/open_manipulator_bringup/config/open_manipulator_x
[10.145s] symbolically linking /workspace/manipulator_ws/src/build/open_manipulator_bringup/config/open_manipulator_x/hardware_controller_manager.yaml -> /workspace/manipulator_ws/src/install/open_manipulator_bringup/share/open_manipulator_bringup/config/open_manipulator_x
[10.145s] symbolically linking /workspace/manipulator_ws/src/build/open_manipulator_bringup/config/open_manipulator_x/initial_positions.yaml -> /workspace/manipulator_ws/src/install/open_manipulator_bringup/share/open_manipulator_bringup/config/open_manipulator_x
[10.157s] creating /workspace/manipulator_ws/src/install/open_manipulator_bringup/share/open_manipulator_bringup/config/omy_3m
[10.159s] symbolically linking /workspace/manipulator_ws/src/build/open_manipulator_bringup/config/omy_3m/qc_positions.yaml -> /workspace/manipulator_ws/src/install/open_manipulator_bringup/share/open_manipulator_bringup/config/omy_3m
[10.162s] symbolically linking /workspace/manipulator_ws/src/build/open_manipulator_bringup/config/omy_3m/pack_positions.yaml -> /workspace/manipulator_ws/src/install/open_manipulator_bringup/share/open_manipulator_bringup/config/omy_3m
[10.162s] symbolically linking /workspace/manipulator_ws/src/build/open_manipulator_bringup/config/omy_3m/hardware_controller_manager.yaml -> /workspace/manipulator_ws/src/install/open_manipulator_bringup/share/open_manipulator_bringup/config/omy_3m
[10.163s] symbolically linking /workspace/manipulator_ws/src/build/open_manipulator_bringup/config/omy_3m/initial_positions.yaml -> /workspace/manipulator_ws/src/install/open_manipulator_bringup/share/open_manipulator_bringup/config/omy_3m
[10.163s] creating /workspace/manipulator_ws/src/install/open_manipulator_bringup/share/open_manipulator_bringup/config/omy_f3m
[10.164s] symbolically linking /workspace/manipulator_ws/src/build/open_manipulator_bringup/config/omy_f3m/hardware_controller_manager.yaml -> /workspace/manipulator_ws/src/install/open_manipulator_bringup/share/open_manipulator_bringup/config/omy_f3m
[10.165s] symbolically linking /workspace/manipulator_ws/src/build/open_manipulator_bringup/config/omy_f3m/initial_positions.yaml -> /workspace/manipulator_ws/src/install/open_manipulator_bringup/share/open_manipulator_bringup/config/omy_f3m
[10.167s] creating /workspace/manipulator_ws/src/install/open_manipulator_bringup/share/open_manipulator_bringup/config/omy_f3m_follower_ai
[10.169s] symbolically linking /workspace/manipulator_ws/src/build/open_manipulator_bringup/config/omy_f3m_follower_ai/qc_positions.yaml -> /workspace/manipulator_ws/src/install/open_manipulator_bringup/share/open_manipulator_bringup/config/omy_f3m_follower_ai
[10.170s] symbolically linking /workspace/manipulator_ws/src/build/open_manipulator_bringup/config/omy_f3m_follower_ai/hardware_controller_manager.yaml -> /workspace/manipulator_ws/src/install/open_manipulator_bringup/share/open_manipulator_bringup/config/omy_f3m_follower_ai
[10.171s] symbolically linking /workspace/manipulator_ws/src/build/open_manipulator_bringup/config/omy_f3m_follower_ai/initial_positions.yaml -> /workspace/manipulator_ws/src/install/open_manipulator_bringup/share/open_manipulator_bringup/config/omy_f3m_follower_ai
[10.171s] creating /workspace/manipulator_ws/src/install/open_manipulator_bringup/share/open_manipulator_bringup/config/omy_f3m_leader_ai
[10.174s] symbolically linking /workspace/manipulator_ws/src/build/open_manipulator_bringup/config/omy_f3m_leader_ai/hardware_controller_manager.yaml -> /workspace/manipulator_ws/src/install/open_manipulator_bringup/share/open_manipulator_bringup/config/omy_f3m_leader_ai
[10.174s] creating /workspace/manipulator_ws/src/install/open_manipulator_bringup/share/open_manipulator_bringup/config/omy_l100_follower_ai
[10.174s] symbolically linking /workspace/manipulator_ws/src/build/open_manipulator_bringup/config/omy_l100_follower_ai/hardware_controller_manager.yaml -> /workspace/manipulator_ws/src/install/open_manipulator_bringup/share/open_manipulator_bringup/config/omy_l100_follower_ai
[10.175s] symbolically linking /workspace/manipulator_ws/src/build/open_manipulator_bringup/config/omy_l100_follower_ai/initial_positions.yaml -> /workspace/manipulator_ws/src/install/open_manipulator_bringup/share/open_manipulator_bringup/config/omy_l100_follower_ai
[10.175s] creating /workspace/manipulator_ws/src/install/open_manipulator_bringup/share/open_manipulator_bringup/config/omy_l100_leader_ai
[10.175s] symbolically linking /workspace/manipulator_ws/src/build/open_manipulator_bringup/config/omy_l100_leader_ai/hardware_controller_manager.yaml -> /workspace/manipulator_ws/src/install/open_manipulator_bringup/share/open_manipulator_bringup/config/omy_l100_leader_ai
[10.175s] creating /workspace/manipulator_ws/src/install/open_manipulator_bringup/share/open_manipulator_bringup/config/omx_f
[10.175s] symbolically linking /workspace/manipulator_ws/src/build/open_manipulator_bringup/config/omx_f/hardware_controller_manager.yaml -> /workspace/manipulator_ws/src/install/open_manipulator_bringup/share/open_manipulator_bringup/config/omx_f
[10.179s] symbolically linking /workspace/manipulator_ws/src/build/open_manipulator_bringup/config/omx_f/initial_positions.yaml -> /workspace/manipulator_ws/src/install/open_manipulator_bringup/share/open_manipulator_bringup/config/omx_f
[10.179s] creating /workspace/manipulator_ws/src/install/open_manipulator_bringup/share/open_manipulator_bringup/config/omx_f_follower_ai
[10.180s] symbolically linking /workspace/manipulator_ws/src/build/open_manipulator_bringup/config/omx_f_follower_ai/hardware_controller_manager.yaml -> /workspace/manipulator_ws/src/install/open_manipulator_bringup/share/open_manipulator_bringup/config/omx_f_follower_ai
[10.181s] symbolically linking /workspace/manipulator_ws/src/build/open_manipulator_bringup/config/omx_f_follower_ai/initial_positions.yaml -> /workspace/manipulator_ws/src/install/open_manipulator_bringup/share/open_manipulator_bringup/config/omx_f_follower_ai
[10.181s] creating /workspace/manipulator_ws/src/install/open_manipulator_bringup/share/open_manipulator_bringup/config/omx_l_leader_ai
[10.182s] symbolically linking /workspace/manipulator_ws/src/build/open_manipulator_bringup/config/omx_l_leader_ai/hardware_controller_manager.yaml -> /workspace/manipulator_ws/src/install/open_manipulator_bringup/share/open_manipulator_bringup/config/omx_l_leader_ai
[10.182s] creating /workspace/manipulator_ws/src/install/open_manipulator_bringup/share/open_manipulator_bringup/worlds
[10.183s] symbolically linking /workspace/manipulator_ws/src/build/open_manipulator_bringup/worlds/empty_world.sdf -> /workspace/manipulator_ws/src/install/open_manipulator_bringup/share/open_manipulator_bringup/worlds
[10.183s] symbolically linking /workspace/manipulator_ws/src/build/open_manipulator_bringup/open-manipulator-cdc.rules -> /workspace/manipulator_ws/src/install/open_manipulator_bringup/share/open_manipulator_bringup
[10.484s] Invoked command in '/workspace/manipulator_ws/src/build/open_manipulator_bringup' returned '0': AMENT_PREFIX_PATH=/workspace/manipulator_ws/src/install/dynamixel_hardware_interface:/workspace/manipulator_ws/src/install/open_manipulator_description:/workspace/manipulator_ws/src/install/dynamixel_sdk:/workspace/manipulator_ws/src/install/dynamixel_interfaces:${AMENT_PREFIX_PATH} CMAKE_PREFIX_PATH=/workspace/manipulator_ws/src/install/dynamixel_hardware_interface:/workspace/manipulator_ws/src/install/open_manipulator_description:/workspace/manipulator_ws/src/install/dynamixel_sdk:/workspace/manipulator_ws/src/install/dynamixel_interfaces:${CMAKE_PREFIX_PATH} LD_LIBRARY_PATH=/workspace/manipulator_ws/src/install/dynamixel_hardware_interface/lib:/workspace/manipulator_ws/src/install/dynamixel_sdk/lib:/workspace/manipulator_ws/src/install/dynamixel_interfaces/lib:${LD_LIBRARY_PATH} PYTHONPATH=/workspace/manipulator_ws/src/build/open_manipulator_bringup/prefix_override:/usr/lib/python3/dist-packages/colcon_core/task/python/colcon_distutils_commands:/workspace/manipulator_ws/src/install/open_manipulator_bringup/lib/python3.12/site-packages:/workspace/manipulator_ws/src/install/dynamixel_sdk/lib/python3.12/site-packages:/workspace/manipulator_ws/src/install/dynamixel_interfaces/lib/python3.12/site-packages:${PYTHONPATH} /usr/bin/python3 -W ignore:setup.py install is deprecated -W ignore:easy_install command is deprecated setup.py develop --editable --build-directory /workspace/manipulator_ws/src/build/open_manipulator_bringup/build --no-deps symlink_data
