[0.041s] Invoking command in '/workspace/manipulator_ws/src/build/robotis_interfaces': CMAKE_PREFIX_PATH=${CMAKE_PREFIX_PATH}:/workspace/ros2_ws/install/yolo_ros:/workspace/ros2_ws/install/teleop_safety:/workspace/ros2_ws/install/open_manipulator_teleop:/workspace/ros2_ws/install/frontman:/workspace/ros2_ws/install/cam2goal:/opt/ros/jazzy /usr/bin/cmake /workspace/manipulator_ws/src/robotis_interfaces -DAMENT_CMAKE_SYMLINK_INSTALL=1 -DCMAKE_INSTALL_PREFIX=/workspace/manipulator_ws/src/install/robotis_interfaces
[0.264s] -- The C compiler identification is GNU 13.3.0
[0.448s] -- The CXX compiler identification is GNU 13.3.0
[0.488s] -- Detecting C compiler ABI info
[0.800s] -- Detecting C compiler ABI info - done
[0.849s] -- Check for working C compiler: /usr/bin/cc - skipped
[0.849s] -- Detecting C compile features
[0.852s] -- Detecting C compile features - done
[0.886s] -- Detecting CXX compiler ABI info
[1.259s] -- Detecting CXX compiler ABI info - done
[1.345s] -- Check for working CXX compiler: /usr/bin/c++ - skipped
[1.346s] -- Detecting CXX compile features
[1.346s] -- Detecting CXX compile features - done
[1.384s] -- Found ament_cmake: 2.5.6 (/opt/ros/jazzy/share/ament_cmake/cmake)
[1.973s] -- Found Python3: /usr/bin/python3 (found version "3.12.3") found components: Interpreter 
[2.416s] -- Override CMake install command with custom implementation using symlinks instead of copying resources
[2.901s] -- Found builtin_interfaces: 2.0.4 (/opt/ros/jazzy/share/builtin_interfaces/cmake)
[3.298s] -- Found rosidl_generator_c: 4.6.9 (/opt/ros/jazzy/share/rosidl_generator_c/cmake)
[3.477s] -- Found rosidl_generator_cpp: 4.6.9 (/opt/ros/jazzy/share/rosidl_generator_cpp/cmake)
[3.584s] -- Using all available rosidl_typesupport_c: rosidl_typesupport_fastrtps_c;rosidl_typesupport_introspection_c
[3.706s] -- Using all available rosidl_typesupport_cpp: rosidl_typesupport_fastrtps_cpp;rosidl_typesupport_introspection_cpp
[3.793s] -- Found geometry_msgs: 5.3.8 (/opt/ros/jazzy/share/geometry_msgs/cmake)
[4.088s] -- Found rosidl_default_generators: 1.6.1 (/opt/ros/jazzy/share/rosidl_default_generators/cmake)
[4.357s] -- Found rosidl_adapter: 4.6.9 (/opt/ros/jazzy/share/rosidl_adapter/cmake)
[9.700s] -- Found ament_cmake_ros: 0.12.1 (/opt/ros/jazzy/share/ament_cmake_ros/cmake)
[15.004s] -- Using all available rosidl_typesupport_c: rosidl_typesupport_fastrtps_c;rosidl_typesupport_introspection_c
[16.465s] -- Using all available rosidl_typesupport_cpp: rosidl_typesupport_fastrtps_cpp;rosidl_typesupport_introspection_cpp
[16.510s] -- Found python_cmake_module: 0.11.1 (/opt/ros/jazzy/share/python_cmake_module/cmake)
[17.201s] -- Found PythonExtra: /usr/bin/python3  
[18.715s] -- Found Python3: /usr/bin/python3 (found version "3.12.3") found components: Interpreter Development NumPy Development.Module Development.Embed 
[19.382s] -- Found Python3: /usr/bin/python3 (found version "3.12.3") found components: Interpreter 
[19.443s] -- Configuring done (19.4s)
[19.739s] -- Generating done (0.2s)
[19.833s] -- Build files have been written to: /workspace/manipulator_ws/src/build/robotis_interfaces
[19.871s] Invoked command in '/workspace/manipulator_ws/src/build/robotis_interfaces' returned '0': CMAKE_PREFIX_PATH=${CMAKE_PREFIX_PATH}:/workspace/ros2_ws/install/yolo_ros:/workspace/ros2_ws/install/teleop_safety:/workspace/ros2_ws/install/open_manipulator_teleop:/workspace/ros2_ws/install/frontman:/workspace/ros2_ws/install/cam2goal:/opt/ros/jazzy /usr/bin/cmake /workspace/manipulator_ws/src/robotis_interfaces -DAMENT_CMAKE_SYMLINK_INSTALL=1 -DCMAKE_INSTALL_PREFIX=/workspace/manipulator_ws/src/install/robotis_interfaces
[19.871s] Invoking command in '/workspace/manipulator_ws/src/build/robotis_interfaces': CMAKE_PREFIX_PATH=${CMAKE_PREFIX_PATH}:/workspace/ros2_ws/install/yolo_ros:/workspace/ros2_ws/install/teleop_safety:/workspace/ros2_ws/install/open_manipulator_teleop:/workspace/ros2_ws/install/frontman:/workspace/ros2_ws/install/cam2goal:/opt/ros/jazzy /usr/bin/cmake --build /workspace/manipulator_ws/src/build/robotis_interfaces -- -j4 -l4
[20.189s] [  1%] [34m[1mGenerating Rust code for ROS interfaces[0m
[21.738s] [  1%] Built target robotis_interfaces__rs
[21.869s] [  1%] Built target ament_cmake_python_symlink_robotis_interfaces
[21.940s] [  3%] [34m[1mGenerating type hashes for ROS interfaces[0m
[23.111s] [  3%] Built target robotis_interfaces__rosidl_generator_type_description
[23.893s] running egg_info
[23.897s] creating robotis_interfaces.egg-info
[23.944s] writing robotis_interfaces.egg-info/PKG-INFO
[23.944s] writing dependency_links to robotis_interfaces.egg-info/dependency_links.txt
[23.945s] writing top-level names to robotis_interfaces.egg-info/top_level.txt
[23.946s] writing manifest file 'robotis_interfaces.egg-info/SOURCES.txt'
[24.189s] reading manifest file 'robotis_interfaces.egg-info/SOURCES.txt'
[24.206s] writing manifest file 'robotis_interfaces.egg-info/SOURCES.txt'
[24.346s] [  3%] Built target ament_cmake_python_build_robotis_interfaces_egg
[24.434s] [  4%] [34m[1mGenerating C++ code for ROS interfaces[0m
[26.983s] [  4%] Built target robotis_interfaces__cpp
[27.075s] [  6%] [34m[1mGenerating C code for ROS interfaces[0m
[29.992s] [  7%] [32mBuilding C object CMakeFiles/robotis_interfaces__rosidl_generator_c.dir/rosidl_generator_c/robotis_interfaces/msg/detail/hand_joints__description.c.o[0m
[30.157s] [  9%] [32mBuilding C object CMakeFiles/robotis_interfaces__rosidl_generator_c.dir/rosidl_generator_c/robotis_interfaces/msg/detail/hand_pressures__description.c.o[0m
[30.339s] [ 10%] [32mBuilding C object CMakeFiles/robotis_interfaces__rosidl_generator_c.dir/rosidl_generator_c/robotis_interfaces/msg/detail/hand_pressures__functions.c.o[0m
[30.488s] [ 12%] [32mBuilding C object CMakeFiles/robotis_interfaces__rosidl_generator_c.dir/rosidl_generator_c/robotis_interfaces/msg/detail/hand_pressures__type_support.c.o[0m
[30.576s] [ 13%] [32mBuilding C object CMakeFiles/robotis_interfaces__rosidl_generator_c.dir/rosidl_generator_c/robotis_interfaces/msg/detail/move_l__description.c.o[0m
[30.715s] [ 15%] [32mBuilding C object CMakeFiles/robotis_interfaces__rosidl_generator_c.dir/rosidl_generator_c/robotis_interfaces/msg/detail/move_l__functions.c.o[0m
[31.004s] [ 16%] [32mBuilding C object CMakeFiles/robotis_interfaces__rosidl_generator_c.dir/rosidl_generator_c/robotis_interfaces/msg/detail/move_l__type_support.c.o[0m
[31.267s] [ 18%] [32mBuilding C object CMakeFiles/robotis_interfaces__rosidl_generator_c.dir/rosidl_generator_c/robotis_interfaces/msg/detail/tactile_sensor__description.c.o[0m
[31.461s] [ 20%] [32mBuilding C object CMakeFiles/robotis_interfaces__rosidl_generator_c.dir/rosidl_generator_c/robotis_interfaces/msg/detail/tactile_sensor__functions.c.o[0m
[31.619s] [ 21%] [32mBuilding C object CMakeFiles/robotis_interfaces__rosidl_generator_c.dir/rosidl_generator_c/robotis_interfaces/msg/detail/tactile_sensor__type_support.c.o[0m
[31.728s] [ 23%] [32mBuilding C object CMakeFiles/robotis_interfaces__rosidl_generator_c.dir/rosidl_generator_c/robotis_interfaces/msg/detail/hand_joints__type_support.c.o[0m
[31.853s] [ 24%] [32mBuilding C object CMakeFiles/robotis_interfaces__rosidl_generator_c.dir/rosidl_generator_c/robotis_interfaces/msg/detail/hand_joints__functions.c.o[0m
[32.045s] [ 26%] [32m[1mLinking C shared library librobotis_interfaces__rosidl_generator_c.so[0m
[32.219s] [ 26%] Built target robotis_interfaces__rosidl_generator_c
[32.248s] [ 27%] [34m[1mGenerating C type support for eProsima Fast-RTPS[0m
[34.277s] [ 29%] [32mBuilding CXX object CMakeFiles/robotis_interfaces__rosidl_typesupport_fastrtps_c.dir/rosidl_typesupport_fastrtps_c/robotis_interfaces/msg/detail/hand_joints__type_support_c.cpp.o[0m
[36.305s] [ 30%] [32mBuilding CXX object CMakeFiles/robotis_interfaces__rosidl_typesupport_fastrtps_c.dir/rosidl_typesupport_fastrtps_c/robotis_interfaces/msg/detail/hand_pressures__type_support_c.cpp.o[0m
[37.706s] [ 32%] [32mBuilding CXX object CMakeFiles/robotis_interfaces__rosidl_typesupport_fastrtps_c.dir/rosidl_typesupport_fastrtps_c/robotis_interfaces/msg/detail/move_l__type_support_c.cpp.o[0m
[38.896s] [ 33%] [32mBuilding CXX object CMakeFiles/robotis_interfaces__rosidl_typesupport_fastrtps_c.dir/rosidl_typesupport_fastrtps_c/robotis_interfaces/msg/detail/tactile_sensor__type_support_c.cpp.o[0m
[40.261s] [ 35%] [32m[1mLinking CXX shared library librobotis_interfaces__rosidl_typesupport_fastrtps_c.so[0m
[40.483s] [ 35%] Built target robotis_interfaces__rosidl_typesupport_fastrtps_c
[40.513s] [ 36%] [34m[1mGenerating C type support dispatch for ROS interfaces[0m
[41.706s] [ 38%] [32mBuilding CXX object CMakeFiles/robotis_interfaces__rosidl_typesupport_c.dir/rosidl_typesupport_c/robotis_interfaces/msg/hand_joints__type_support.cpp.o[0m
[41.966s] [ 40%] [32mBuilding CXX object CMakeFiles/robotis_interfaces__rosidl_typesupport_c.dir/rosidl_typesupport_c/robotis_interfaces/msg/hand_pressures__type_support.cpp.o[0m
[42.181s] [ 41%] [32mBuilding CXX object CMakeFiles/robotis_interfaces__rosidl_typesupport_c.dir/rosidl_typesupport_c/robotis_interfaces/msg/move_l__type_support.cpp.o[0m
[42.520s] [ 43%] [32mBuilding CXX object CMakeFiles/robotis_interfaces__rosidl_typesupport_c.dir/rosidl_typesupport_c/robotis_interfaces/msg/tactile_sensor__type_support.cpp.o[0m
[42.648s] [ 44%] [32m[1mLinking CXX shared library librobotis_interfaces__rosidl_typesupport_c.so[0m
[42.815s] [ 44%] Built target robotis_interfaces__rosidl_typesupport_c
[42.827s] [ 46%] [34m[1mGenerating C++ introspection for ROS interfaces[0m
[44.850s] [ 47%] [32mBuilding CXX object CMakeFiles/robotis_interfaces__rosidl_typesupport_introspection_cpp.dir/rosidl_typesupport_introspection_cpp/robotis_interfaces/msg/detail/hand_joints__type_support.cpp.o[0m
[45.970s] [ 49%] [32mBuilding CXX object CMakeFiles/robotis_interfaces__rosidl_typesupport_introspection_cpp.dir/rosidl_typesupport_introspection_cpp/robotis_interfaces/msg/detail/hand_pressures__type_support.cpp.o[0m
[46.953s] [ 50%] [32mBuilding CXX object CMakeFiles/robotis_interfaces__rosidl_typesupport_introspection_cpp.dir/rosidl_typesupport_introspection_cpp/robotis_interfaces/msg/detail/move_l__type_support.cpp.o[0m
[47.690s] [ 52%] [32mBuilding CXX object CMakeFiles/robotis_interfaces__rosidl_typesupport_introspection_cpp.dir/rosidl_typesupport_introspection_cpp/robotis_interfaces/msg/detail/tactile_sensor__type_support.cpp.o[0m
[48.883s] [ 53%] [32m[1mLinking CXX shared library librobotis_interfaces__rosidl_typesupport_introspection_cpp.so[0m
[49.254s] [ 53%] Built target robotis_interfaces__rosidl_typesupport_introspection_cpp
[49.328s] [ 55%] [34m[1mGenerating C++ type support dispatch for ROS interfaces[0m
[50.410s] [ 56%] [32mBuilding CXX object CMakeFiles/robotis_interfaces__rosidl_typesupport_cpp.dir/rosidl_typesupport_cpp/robotis_interfaces/msg/hand_joints__type_support.cpp.o[0m
[51.108s] [ 58%] [32mBuilding CXX object CMakeFiles/robotis_interfaces__rosidl_typesupport_cpp.dir/rosidl_typesupport_cpp/robotis_interfaces/msg/hand_pressures__type_support.cpp.o[0m
[51.869s] [ 60%] [32mBuilding CXX object CMakeFiles/robotis_interfaces__rosidl_typesupport_cpp.dir/rosidl_typesupport_cpp/robotis_interfaces/msg/move_l__type_support.cpp.o[0m
[52.612s] [ 61%] [32mBuilding CXX object CMakeFiles/robotis_interfaces__rosidl_typesupport_cpp.dir/rosidl_typesupport_cpp/robotis_interfaces/msg/tactile_sensor__type_support.cpp.o[0m
[53.345s] [ 63%] [32m[1mLinking CXX shared library librobotis_interfaces__rosidl_typesupport_cpp.so[0m
[53.484s] [ 63%] Built target robotis_interfaces__rosidl_typesupport_cpp
[53.567s] [ 64%] [34m[1mGenerating C introspection for ROS interfaces[0m
[55.258s] [ 66%] [32mBuilding C object CMakeFiles/robotis_interfaces__rosidl_typesupport_introspection_c.dir/rosidl_typesupport_introspection_c/robotis_interfaces/msg/detail/hand_joints__type_support.c.o[0m
[55.499s] [ 67%] [32mBuilding C object CMakeFiles/robotis_interfaces__rosidl_typesupport_introspection_c.dir/rosidl_typesupport_introspection_c/robotis_interfaces/msg/detail/move_l__type_support.c.o[0m
[55.616s] [ 69%] [32mBuilding C object CMakeFiles/robotis_interfaces__rosidl_typesupport_introspection_c.dir/rosidl_typesupport_introspection_c/robotis_interfaces/msg/detail/tactile_sensor__type_support.c.o[0m
[55.728s] [ 70%] [32mBuilding C object CMakeFiles/robotis_interfaces__rosidl_typesupport_introspection_c.dir/rosidl_typesupport_introspection_c/robotis_interfaces/msg/detail/hand_pressures__type_support.c.o[0m
[55.837s] [ 72%] [32m[1mLinking C shared library librobotis_interfaces__rosidl_typesupport_introspection_c.so[0m
[55.968s] [ 72%] Built target robotis_interfaces__rosidl_typesupport_introspection_c
[56.002s] [ 73%] [34m[1mGenerating C++ type support for eProsima Fast-RTPS[0m
[58.338s] [ 75%] [32mBuilding CXX object CMakeFiles/robotis_interfaces__rosidl_typesupport_fastrtps_cpp.dir/rosidl_typesupport_fastrtps_cpp/robotis_interfaces/msg/detail/dds_fastrtps/hand_joints__type_support.cpp.o[0m
[60.100s] [ 76%] [32mBuilding CXX object CMakeFiles/robotis_interfaces__rosidl_typesupport_fastrtps_cpp.dir/rosidl_typesupport_fastrtps_cpp/robotis_interfaces/msg/detail/dds_fastrtps/tactile_sensor__type_support.cpp.o[0m
[61.998s] [ 78%] [32mBuilding CXX object CMakeFiles/robotis_interfaces__rosidl_typesupport_fastrtps_cpp.dir/rosidl_typesupport_fastrtps_cpp/robotis_interfaces/msg/detail/dds_fastrtps/move_l__type_support.cpp.o[0m
[64.068s] [ 80%] [32mBuilding CXX object CMakeFiles/robotis_interfaces__rosidl_typesupport_fastrtps_cpp.dir/rosidl_typesupport_fastrtps_cpp/robotis_interfaces/msg/detail/dds_fastrtps/hand_pressures__type_support.cpp.o[0m
[65.608s] [ 81%] [32m[1mLinking CXX shared library librobotis_interfaces__rosidl_typesupport_fastrtps_cpp.so[0m
[65.916s] [ 81%] Built target robotis_interfaces__rosidl_typesupport_fastrtps_cpp
[66.061s] [ 81%] Built target robotis_interfaces
[66.177s] [ 83%] [34m[1mGenerating Python code for ROS interfaces[0m
[69.969s] [ 83%] Built target robotis_interfaces__py
[70.071s] [ 84%] [32mBuilding C object CMakeFiles/robotis_interfaces__rosidl_generator_py.dir/rosidl_generator_py/robotis_interfaces/msg/_hand_joints_s.c.o[0m
[70.736s] [ 86%] [32mBuilding C object CMakeFiles/robotis_interfaces__rosidl_generator_py.dir/rosidl_generator_py/robotis_interfaces/msg/_tactile_sensor_s.c.o[0m
[71.310s] [ 87%] [32mBuilding C object CMakeFiles/robotis_interfaces__rosidl_generator_py.dir/rosidl_generator_py/robotis_interfaces/msg/_move_l_s.c.o[0m
[71.907s] [ 89%] [32mBuilding C object CMakeFiles/robotis_interfaces__rosidl_generator_py.dir/rosidl_generator_py/robotis_interfaces/msg/_hand_pressures_s.c.o[0m
[72.529s] [ 90%] [32m[1mLinking C shared library librobotis_interfaces__rosidl_generator_py.so[0m
[72.821s] [ 90%] Built target robotis_interfaces__rosidl_generator_py
[72.939s] [ 92%] [32mBuilding C object CMakeFiles/robotis_interfaces_s__rosidl_typesupport_fastrtps_c.dir/rosidl_generator_py/robotis_interfaces/_robotis_interfaces_s.ep.rosidl_typesupport_fastrtps_c.c.o[0m
[73.488s] [ 93%] [32m[1mLinking C shared module rosidl_generator_py/robotis_interfaces/robotis_interfaces_s__rosidl_typesupport_fastrtps_c.so[0m
[73.774s] [ 93%] Built target robotis_interfaces_s__rosidl_typesupport_fastrtps_c
[73.871s] [ 95%] [32mBuilding C object CMakeFiles/robotis_interfaces_s__rosidl_typesupport_c.dir/rosidl_generator_py/robotis_interfaces/_robotis_interfaces_s.ep.rosidl_typesupport_c.c.o[0m
[74.481s] [ 96%] [32m[1mLinking C shared module rosidl_generator_py/robotis_interfaces/robotis_interfaces_s__rosidl_typesupport_c.so[0m
[74.640s] [ 96%] Built target robotis_interfaces_s__rosidl_typesupport_c
[74.753s] [ 98%] [32mBuilding C object CMakeFiles/robotis_interfaces_s__rosidl_typesupport_introspection_c.dir/rosidl_generator_py/robotis_interfaces/_robotis_interfaces_s.ep.rosidl_typesupport_introspection_c.c.o[0m
[75.321s] [100%] [32m[1mLinking C shared module rosidl_generator_py/robotis_interfaces/robotis_interfaces_s__rosidl_typesupport_introspection_c.so[0m
[75.484s] [100%] Built target robotis_interfaces_s__rosidl_typesupport_introspection_c
[75.558s] Invoked command in '/workspace/manipulator_ws/src/build/robotis_interfaces' returned '0': CMAKE_PREFIX_PATH=${CMAKE_PREFIX_PATH}:/workspace/ros2_ws/install/yolo_ros:/workspace/ros2_ws/install/teleop_safety:/workspace/ros2_ws/install/open_manipulator_teleop:/workspace/ros2_ws/install/frontman:/workspace/ros2_ws/install/cam2goal:/opt/ros/jazzy /usr/bin/cmake --build /workspace/manipulator_ws/src/build/robotis_interfaces -- -j4 -l4
[75.559s] Invoking command in '/workspace/manipulator_ws/src/build/robotis_interfaces': CMAKE_PREFIX_PATH=${CMAKE_PREFIX_PATH}:/workspace/ros2_ws/install/yolo_ros:/workspace/ros2_ws/install/teleop_safety:/workspace/ros2_ws/install/open_manipulator_teleop:/workspace/ros2_ws/install/frontman:/workspace/ros2_ws/install/cam2goal:/opt/ros/jazzy /usr/bin/cmake --install /workspace/manipulator_ws/src/build/robotis_interfaces
[75.596s] -- Install configuration: ""
[75.607s] -- Execute custom install script
[75.610s] -- Symlinking: /workspace/manipulator_ws/src/install/robotis_interfaces/share/ament_index/resource_index/rosidl_interfaces/robotis_interfaces
[75.634s] -- Symlinking: /workspace/manipulator_ws/src/install/robotis_interfaces/share/robotis_interfaces/msg/HandJoints.json
[75.660s] -- Symlinking: /workspace/manipulator_ws/src/install/robotis_interfaces/share/robotis_interfaces/msg/HandPressures.json
[75.725s] -- Symlinking: /workspace/manipulator_ws/src/install/robotis_interfaces/share/robotis_interfaces/msg/MoveL.json
[75.783s] -- Symlinking: /workspace/manipulator_ws/src/install/robotis_interfaces/share/robotis_interfaces/msg/TactileSensor.json
[75.819s] -- Symlinking: /workspace/manipulator_ws/src/install/robotis_interfaces/include/robotis_interfaces/robotis_interfaces/msg/detail/hand_joints__functions.h
[75.839s] -- Symlinking: /workspace/manipulator_ws/src/install/robotis_interfaces/include/robotis_interfaces/robotis_interfaces/msg/detail/hand_joints__struct.h
[75.865s] -- Symlinking: /workspace/manipulator_ws/src/install/robotis_interfaces/include/robotis_interfaces/robotis_interfaces/msg/detail/hand_joints__type_support.h
[75.885s] -- Symlinking: /workspace/manipulator_ws/src/install/robotis_interfaces/include/robotis_interfaces/robotis_interfaces/msg/detail/hand_pressures__functions.h
[75.920s] -- Symlinking: /workspace/manipulator_ws/src/install/robotis_interfaces/include/robotis_interfaces/robotis_interfaces/msg/detail/hand_pressures__struct.h
[75.945s] -- Symlinking: /workspace/manipulator_ws/src/install/robotis_interfaces/include/robotis_interfaces/robotis_interfaces/msg/detail/hand_pressures__type_support.h
[75.964s] -- Symlinking: /workspace/manipulator_ws/src/install/robotis_interfaces/include/robotis_interfaces/robotis_interfaces/msg/detail/move_l__functions.h
[75.985s] -- Symlinking: /workspace/manipulator_ws/src/install/robotis_interfaces/include/robotis_interfaces/robotis_interfaces/msg/detail/move_l__struct.h
[76.010s] -- Symlinking: /workspace/manipulator_ws/src/install/robotis_interfaces/include/robotis_interfaces/robotis_interfaces/msg/detail/move_l__type_support.h
[76.034s] -- Symlinking: /workspace/manipulator_ws/src/install/robotis_interfaces/include/robotis_interfaces/robotis_interfaces/msg/detail/tactile_sensor__functions.h
[76.051s] -- Symlinking: /workspace/manipulator_ws/src/install/robotis_interfaces/include/robotis_interfaces/robotis_interfaces/msg/detail/tactile_sensor__struct.h
[76.074s] -- Symlinking: /workspace/manipulator_ws/src/install/robotis_interfaces/include/robotis_interfaces/robotis_interfaces/msg/detail/tactile_sensor__type_support.h
[76.100s] -- Symlinking: /workspace/manipulator_ws/src/install/robotis_interfaces/include/robotis_interfaces/robotis_interfaces/msg/hand_joints.h
[76.121s] -- Symlinking: /workspace/manipulator_ws/src/install/robotis_interfaces/include/robotis_interfaces/robotis_interfaces/msg/hand_pressures.h
[76.143s] -- Symlinking: /workspace/manipulator_ws/src/install/robotis_interfaces/include/robotis_interfaces/robotis_interfaces/msg/move_l.h
[76.236s] -- Symlinking: /workspace/manipulator_ws/src/install/robotis_interfaces/include/robotis_interfaces/robotis_interfaces/msg/rosidl_generator_c__visibility_control.h
[76.251s] -- Symlinking: /workspace/manipulator_ws/src/install/robotis_interfaces/include/robotis_interfaces/robotis_interfaces/msg/tactile_sensor.h
[76.302s] -- Symlinking: /workspace/manipulator_ws/src/install/robotis_interfaces/share/robotis_interfaces/environment/library_path.sh
[76.421s] -- Symlinking: /workspace/manipulator_ws/src/install/robotis_interfaces/share/robotis_interfaces/environment/library_path.dsv
[76.466s] -- Symlinking: /workspace/manipulator_ws/src/install/robotis_interfaces/include/robotis_interfaces/robotis_interfaces/msg/detail/hand_joints__rosidl_typesupport_fastrtps_c.h
[76.489s] -- Symlinking: /workspace/manipulator_ws/src/install/robotis_interfaces/include/robotis_interfaces/robotis_interfaces/msg/detail/hand_pressures__rosidl_typesupport_fastrtps_c.h
[76.516s] -- Symlinking: /workspace/manipulator_ws/src/install/robotis_interfaces/include/robotis_interfaces/robotis_interfaces/msg/detail/move_l__rosidl_typesupport_fastrtps_c.h
[76.538s] -- Symlinking: /workspace/manipulator_ws/src/install/robotis_interfaces/include/robotis_interfaces/robotis_interfaces/msg/detail/tactile_sensor__rosidl_typesupport_fastrtps_c.h
[76.567s] -- Symlinking: /workspace/manipulator_ws/src/install/robotis_interfaces/include/robotis_interfaces/robotis_interfaces/msg/rosidl_typesupport_fastrtps_c__visibility_control.h
[76.614s] -- Symlinking: /workspace/manipulator_ws/src/install/robotis_interfaces/include/robotis_interfaces/robotis_interfaces/msg/detail/hand_joints__builder.hpp
[76.682s] -- Symlinking: /workspace/manipulator_ws/src/install/robotis_interfaces/include/robotis_interfaces/robotis_interfaces/msg/detail/hand_joints__struct.hpp
[76.760s] -- Symlinking: /workspace/manipulator_ws/src/install/robotis_interfaces/include/robotis_interfaces/robotis_interfaces/msg/detail/hand_joints__traits.hpp
[76.795s] -- Symlinking: /workspace/manipulator_ws/src/install/robotis_interfaces/include/robotis_interfaces/robotis_interfaces/msg/detail/hand_joints__type_support.hpp
[76.887s] -- Symlinking: /workspace/manipulator_ws/src/install/robotis_interfaces/include/robotis_interfaces/robotis_interfaces/msg/detail/hand_pressures__builder.hpp
[77.062s] -- Symlinking: /workspace/manipulator_ws/src/install/robotis_interfaces/include/robotis_interfaces/robotis_interfaces/msg/detail/hand_pressures__struct.hpp
[77.101s] -- Symlinking: /workspace/manipulator_ws/src/install/robotis_interfaces/include/robotis_interfaces/robotis_interfaces/msg/detail/hand_pressures__traits.hpp
[77.127s] -- Symlinking: /workspace/manipulator_ws/src/install/robotis_interfaces/include/robotis_interfaces/robotis_interfaces/msg/detail/hand_pressures__type_support.hpp
[77.204s] -- Symlinking: /workspace/manipulator_ws/src/install/robotis_interfaces/include/robotis_interfaces/robotis_interfaces/msg/detail/move_l__builder.hpp
[77.273s] -- Symlinking: /workspace/manipulator_ws/src/install/robotis_interfaces/include/robotis_interfaces/robotis_interfaces/msg/detail/move_l__struct.hpp
[77.312s] -- Symlinking: /workspace/manipulator_ws/src/install/robotis_interfaces/include/robotis_interfaces/robotis_interfaces/msg/detail/move_l__traits.hpp
[77.348s] -- Symlinking: /workspace/manipulator_ws/src/install/robotis_interfaces/include/robotis_interfaces/robotis_interfaces/msg/detail/move_l__type_support.hpp
[77.401s] -- Symlinking: /workspace/manipulator_ws/src/install/robotis_interfaces/include/robotis_interfaces/robotis_interfaces/msg/detail/tactile_sensor__builder.hpp
[77.490s] -- Symlinking: /workspace/manipulator_ws/src/install/robotis_interfaces/include/robotis_interfaces/robotis_interfaces/msg/detail/tactile_sensor__struct.hpp
[77.546s] -- Symlinking: /workspace/manipulator_ws/src/install/robotis_interfaces/include/robotis_interfaces/robotis_interfaces/msg/detail/tactile_sensor__traits.hpp
[77.585s] -- Symlinking: /workspace/manipulator_ws/src/install/robotis_interfaces/include/robotis_interfaces/robotis_interfaces/msg/detail/tactile_sensor__type_support.hpp
[77.628s] -- Symlinking: /workspace/manipulator_ws/src/install/robotis_interfaces/include/robotis_interfaces/robotis_interfaces/msg/hand_joints.hpp
[77.666s] -- Symlinking: /workspace/manipulator_ws/src/install/robotis_interfaces/include/robotis_interfaces/robotis_interfaces/msg/hand_pressures.hpp
[77.750s] -- Symlinking: /workspace/manipulator_ws/src/install/robotis_interfaces/include/robotis_interfaces/robotis_interfaces/msg/move_l.hpp
[77.815s] -- Symlinking: /workspace/manipulator_ws/src/install/robotis_interfaces/include/robotis_interfaces/robotis_interfaces/msg/rosidl_generator_cpp__visibility_control.hpp
[77.896s] -- Symlinking: /workspace/manipulator_ws/src/install/robotis_interfaces/include/robotis_interfaces/robotis_interfaces/msg/tactile_sensor.hpp
[77.925s] -- Symlinking: /workspace/manipulator_ws/src/install/robotis_interfaces/include/robotis_interfaces/robotis_interfaces/msg/detail/hand_joints__rosidl_typesupport_fastrtps_cpp.hpp
[77.949s] -- Symlinking: /workspace/manipulator_ws/src/install/robotis_interfaces/include/robotis_interfaces/robotis_interfaces/msg/detail/hand_pressures__rosidl_typesupport_fastrtps_cpp.hpp
[77.963s] -- Symlinking: /workspace/manipulator_ws/src/install/robotis_interfaces/include/robotis_interfaces/robotis_interfaces/msg/detail/move_l__rosidl_typesupport_fastrtps_cpp.hpp
[77.979s] -- Symlinking: /workspace/manipulator_ws/src/install/robotis_interfaces/include/robotis_interfaces/robotis_interfaces/msg/detail/tactile_sensor__rosidl_typesupport_fastrtps_cpp.hpp
[78.002s] -- Symlinking: /workspace/manipulator_ws/src/install/robotis_interfaces/include/robotis_interfaces/robotis_interfaces/msg/rosidl_typesupport_fastrtps_cpp__visibility_control.h
[78.025s] -- Symlinking: /workspace/manipulator_ws/src/install/robotis_interfaces/include/robotis_interfaces/robotis_interfaces/msg/detail/hand_joints__rosidl_typesupport_introspection_c.h
[78.053s] -- Symlinking: /workspace/manipulator_ws/src/install/robotis_interfaces/include/robotis_interfaces/robotis_interfaces/msg/detail/hand_pressures__rosidl_typesupport_introspection_c.h
[78.074s] -- Symlinking: /workspace/manipulator_ws/src/install/robotis_interfaces/include/robotis_interfaces/robotis_interfaces/msg/detail/move_l__rosidl_typesupport_introspection_c.h
[78.096s] -- Symlinking: /workspace/manipulator_ws/src/install/robotis_interfaces/include/robotis_interfaces/robotis_interfaces/msg/detail/tactile_sensor__rosidl_typesupport_introspection_c.h
[78.123s] -- Symlinking: /workspace/manipulator_ws/src/install/robotis_interfaces/include/robotis_interfaces/robotis_interfaces/msg/rosidl_typesupport_introspection_c__visibility_control.h
[78.144s] -- Symlinking: /workspace/manipulator_ws/src/install/robotis_interfaces/include/robotis_interfaces/robotis_interfaces/msg/detail/hand_joints__rosidl_typesupport_introspection_cpp.hpp
[78.177s] -- Symlinking: /workspace/manipulator_ws/src/install/robotis_interfaces/include/robotis_interfaces/robotis_interfaces/msg/detail/hand_pressures__rosidl_typesupport_introspection_cpp.hpp
[78.191s] -- Symlinking: /workspace/manipulator_ws/src/install/robotis_interfaces/include/robotis_interfaces/robotis_interfaces/msg/detail/move_l__rosidl_typesupport_introspection_cpp.hpp
[78.220s] -- Symlinking: /workspace/manipulator_ws/src/install/robotis_interfaces/include/robotis_interfaces/robotis_interfaces/msg/detail/tactile_sensor__rosidl_typesupport_introspection_cpp.hpp
[78.244s] -- Symlinking: /workspace/manipulator_ws/src/install/robotis_interfaces/share/robotis_interfaces/environment/pythonpath.sh
[78.268s] -- Symlinking: /workspace/manipulator_ws/src/install/robotis_interfaces/share/robotis_interfaces/environment/pythonpath.dsv
[78.300s] -- Symlinking: /workspace/manipulator_ws/src/install/robotis_interfaces/lib/python3.12/site-packages/robotis_interfaces-1.1.0-py3.12.egg-info/PKG-INFO
[78.317s] -- Symlinking: /workspace/manipulator_ws/src/install/robotis_interfaces/lib/python3.12/site-packages/robotis_interfaces-1.1.0-py3.12.egg-info/SOURCES.txt
[78.347s] -- Symlinking: /workspace/manipulator_ws/src/install/robotis_interfaces/lib/python3.12/site-packages/robotis_interfaces-1.1.0-py3.12.egg-info/dependency_links.txt
[78.378s] -- Symlinking: /workspace/manipulator_ws/src/install/robotis_interfaces/lib/python3.12/site-packages/robotis_interfaces-1.1.0-py3.12.egg-info/top_level.txt
[78.403s] -- Symlinking: /workspace/manipulator_ws/src/install/robotis_interfaces/lib/python3.12/site-packages/robotis_interfaces/__init__.py
[78.418s] -- Symlinking: /workspace/manipulator_ws/src/install/robotis_interfaces/lib/python3.12/site-packages/robotis_interfaces/_robotis_interfaces_s.ep.rosidl_typesupport_c.c
[78.449s] -- Symlinking: /workspace/manipulator_ws/src/install/robotis_interfaces/lib/python3.12/site-packages/robotis_interfaces/_robotis_interfaces_s.ep.rosidl_typesupport_fastrtps_c.c
[78.468s] -- Symlinking: /workspace/manipulator_ws/src/install/robotis_interfaces/lib/python3.12/site-packages/robotis_interfaces/_robotis_interfaces_s.ep.rosidl_typesupport_introspection_c.c
[78.506s] -- Symlinking: /workspace/manipulator_ws/src/install/robotis_interfaces/lib/python3.12/site-packages/robotis_interfaces/msg/__init__.py
[78.524s] -- Symlinking: /workspace/manipulator_ws/src/install/robotis_interfaces/lib/python3.12/site-packages/robotis_interfaces/msg/_hand_joints.py
[78.548s] -- Symlinking: /workspace/manipulator_ws/src/install/robotis_interfaces/lib/python3.12/site-packages/robotis_interfaces/msg/_hand_joints_s.c
[78.572s] -- Symlinking: /workspace/manipulator_ws/src/install/robotis_interfaces/lib/python3.12/site-packages/robotis_interfaces/msg/_hand_pressures.py
[78.596s] -- Symlinking: /workspace/manipulator_ws/src/install/robotis_interfaces/lib/python3.12/site-packages/robotis_interfaces/msg/_hand_pressures_s.c
[78.618s] -- Symlinking: /workspace/manipulator_ws/src/install/robotis_interfaces/lib/python3.12/site-packages/robotis_interfaces/msg/_move_l.py
[78.649s] -- Symlinking: /workspace/manipulator_ws/src/install/robotis_interfaces/lib/python3.12/site-packages/robotis_interfaces/msg/_move_l_s.c
[78.673s] -- Symlinking: /workspace/manipulator_ws/src/install/robotis_interfaces/lib/python3.12/site-packages/robotis_interfaces/msg/_tactile_sensor.py
[78.699s] -- Symlinking: /workspace/manipulator_ws/src/install/robotis_interfaces/lib/python3.12/site-packages/robotis_interfaces/msg/_tactile_sensor_s.c
[78.721s] -- Symlinking: /workspace/manipulator_ws/src/install/robotis_interfaces/lib/python3.12/site-packages/robotis_interfaces/robotis_interfaces_s__rosidl_typesupport_c.so
[78.745s] -- Symlinking: /workspace/manipulator_ws/src/install/robotis_interfaces/lib/python3.12/site-packages/robotis_interfaces/robotis_interfaces_s__rosidl_typesupport_fastrtps_c.so
[78.770s] -- Symlinking: /workspace/manipulator_ws/src/install/robotis_interfaces/lib/python3.12/site-packages/robotis_interfaces/robotis_interfaces_s__rosidl_typesupport_introspection_c.so
[78.801s] -- Up-to-date symlink: /workspace/manipulator_ws/src/install/robotis_interfaces/lib/python3.12/site-packages/robotis_interfaces/robotis_interfaces_s__rosidl_typesupport_fastrtps_c.so
[78.801s] -- Up-to-date symlink: /workspace/manipulator_ws/src/install/robotis_interfaces/lib/python3.12/site-packages/robotis_interfaces/robotis_interfaces_s__rosidl_typesupport_introspection_c.so
[78.801s] -- Up-to-date symlink: /workspace/manipulator_ws/src/install/robotis_interfaces/lib/python3.12/site-packages/robotis_interfaces/robotis_interfaces_s__rosidl_typesupport_c.so
[78.801s] -- Symlinking: /workspace/manipulator_ws/src/install/robotis_interfaces/share/ament_index/resource_index/rust_packages/robotis_interfaces
[78.822s] -- Symlinking: /workspace/manipulator_ws/src/install/robotis_interfaces/share/robotis_interfaces/rust/Cargo.toml
[78.863s] -- Symlinking: /workspace/manipulator_ws/src/install/robotis_interfaces/share/robotis_interfaces/rust/build.rs
[78.884s] -- Symlinking: /workspace/manipulator_ws/src/install/robotis_interfaces/share/robotis_interfaces/rust/src/lib.rs
[78.907s] -- Symlinking: /workspace/manipulator_ws/src/install/robotis_interfaces/share/robotis_interfaces/rust/src/msg.rs
[78.933s] -- Symlinking: /workspace/manipulator_ws/src/install/robotis_interfaces/share/robotis_interfaces/rust/src/msg/rmw.rs
[78.954s] -- Symlinking: /workspace/manipulator_ws/src/install/robotis_interfaces/share/robotis_interfaces/msg/HandJoints.idl
[78.995s] -- Symlinking: /workspace/manipulator_ws/src/install/robotis_interfaces/share/robotis_interfaces/msg/HandPressures.idl
[79.010s] -- Symlinking: /workspace/manipulator_ws/src/install/robotis_interfaces/share/robotis_interfaces/msg/MoveL.idl
[79.050s] -- Symlinking: /workspace/manipulator_ws/src/install/robotis_interfaces/share/robotis_interfaces/msg/TactileSensor.idl
[79.055s] -- Symlinking: /workspace/manipulator_ws/src/install/robotis_interfaces/share/robotis_interfaces/msg/HandJoints.msg
[79.087s] -- Symlinking: /workspace/manipulator_ws/src/install/robotis_interfaces/share/robotis_interfaces/msg/HandPressures.msg
[79.109s] -- Symlinking: /workspace/manipulator_ws/src/install/robotis_interfaces/share/robotis_interfaces/msg/MoveL.msg
[79.132s] -- Symlinking: /workspace/manipulator_ws/src/install/robotis_interfaces/share/robotis_interfaces/msg/TactileSensor.msg
[79.159s] -- Symlinking: /workspace/manipulator_ws/src/install/robotis_interfaces/share/ament_index/resource_index/package_run_dependencies/robotis_interfaces
[79.191s] -- Symlinking: /workspace/manipulator_ws/src/install/robotis_interfaces/share/ament_index/resource_index/parent_prefix_path/robotis_interfaces
[79.207s] -- Symlinking: /workspace/manipulator_ws/src/install/robotis_interfaces/share/robotis_interfaces/environment/ament_prefix_path.sh
[79.233s] -- Symlinking: /workspace/manipulator_ws/src/install/robotis_interfaces/share/robotis_interfaces/environment/ament_prefix_path.dsv
[79.263s] -- Symlinking: /workspace/manipulator_ws/src/install/robotis_interfaces/share/robotis_interfaces/environment/path.sh
[79.300s] -- Symlinking: /workspace/manipulator_ws/src/install/robotis_interfaces/share/robotis_interfaces/environment/path.dsv
[79.330s] -- Symlinking: /workspace/manipulator_ws/src/install/robotis_interfaces/share/robotis_interfaces/local_setup.bash
[79.376s] -- Symlinking: /workspace/manipulator_ws/src/install/robotis_interfaces/share/robotis_interfaces/local_setup.sh
[79.445s] -- Symlinking: /workspace/manipulator_ws/src/install/robotis_interfaces/share/robotis_interfaces/local_setup.zsh
[79.486s] -- Symlinking: /workspace/manipulator_ws/src/install/robotis_interfaces/share/robotis_interfaces/local_setup.dsv
[79.510s] -- Symlinking: /workspace/manipulator_ws/src/install/robotis_interfaces/share/robotis_interfaces/package.dsv
[79.564s] -- Symlinking: /workspace/manipulator_ws/src/install/robotis_interfaces/share/ament_index/resource_index/packages/robotis_interfaces
[79.622s] -- Symlinking: /workspace/manipulator_ws/src/install/robotis_interfaces/share/robotis_interfaces/cmake/rosidl_cmake-extras.cmake
[79.691s] -- Symlinking: /workspace/manipulator_ws/src/install/robotis_interfaces/share/robotis_interfaces/cmake/ament_cmake_export_dependencies-extras.cmake
[79.732s] -- Symlinking: /workspace/manipulator_ws/src/install/robotis_interfaces/share/robotis_interfaces/cmake/ament_cmake_export_include_directories-extras.cmake
[79.786s] -- Symlinking: /workspace/manipulator_ws/src/install/robotis_interfaces/share/robotis_interfaces/cmake/ament_cmake_export_libraries-extras.cmake
[79.850s] -- Symlinking: /workspace/manipulator_ws/src/install/robotis_interfaces/share/robotis_interfaces/cmake/ament_cmake_export_targets-extras.cmake
[79.913s] -- Symlinking: /workspace/manipulator_ws/src/install/robotis_interfaces/share/robotis_interfaces/cmake/rosidl_cmake_export_typesupport_targets-extras.cmake
[79.954s] -- Symlinking: /workspace/manipulator_ws/src/install/robotis_interfaces/share/robotis_interfaces/cmake/rosidl_cmake_export_typesupport_libraries-extras.cmake
[79.987s] -- Symlinking: /workspace/manipulator_ws/src/install/robotis_interfaces/share/robotis_interfaces/cmake/rosidl_cmake_aggregate_target-extras.cmake
[80.047s] -- Symlinking: /workspace/manipulator_ws/src/install/robotis_interfaces/share/robotis_interfaces/cmake/robotis_interfacesConfig.cmake
[80.084s] -- Symlinking: /workspace/manipulator_ws/src/install/robotis_interfaces/share/robotis_interfaces/cmake/robotis_interfacesConfig-version.cmake
[80.115s] -- Symlinking: /workspace/manipulator_ws/src/install/robotis_interfaces/share/robotis_interfaces/package.xml
[80.157s] -- Installing: /workspace/manipulator_ws/src/install/robotis_interfaces/lib/librobotis_interfaces__rosidl_generator_c.so
[80.159s] -- Set non-toolchain portion of runtime path of "/workspace/manipulator_ws/src/install/robotis_interfaces/lib/librobotis_interfaces__rosidl_generator_c.so" to ""
[80.159s] -- Installing: /workspace/manipulator_ws/src/install/robotis_interfaces/lib/librobotis_interfaces__rosidl_typesupport_fastrtps_c.so
[80.162s] -- Set non-toolchain portion of runtime path of "/workspace/manipulator_ws/src/install/robotis_interfaces/lib/librobotis_interfaces__rosidl_typesupport_fastrtps_c.so" to ""
[80.163s] -- Installing: /workspace/manipulator_ws/src/install/robotis_interfaces/lib/librobotis_interfaces__rosidl_typesupport_fastrtps_cpp.so
[80.163s] -- Set non-toolchain portion of runtime path of "/workspace/manipulator_ws/src/install/robotis_interfaces/lib/librobotis_interfaces__rosidl_typesupport_fastrtps_cpp.so" to ""
[80.164s] -- Installing: /workspace/manipulator_ws/src/install/robotis_interfaces/lib/librobotis_interfaces__rosidl_typesupport_introspection_c.so
[80.166s] -- Set non-toolchain portion of runtime path of "/workspace/manipulator_ws/src/install/robotis_interfaces/lib/librobotis_interfaces__rosidl_typesupport_introspection_c.so" to ""
[80.173s] -- Installing: /workspace/manipulator_ws/src/install/robotis_interfaces/lib/librobotis_interfaces__rosidl_typesupport_c.so
[80.180s] -- Set non-toolchain portion of runtime path of "/workspace/manipulator_ws/src/install/robotis_interfaces/lib/librobotis_interfaces__rosidl_typesupport_c.so" to ""
[80.187s] -- Installing: /workspace/manipulator_ws/src/install/robotis_interfaces/lib/librobotis_interfaces__rosidl_typesupport_introspection_cpp.so
[80.187s] -- Set non-toolchain portion of runtime path of "/workspace/manipulator_ws/src/install/robotis_interfaces/lib/librobotis_interfaces__rosidl_typesupport_introspection_cpp.so" to ""
[80.188s] -- Installing: /workspace/manipulator_ws/src/install/robotis_interfaces/lib/librobotis_interfaces__rosidl_typesupport_cpp.so
[80.190s] -- Set non-toolchain portion of runtime path of "/workspace/manipulator_ws/src/install/robotis_interfaces/lib/librobotis_interfaces__rosidl_typesupport_cpp.so" to ""
[80.441s] Listing '/workspace/manipulator_ws/src/install/robotis_interfaces/lib/python3.12/site-packages/robotis_interfaces'...
[80.441s] Compiling '/workspace/manipulator_ws/src/install/robotis_interfaces/lib/python3.12/site-packages/robotis_interfaces/__init__.py'...
[80.441s] Listing '/workspace/manipulator_ws/src/install/robotis_interfaces/lib/python3.12/site-packages/robotis_interfaces/msg'...
[80.441s] Compiling '/workspace/manipulator_ws/src/install/robotis_interfaces/lib/python3.12/site-packages/robotis_interfaces/msg/__init__.py'...
[80.442s] Compiling '/workspace/manipulator_ws/src/install/robotis_interfaces/lib/python3.12/site-packages/robotis_interfaces/msg/_hand_joints.py'...
[80.442s] Compiling '/workspace/manipulator_ws/src/install/robotis_interfaces/lib/python3.12/site-packages/robotis_interfaces/msg/_hand_pressures.py'...
[80.442s] Compiling '/workspace/manipulator_ws/src/install/robotis_interfaces/lib/python3.12/site-packages/robotis_interfaces/msg/_move_l.py'...
[80.442s] Compiling '/workspace/manipulator_ws/src/install/robotis_interfaces/lib/python3.12/site-packages/robotis_interfaces/msg/_tactile_sensor.py'...
[80.474s] -- Installing: /workspace/manipulator_ws/src/install/robotis_interfaces/lib/librobotis_interfaces__rosidl_generator_py.so
[80.484s] -- Set non-toolchain portion of runtime path of "/workspace/manipulator_ws/src/install/robotis_interfaces/lib/librobotis_interfaces__rosidl_generator_py.so" to ""
[80.485s] -- Installing: /workspace/manipulator_ws/src/install/robotis_interfaces/share/robotis_interfaces/cmake/export_robotis_interfaces__rosidl_generator_cExport.cmake
[80.485s] -- Installing: /workspace/manipulator_ws/src/install/robotis_interfaces/share/robotis_interfaces/cmake/export_robotis_interfaces__rosidl_generator_cExport-noconfig.cmake
[80.486s] -- Installing: /workspace/manipulator_ws/src/install/robotis_interfaces/share/robotis_interfaces/cmake/export_robotis_interfaces__rosidl_typesupport_fastrtps_cExport.cmake
[80.489s] -- Installing: /workspace/manipulator_ws/src/install/robotis_interfaces/share/robotis_interfaces/cmake/export_robotis_interfaces__rosidl_typesupport_fastrtps_cExport-noconfig.cmake
[80.492s] -- Installing: /workspace/manipulator_ws/src/install/robotis_interfaces/share/robotis_interfaces/cmake/export_robotis_interfaces__rosidl_generator_cppExport.cmake
[80.492s] -- Installing: /workspace/manipulator_ws/src/install/robotis_interfaces/share/robotis_interfaces/cmake/export_robotis_interfaces__rosidl_typesupport_fastrtps_cppExport.cmake
[80.495s] -- Installing: /workspace/manipulator_ws/src/install/robotis_interfaces/share/robotis_interfaces/cmake/export_robotis_interfaces__rosidl_typesupport_fastrtps_cppExport-noconfig.cmake
[80.497s] -- Installing: /workspace/manipulator_ws/src/install/robotis_interfaces/share/robotis_interfaces/cmake/robotis_interfaces__rosidl_typesupport_introspection_cExport.cmake
[80.499s] -- Installing: /workspace/manipulator_ws/src/install/robotis_interfaces/share/robotis_interfaces/cmake/robotis_interfaces__rosidl_typesupport_introspection_cExport-noconfig.cmake
[80.507s] -- Installing: /workspace/manipulator_ws/src/install/robotis_interfaces/share/robotis_interfaces/cmake/robotis_interfaces__rosidl_typesupport_cExport.cmake
[80.507s] -- Installing: /workspace/manipulator_ws/src/install/robotis_interfaces/share/robotis_interfaces/cmake/robotis_interfaces__rosidl_typesupport_cExport-noconfig.cmake
[80.507s] -- Installing: /workspace/manipulator_ws/src/install/robotis_interfaces/share/robotis_interfaces/cmake/robotis_interfaces__rosidl_typesupport_introspection_cppExport.cmake
[80.507s] -- Installing: /workspace/manipulator_ws/src/install/robotis_interfaces/share/robotis_interfaces/cmake/robotis_interfaces__rosidl_typesupport_introspection_cppExport-noconfig.cmake
[80.507s] -- Installing: /workspace/manipulator_ws/src/install/robotis_interfaces/share/robotis_interfaces/cmake/robotis_interfaces__rosidl_typesupport_cppExport.cmake
[80.517s] -- Installing: /workspace/manipulator_ws/src/install/robotis_interfaces/share/robotis_interfaces/cmake/robotis_interfaces__rosidl_typesupport_cppExport-noconfig.cmake
[80.517s] -- Installing: /workspace/manipulator_ws/src/install/robotis_interfaces/share/robotis_interfaces/cmake/export_robotis_interfaces__rosidl_generator_pyExport.cmake
[80.522s] -- Installing: /workspace/manipulator_ws/src/install/robotis_interfaces/share/robotis_interfaces/cmake/export_robotis_interfaces__rosidl_generator_pyExport-noconfig.cmake
[80.524s] Invoked command in '/workspace/manipulator_ws/src/build/robotis_interfaces' returned '0': CMAKE_PREFIX_PATH=${CMAKE_PREFIX_PATH}:/workspace/ros2_ws/install/yolo_ros:/workspace/ros2_ws/install/teleop_safety:/workspace/ros2_ws/install/open_manipulator_teleop:/workspace/ros2_ws/install/frontman:/workspace/ros2_ws/install/cam2goal:/opt/ros/jazzy /usr/bin/cmake --install /workspace/manipulator_ws/src/build/robotis_interfaces
