-- The C compiler identification is GNU 13.3.0
-- The CXX compiler identification is GNU 13.3.0
-- Detecting C compiler ABI info
-- Detecting C compiler ABI info - done
-- Check for working C compiler: /usr/bin/cc - skipped
-- Detecting C compile features
-- Detecting C compile features - done
-- Detecting CXX compiler ABI info
-- Detecting CXX compiler ABI info - done
-- Check for working CXX compiler: /usr/bin/c++ - skipped
-- Detecting CXX compile features
-- Detecting CXX compile features - done
-- Found ament_cmake: 2.5.6 (/opt/ros/jazzy/share/ament_cmake/cmake)
-- Found Python3: /usr/bin/python3 (found version "3.12.3") found components: Interpreter 
-- Override CMake install command with custom implementation using symlinks instead of copying resources
-- Found moveit_ros_planning_interface: 2.12.4 (/opt/ros/jazzy/share/moveit_ros_planning_interface/cmake)
-- Found Boost: /usr/lib/x86_64-linux-gnu/cmake/Boost-1.83.0/BoostConfig.cmake (found version "1.83.0") found components: date_time filesystem program_options system thread 
-- Found rosidl_generator_c: 4.6.9 (/opt/ros/jazzy/share/rosidl_generator_c/cmake)
-- Found rosidl_generator_cpp: 4.6.9 (/opt/ros/jazzy/share/rosidl_generator_cpp/cmake)
-- Using all available rosidl_typesupport_c: rosidl_typesupport_fastrtps_c;rosidl_typesupport_introspection_c
-- Using all available rosidl_typesupport_cpp: rosidl_typesupport_fastrtps_cpp;rosidl_typesupport_introspection_cpp
-- Found Boost: /usr/lib/x86_64-linux-gnu/cmake/Boost-1.83.0/BoostConfig.cmake (found version "1.83.0") found components: chrono date_time filesystem iostreams program_options regex serialization system thread 
-- Found parameter_traits: 0.7.3 (/opt/ros/jazzy/share/parameter_traits/cmake)
-- Found rmw_implementation_cmake: 7.3.3 (/opt/ros/jazzy/share/rmw_implementation_cmake/cmake)
-- Found rmw_fastrtps_cpp: 8.4.4 (/opt/ros/jazzy/share/rmw_fastrtps_cpp/cmake)
-- Found OpenSSL: /usr/lib/x86_64-linux-gnu/libcrypto.so (found version "3.0.13")  
-- Found FastRTPS: /opt/ros/jazzy/include (Required is at least version "2.13") 
-- Using RMW implementation 'rmw_fastrtps_cpp' as default
[0mCMake Deprecation Warning at /opt/ros/jazzy/share/tl_expected/cmake/tl_expectedConfig.cmake:37 (message):
  Package 'tl_expected' is deprecated (This package will be removed in ROS 2
  Lyrical Luth.

        Use tl/expected.hpp from libexpected-dev,
        or rcpputils/tl_expected/expected.hpp if the system header is not available)
Call Stack (most recent call first):
  /opt/ros/jazzy/share/parameter_traits/cmake/ament_cmake_export_dependencies-extras.cmake:21 (find_package)
  /opt/ros/jazzy/share/parameter_traits/cmake/parameter_traitsConfig.cmake:41 (include)
  /opt/ros/jazzy/share/generate_parameter_library/cmake/generate_parameter_library-extras.cmake:30 (find_package)
  /opt/ros/jazzy/share/generate_parameter_library/cmake/generate_parameter_libraryConfig.cmake:41 (include)
  /opt/ros/jazzy/share/moveit_core/cmake/ament_cmake_export_dependencies-extras.cmake:21 (find_package)
  /opt/ros/jazzy/share/moveit_core/cmake/moveit_coreConfig.cmake:41 (include)
  /opt/ros/jazzy/share/moveit_ros_planning_interface/cmake/ament_cmake_export_dependencies-extras.cmake:21 (find_package)
  /opt/ros/jazzy/share/moveit_ros_planning_interface/cmake/moveit_ros_planning_interfaceConfig.cmake:41 (include)
  CMakeLists.txt:15 (find_package)

[0m
-- Found rclcpp_lifecycle: 28.1.21 (/opt/ros/jazzy/share/rclcpp_lifecycle/cmake)
-- Found Eigen3: TRUE (found version "3.4.0") 
-- Ensuring Eigen3 include directory is part of orocos-kdl CMake target
-- Found Boost: /usr/lib/x86_64-linux-gnu/cmake/Boost-1.83.0/BoostConfig.cmake (found version "1.83.0") found components: system filesystem date_time program_options thread chrono 
-- Found Boost: /usr/lib/x86_64-linux-gnu/cmake/Boost-1.83.0/BoostConfig.cmake (found version "1.83.0") found components: thread system filesystem regex date_time program_options 
-- Found Boost: /usr/lib/x86_64-linux-gnu/cmake/Boost-1.83.0/BoostConfig.cmake (found version "1.83.0") found components: system filesystem date_time program_options thread 
-- Configuring done (10.6s)
-- Generating done (0.3s)
-- Build files have been written to: /workspace/manipulator_ws/src/build/open_manipulator_playground
[ 16%] [32mBuilding CXX object CMakeFiles/open_manipulator_x_hello_moveit.dir/src/open_manipulator_x_hello_moveit.cpp.o[0m
[ 33%] [32m[1mLinking CXX executable open_manipulator_x_hello_moveit[0m
[ 33%] Built target open_manipulator_x_hello_moveit
[ 50%] [32mBuilding CXX object CMakeFiles/omy_3m_hello_moveit.dir/src/omy_3m_hello_moveit.cpp.o[0m
[ 66%] [32m[1mLinking CXX executable omy_3m_hello_moveit[0m
[ 66%] Built target omy_3m_hello_moveit
[ 83%] [32mBuilding CXX object CMakeFiles/omy_f3m_hello_moveit.dir/src/omy_f3m_hello_moveit.cpp.o[0m
[100%] [32m[1mLinking CXX executable omy_f3m_hello_moveit[0m
[100%] Built target omy_f3m_hello_moveit
-- Install configuration: ""
-- Execute custom install script
-- Symlinking: /workspace/manipulator_ws/src/install/open_manipulator_playground/include/open_manipulator_playground/omy_3m_hello_moveit.h
-- Symlinking: /workspace/manipulator_ws/src/install/open_manipulator_playground/include/open_manipulator_playground/omy_f3m_hello_moveit.h
-- Symlinking: /workspace/manipulator_ws/src/install/open_manipulator_playground/include/open_manipulator_playground/open_manipulator_x_hello_moveit.h
-- Symlinking: /workspace/manipulator_ws/src/install/open_manipulator_playground/lib/open_manipulator_playground/shape_detector_node.py
-- Symlinking: /workspace/manipulator_ws/src/install/open_manipulator_playground/lib/open_manipulator_playground/omx_trajectory_controller_node.py
-- Symlinking: /workspace/manipulator_ws/src/install/open_manipulator_playground/share/open_manipulator_playground/launch/omx_drawing.launch.py
-- Symlinking: /workspace/manipulator_ws/src/install/open_manipulator_playground/share/open_manipulator_playground/images/square.png
-- Symlinking: /workspace/manipulator_ws/src/install/open_manipulator_playground/share/ament_index/resource_index/package_run_dependencies/open_manipulator_playground
-- Symlinking: /workspace/manipulator_ws/src/install/open_manipulator_playground/share/ament_index/resource_index/parent_prefix_path/open_manipulator_playground
-- Symlinking: /workspace/manipulator_ws/src/install/open_manipulator_playground/share/open_manipulator_playground/environment/ament_prefix_path.sh
-- Symlinking: /workspace/manipulator_ws/src/install/open_manipulator_playground/share/open_manipulator_playground/environment/ament_prefix_path.dsv
-- Symlinking: /workspace/manipulator_ws/src/install/open_manipulator_playground/share/open_manipulator_playground/environment/path.sh
-- Symlinking: /workspace/manipulator_ws/src/install/open_manipulator_playground/share/open_manipulator_playground/environment/path.dsv
-- Symlinking: /workspace/manipulator_ws/src/install/open_manipulator_playground/share/open_manipulator_playground/local_setup.bash
-- Symlinking: /workspace/manipulator_ws/src/install/open_manipulator_playground/share/open_manipulator_playground/local_setup.sh
-- Symlinking: /workspace/manipulator_ws/src/install/open_manipulator_playground/share/open_manipulator_playground/local_setup.zsh
-- Symlinking: /workspace/manipulator_ws/src/install/open_manipulator_playground/share/open_manipulator_playground/local_setup.dsv
-- Symlinking: /workspace/manipulator_ws/src/install/open_manipulator_playground/share/open_manipulator_playground/package.dsv
-- Symlinking: /workspace/manipulator_ws/src/install/open_manipulator_playground/share/ament_index/resource_index/packages/open_manipulator_playground
-- Symlinking: /workspace/manipulator_ws/src/install/open_manipulator_playground/share/open_manipulator_playground/cmake/ament_cmake_export_include_directories-extras.cmake
-- Symlinking: /workspace/manipulator_ws/src/install/open_manipulator_playground/share/open_manipulator_playground/cmake/ament_cmake_export_targets-extras.cmake
-- Symlinking: /workspace/manipulator_ws/src/install/open_manipulator_playground/share/open_manipulator_playground/cmake/open_manipulator_playgroundConfig.cmake
-- Symlinking: /workspace/manipulator_ws/src/install/open_manipulator_playground/share/open_manipulator_playground/cmake/open_manipulator_playgroundConfig-version.cmake
-- Symlinking: /workspace/manipulator_ws/src/install/open_manipulator_playground/share/open_manipulator_playground/package.xml
-- Installing: /workspace/manipulator_ws/src/install/open_manipulator_playground/lib/open_manipulator_playground/open_manipulator_x_hello_moveit
-- Set non-toolchain portion of runtime path of "/workspace/manipulator_ws/src/install/open_manipulator_playground/lib/open_manipulator_playground/open_manipulator_x_hello_moveit" to ""
-- Installing: /workspace/manipulator_ws/src/install/open_manipulator_playground/lib/open_manipulator_playground/omy_f3m_hello_moveit
-- Set non-toolchain portion of runtime path of "/workspace/manipulator_ws/src/install/open_manipulator_playground/lib/open_manipulator_playground/omy_f3m_hello_moveit" to ""
-- Installing: /workspace/manipulator_ws/src/install/open_manipulator_playground/lib/open_manipulator_playground/omy_3m_hello_moveit
-- Set non-toolchain portion of runtime path of "/workspace/manipulator_ws/src/install/open_manipulator_playground/lib/open_manipulator_playground/omy_3m_hello_moveit" to ""
-- Installing: /workspace/manipulator_ws/src/install/open_manipulator_playground/share/open_manipulator_playground/cmake/export_open_manipulator_playgroundExport.cmake
-- Installing: /workspace/manipulator_ws/src/install/open_manipulator_playground/share/open_manipulator_playground/cmake/export_open_manipulator_playgroundExport-noconfig.cmake
