[0.068s] Invoking command in '/workspace/manipulator_ws/src/build/open_manipulator_playground': AMENT_PREFIX_PATH=/workspace/manipulator_ws/src/install/robotis_interfaces:${AMENT_PREFIX_PATH} CMAKE_PREFIX_PATH=/workspace/manipulator_ws/src/install/robotis_interfaces:/workspace/ros2_ws/install/icart_mini:/workspace/ros2_ws/install/icart_mini_driver:/workspace/ros2_ws/install/ypspur_ros2:/workspace/ros2_ws/install/yolo_bringup:/workspace/ros2_ws/install/yolo_msgs:/workspace/ros2_ws/install/robotis_interfaces:/workspace/ros2_ws/install/open_manipulator_moveit_config:/workspace/ros2_ws/install/open_manipulator_description:/workspace/ros2_ws/install/realsense2_description:/workspace/ros2_ws/install/realsense2_camera:/workspace/ros2_ws/install/realsense2_camera_msgs:/workspace/ros2_ws/install/open_manipulator_collision:/workspace/ros2_ws/install/icart_mini_setup:/workspace/ros2_ws/install/icart_mini_gazebo:/workspace/ros2_ws/install/icart_mini_description:/workspace/ros2_ws/install/icart_mini_control:/workspace/ros2_ws/install/dynamixel_sdk_examples:/workspace/ros2_ws/install/dynamixel_sdk_custom_interfaces:/workspace/ros2_ws/install/dynamixel_hardware_interface:/workspace/ros2_ws/install/dynamixel_sdk:/workspace/ros2_ws/install/dynamixel_interfaces:/workspace/ros2_ws/install/aruco_opencv:/workspace/ros2_ws/install/aruco_opencv_msgs:/opt/ros/jazzy/opt/gz_sim_vendor:/opt/ros/jazzy/opt/gz_sensors_vendor:/opt/ros/jazzy/opt/gz_physics_vendor:/opt/ros/jazzy/opt/sdformat_vendor:/opt/ros/jazzy/opt/gz_gui_vendor:/opt/ros/jazzy/opt/gz_transport_vendor:/opt/ros/jazzy/opt/gz_rendering_vendor:/opt/ros/jazzy/opt/gz_plugin_vendor:/opt/ros/jazzy/opt/gz_fuel_tools_vendor:/opt/ros/jazzy/opt/gz_msgs_vendor:/opt/ros/jazzy/opt/gz_common_vendor:/opt/ros/jazzy/opt/gz_math_vendor:/opt/ros/jazzy/opt/gz_utils_vendor:/opt/ros/jazzy/opt/gz_tools_vendor:/opt/ros/jazzy/opt/gz_ogre_next_vendor:/opt/ros/jazzy/opt/gz_dartsim_vendor:/opt/ros/jazzy/opt/gz_cmake_vendor:/workspace/ros2_ws/install/yolo_ros:/workspace/ros2_ws/install/teleop_safety:/workspace/ros2_ws/install/open_manipulator_teleop:/workspace/ros2_ws/install/frontman:/workspace/ros2_ws/install/cam2goal:/opt/ros/jazzy LD_LIBRARY_PATH=/workspace/manipulator_ws/src/install/robotis_interfaces/lib:${LD_LIBRARY_PATH} PYTHONPATH=/workspace/manipulator_ws/src/install/robotis_interfaces/lib/python3.12/site-packages:${PYTHONPATH} /usr/bin/cmake /workspace/manipulator_ws/src/open_manipulator/open_manipulator_playground -DAMENT_CMAKE_SYMLINK_INSTALL=1 -DCMAKE_INSTALL_PREFIX=/workspace/manipulator_ws/src/install/open_manipulator_playground
[0.417s] -- The C compiler identification is GNU 13.3.0
[0.916s] -- The CXX compiler identification is GNU 13.3.0
[0.988s] -- Detecting C compiler ABI info
[1.444s] -- Detecting C compiler ABI info - done
[1.496s] -- Check for working C compiler: /usr/bin/cc - skipped
[1.496s] -- Detecting C compile features
[1.497s] -- Detecting C compile features - done
[1.555s] -- Detecting CXX compiler ABI info
[1.974s] -- Detecting CXX compiler ABI info - done
[1.990s] -- Check for working CXX compiler: /usr/bin/c++ - skipped
[1.990s] -- Detecting CXX compile features
[1.990s] -- Detecting CXX compile features - done
[2.009s] -- Found ament_cmake: 2.5.6 (/opt/ros/jazzy/share/ament_cmake/cmake)
[2.790s] -- Found Python3: /usr/bin/python3 (found version "3.12.3") found components: Interpreter 
[3.379s] -- Override CMake install command with custom implementation using symlinks instead of copying resources
[4.051s] -- Found moveit_ros_planning_interface: 2.12.4 (/opt/ros/jazzy/share/moveit_ros_planning_interface/cmake)
[4.655s] -- Found Boost: /usr/lib/x86_64-linux-gnu/cmake/Boost-1.83.0/BoostConfig.cmake (found version "1.83.0") found components: date_time filesystem program_options system thread 
[4.929s] -- Found rosidl_generator_c: 4.6.9 (/opt/ros/jazzy/share/rosidl_generator_c/cmake)
[4.986s] -- Found rosidl_generator_cpp: 4.6.9 (/opt/ros/jazzy/share/rosidl_generator_cpp/cmake)
[5.066s] -- Using all available rosidl_typesupport_c: rosidl_typesupport_fastrtps_c;rosidl_typesupport_introspection_c
[5.156s] -- Using all available rosidl_typesupport_cpp: rosidl_typesupport_fastrtps_cpp;rosidl_typesupport_introspection_cpp
[6.278s] -- Found Boost: /usr/lib/x86_64-linux-gnu/cmake/Boost-1.83.0/BoostConfig.cmake (found version "1.83.0") found components: chrono date_time filesystem iostreams program_options regex serialization system thread 
[6.605s] -- Found parameter_traits: 0.7.3 (/opt/ros/jazzy/share/parameter_traits/cmake)
[6.907s] -- Found rmw_implementation_cmake: 7.3.3 (/opt/ros/jazzy/share/rmw_implementation_cmake/cmake)
[6.942s] -- Found rmw_fastrtps_cpp: 8.4.4 (/opt/ros/jazzy/share/rmw_fastrtps_cpp/cmake)
[7.312s] -- Found OpenSSL: /usr/lib/x86_64-linux-gnu/libcrypto.so (found version "3.0.13")  
[7.382s] -- Found FastRTPS: /opt/ros/jazzy/include (Required is at least version "2.13") 
[7.491s] -- Using RMW implementation 'rmw_fastrtps_cpp' as default
[7.873s] [0mCMake Deprecation Warning at /opt/ros/jazzy/share/tl_expected/cmake/tl_expectedConfig.cmake:37 (message):
[7.873s]   Package 'tl_expected' is deprecated (This package will be removed in ROS 2
[7.874s]   Lyrical Luth.
[7.874s] 
[7.875s]         Use tl/expected.hpp from libexpected-dev,
[7.875s]         or rcpputils/tl_expected/expected.hpp if the system header is not available)
[7.875s] Call Stack (most recent call first):
[7.876s]   /opt/ros/jazzy/share/parameter_traits/cmake/ament_cmake_export_dependencies-extras.cmake:21 (find_package)
[7.876s]   /opt/ros/jazzy/share/parameter_traits/cmake/parameter_traitsConfig.cmake:41 (include)
[7.877s]   /opt/ros/jazzy/share/generate_parameter_library/cmake/generate_parameter_library-extras.cmake:30 (find_package)
[7.878s]   /opt/ros/jazzy/share/generate_parameter_library/cmake/generate_parameter_libraryConfig.cmake:41 (include)
[7.879s]   /opt/ros/jazzy/share/moveit_core/cmake/ament_cmake_export_dependencies-extras.cmake:21 (find_package)
[7.879s]   /opt/ros/jazzy/share/moveit_core/cmake/moveit_coreConfig.cmake:41 (include)
[7.880s]   /opt/ros/jazzy/share/moveit_ros_planning_interface/cmake/ament_cmake_export_dependencies-extras.cmake:21 (find_package)
[7.880s]   /opt/ros/jazzy/share/moveit_ros_planning_interface/cmake/moveit_ros_planning_interfaceConfig.cmake:41 (include)
[7.880s]   CMakeLists.txt:15 (find_package)
[7.880s] 
[7.880s] [0m
[7.901s] -- Found rclcpp_lifecycle: 28.1.21 (/opt/ros/jazzy/share/rclcpp_lifecycle/cmake)
[8.588s] -- Found Eigen3: TRUE (found version "3.4.0") 
[8.588s] -- Ensuring Eigen3 include directory is part of orocos-kdl CMake target
[9.769s] -- Found Boost: /usr/lib/x86_64-linux-gnu/cmake/Boost-1.83.0/BoostConfig.cmake (found version "1.83.0") found components: system filesystem date_time program_options thread chrono 
[10.130s] -- Found Boost: /usr/lib/x86_64-linux-gnu/cmake/Boost-1.83.0/BoostConfig.cmake (found version "1.83.0") found components: thread system filesystem regex date_time program_options 
[10.387s] -- Found Boost: /usr/lib/x86_64-linux-gnu/cmake/Boost-1.83.0/BoostConfig.cmake (found version "1.83.0") found components: system filesystem date_time program_options thread 
[10.713s] -- Configuring done (10.6s)
[11.118s] -- Generating done (0.3s)
[11.182s] -- Build files have been written to: /workspace/manipulator_ws/src/build/open_manipulator_playground
[11.286s] Invoked command in '/workspace/manipulator_ws/src/build/open_manipulator_playground' returned '0': AMENT_PREFIX_PATH=/workspace/manipulator_ws/src/install/robotis_interfaces:${AMENT_PREFIX_PATH} CMAKE_PREFIX_PATH=/workspace/manipulator_ws/src/install/robotis_interfaces:/workspace/ros2_ws/install/icart_mini:/workspace/ros2_ws/install/icart_mini_driver:/workspace/ros2_ws/install/ypspur_ros2:/workspace/ros2_ws/install/yolo_bringup:/workspace/ros2_ws/install/yolo_msgs:/workspace/ros2_ws/install/robotis_interfaces:/workspace/ros2_ws/install/open_manipulator_moveit_config:/workspace/ros2_ws/install/open_manipulator_description:/workspace/ros2_ws/install/realsense2_description:/workspace/ros2_ws/install/realsense2_camera:/workspace/ros2_ws/install/realsense2_camera_msgs:/workspace/ros2_ws/install/open_manipulator_collision:/workspace/ros2_ws/install/icart_mini_setup:/workspace/ros2_ws/install/icart_mini_gazebo:/workspace/ros2_ws/install/icart_mini_description:/workspace/ros2_ws/install/icart_mini_control:/workspace/ros2_ws/install/dynamixel_sdk_examples:/workspace/ros2_ws/install/dynamixel_sdk_custom_interfaces:/workspace/ros2_ws/install/dynamixel_hardware_interface:/workspace/ros2_ws/install/dynamixel_sdk:/workspace/ros2_ws/install/dynamixel_interfaces:/workspace/ros2_ws/install/aruco_opencv:/workspace/ros2_ws/install/aruco_opencv_msgs:/opt/ros/jazzy/opt/gz_sim_vendor:/opt/ros/jazzy/opt/gz_sensors_vendor:/opt/ros/jazzy/opt/gz_physics_vendor:/opt/ros/jazzy/opt/sdformat_vendor:/opt/ros/jazzy/opt/gz_gui_vendor:/opt/ros/jazzy/opt/gz_transport_vendor:/opt/ros/jazzy/opt/gz_rendering_vendor:/opt/ros/jazzy/opt/gz_plugin_vendor:/opt/ros/jazzy/opt/gz_fuel_tools_vendor:/opt/ros/jazzy/opt/gz_msgs_vendor:/opt/ros/jazzy/opt/gz_common_vendor:/opt/ros/jazzy/opt/gz_math_vendor:/opt/ros/jazzy/opt/gz_utils_vendor:/opt/ros/jazzy/opt/gz_tools_vendor:/opt/ros/jazzy/opt/gz_ogre_next_vendor:/opt/ros/jazzy/opt/gz_dartsim_vendor:/opt/ros/jazzy/opt/gz_cmake_vendor:/workspace/ros2_ws/install/yolo_ros:/workspace/ros2_ws/install/teleop_safety:/workspace/ros2_ws/install/open_manipulator_teleop:/workspace/ros2_ws/install/frontman:/workspace/ros2_ws/install/cam2goal:/opt/ros/jazzy LD_LIBRARY_PATH=/workspace/manipulator_ws/src/install/robotis_interfaces/lib:${LD_LIBRARY_PATH} PYTHONPATH=/workspace/manipulator_ws/src/install/robotis_interfaces/lib/python3.12/site-packages:${PYTHONPATH} /usr/bin/cmake /workspace/manipulator_ws/src/open_manipulator/open_manipulator_playground -DAMENT_CMAKE_SYMLINK_INSTALL=1 -DCMAKE_INSTALL_PREFIX=/workspace/manipulator_ws/src/install/open_manipulator_playground
[11.287s] Invoking command in '/workspace/manipulator_ws/src/build/open_manipulator_playground': AMENT_PREFIX_PATH=/workspace/manipulator_ws/src/install/robotis_interfaces:${AMENT_PREFIX_PATH} CMAKE_PREFIX_PATH=/workspace/manipulator_ws/src/install/robotis_interfaces:/workspace/ros2_ws/install/icart_mini:/workspace/ros2_ws/install/icart_mini_driver:/workspace/ros2_ws/install/ypspur_ros2:/workspace/ros2_ws/install/yolo_bringup:/workspace/ros2_ws/install/yolo_msgs:/workspace/ros2_ws/install/robotis_interfaces:/workspace/ros2_ws/install/open_manipulator_moveit_config:/workspace/ros2_ws/install/open_manipulator_description:/workspace/ros2_ws/install/realsense2_description:/workspace/ros2_ws/install/realsense2_camera:/workspace/ros2_ws/install/realsense2_camera_msgs:/workspace/ros2_ws/install/open_manipulator_collision:/workspace/ros2_ws/install/icart_mini_setup:/workspace/ros2_ws/install/icart_mini_gazebo:/workspace/ros2_ws/install/icart_mini_description:/workspace/ros2_ws/install/icart_mini_control:/workspace/ros2_ws/install/dynamixel_sdk_examples:/workspace/ros2_ws/install/dynamixel_sdk_custom_interfaces:/workspace/ros2_ws/install/dynamixel_hardware_interface:/workspace/ros2_ws/install/dynamixel_sdk:/workspace/ros2_ws/install/dynamixel_interfaces:/workspace/ros2_ws/install/aruco_opencv:/workspace/ros2_ws/install/aruco_opencv_msgs:/opt/ros/jazzy/opt/gz_sim_vendor:/opt/ros/jazzy/opt/gz_sensors_vendor:/opt/ros/jazzy/opt/gz_physics_vendor:/opt/ros/jazzy/opt/sdformat_vendor:/opt/ros/jazzy/opt/gz_gui_vendor:/opt/ros/jazzy/opt/gz_transport_vendor:/opt/ros/jazzy/opt/gz_rendering_vendor:/opt/ros/jazzy/opt/gz_plugin_vendor:/opt/ros/jazzy/opt/gz_fuel_tools_vendor:/opt/ros/jazzy/opt/gz_msgs_vendor:/opt/ros/jazzy/opt/gz_common_vendor:/opt/ros/jazzy/opt/gz_math_vendor:/opt/ros/jazzy/opt/gz_utils_vendor:/opt/ros/jazzy/opt/gz_tools_vendor:/opt/ros/jazzy/opt/gz_ogre_next_vendor:/opt/ros/jazzy/opt/gz_dartsim_vendor:/opt/ros/jazzy/opt/gz_cmake_vendor:/workspace/ros2_ws/install/yolo_ros:/workspace/ros2_ws/install/teleop_safety:/workspace/ros2_ws/install/open_manipulator_teleop:/workspace/ros2_ws/install/frontman:/workspace/ros2_ws/install/cam2goal:/opt/ros/jazzy LD_LIBRARY_PATH=/workspace/manipulator_ws/src/install/robotis_interfaces/lib:${LD_LIBRARY_PATH} PYTHONPATH=/workspace/manipulator_ws/src/install/robotis_interfaces/lib/python3.12/site-packages:${PYTHONPATH} /usr/bin/cmake --build /workspace/manipulator_ws/src/build/open_manipulator_playground -- -j4 -l4
[11.627s] [ 16%] [32mBuilding CXX object CMakeFiles/open_manipulator_x_hello_moveit.dir/src/open_manipulator_x_hello_moveit.cpp.o[0m
[43.977s] [ 33%] [32m[1mLinking CXX executable open_manipulator_x_hello_moveit[0m
[46.206s] [ 33%] Built target open_manipulator_x_hello_moveit
[46.316s] [ 50%] [32mBuilding CXX object CMakeFiles/omy_3m_hello_moveit.dir/src/omy_3m_hello_moveit.cpp.o[0m
[66.696s] [ 66%] [32m[1mLinking CXX executable omy_3m_hello_moveit[0m
[67.873s] [ 66%] Built target omy_3m_hello_moveit
[67.998s] [ 83%] [32mBuilding CXX object CMakeFiles/omy_f3m_hello_moveit.dir/src/omy_f3m_hello_moveit.cpp.o[0m
[87.811s] [100%] [32m[1mLinking CXX executable omy_f3m_hello_moveit[0m
[88.760s] [100%] Built target omy_f3m_hello_moveit
[88.793s] Invoked command in '/workspace/manipulator_ws/src/build/open_manipulator_playground' returned '0': AMENT_PREFIX_PATH=/workspace/manipulator_ws/src/install/robotis_interfaces:${AMENT_PREFIX_PATH} CMAKE_PREFIX_PATH=/workspace/manipulator_ws/src/install/robotis_interfaces:/workspace/ros2_ws/install/icart_mini:/workspace/ros2_ws/install/icart_mini_driver:/workspace/ros2_ws/install/ypspur_ros2:/workspace/ros2_ws/install/yolo_bringup:/workspace/ros2_ws/install/yolo_msgs:/workspace/ros2_ws/install/robotis_interfaces:/workspace/ros2_ws/install/open_manipulator_moveit_config:/workspace/ros2_ws/install/open_manipulator_description:/workspace/ros2_ws/install/realsense2_description:/workspace/ros2_ws/install/realsense2_camera:/workspace/ros2_ws/install/realsense2_camera_msgs:/workspace/ros2_ws/install/open_manipulator_collision:/workspace/ros2_ws/install/icart_mini_setup:/workspace/ros2_ws/install/icart_mini_gazebo:/workspace/ros2_ws/install/icart_mini_description:/workspace/ros2_ws/install/icart_mini_control:/workspace/ros2_ws/install/dynamixel_sdk_examples:/workspace/ros2_ws/install/dynamixel_sdk_custom_interfaces:/workspace/ros2_ws/install/dynamixel_hardware_interface:/workspace/ros2_ws/install/dynamixel_sdk:/workspace/ros2_ws/install/dynamixel_interfaces:/workspace/ros2_ws/install/aruco_opencv:/workspace/ros2_ws/install/aruco_opencv_msgs:/opt/ros/jazzy/opt/gz_sim_vendor:/opt/ros/jazzy/opt/gz_sensors_vendor:/opt/ros/jazzy/opt/gz_physics_vendor:/opt/ros/jazzy/opt/sdformat_vendor:/opt/ros/jazzy/opt/gz_gui_vendor:/opt/ros/jazzy/opt/gz_transport_vendor:/opt/ros/jazzy/opt/gz_rendering_vendor:/opt/ros/jazzy/opt/gz_plugin_vendor:/opt/ros/jazzy/opt/gz_fuel_tools_vendor:/opt/ros/jazzy/opt/gz_msgs_vendor:/opt/ros/jazzy/opt/gz_common_vendor:/opt/ros/jazzy/opt/gz_math_vendor:/opt/ros/jazzy/opt/gz_utils_vendor:/opt/ros/jazzy/opt/gz_tools_vendor:/opt/ros/jazzy/opt/gz_ogre_next_vendor:/opt/ros/jazzy/opt/gz_dartsim_vendor:/opt/ros/jazzy/opt/gz_cmake_vendor:/workspace/ros2_ws/install/yolo_ros:/workspace/ros2_ws/install/teleop_safety:/workspace/ros2_ws/install/open_manipulator_teleop:/workspace/ros2_ws/install/frontman:/workspace/ros2_ws/install/cam2goal:/opt/ros/jazzy LD_LIBRARY_PATH=/workspace/manipulator_ws/src/install/robotis_interfaces/lib:${LD_LIBRARY_PATH} PYTHONPATH=/workspace/manipulator_ws/src/install/robotis_interfaces/lib/python3.12/site-packages:${PYTHONPATH} /usr/bin/cmake --build /workspace/manipulator_ws/src/build/open_manipulator_playground -- -j4 -l4
[88.799s] Invoking command in '/workspace/manipulator_ws/src/build/open_manipulator_playground': AMENT_PREFIX_PATH=/workspace/manipulator_ws/src/install/robotis_interfaces:${AMENT_PREFIX_PATH} CMAKE_PREFIX_PATH=/workspace/manipulator_ws/src/install/robotis_interfaces:/workspace/ros2_ws/install/icart_mini:/workspace/ros2_ws/install/icart_mini_driver:/workspace/ros2_ws/install/ypspur_ros2:/workspace/ros2_ws/install/yolo_bringup:/workspace/ros2_ws/install/yolo_msgs:/workspace/ros2_ws/install/robotis_interfaces:/workspace/ros2_ws/install/open_manipulator_moveit_config:/workspace/ros2_ws/install/open_manipulator_description:/workspace/ros2_ws/install/realsense2_description:/workspace/ros2_ws/install/realsense2_camera:/workspace/ros2_ws/install/realsense2_camera_msgs:/workspace/ros2_ws/install/open_manipulator_collision:/workspace/ros2_ws/install/icart_mini_setup:/workspace/ros2_ws/install/icart_mini_gazebo:/workspace/ros2_ws/install/icart_mini_description:/workspace/ros2_ws/install/icart_mini_control:/workspace/ros2_ws/install/dynamixel_sdk_examples:/workspace/ros2_ws/install/dynamixel_sdk_custom_interfaces:/workspace/ros2_ws/install/dynamixel_hardware_interface:/workspace/ros2_ws/install/dynamixel_sdk:/workspace/ros2_ws/install/dynamixel_interfaces:/workspace/ros2_ws/install/aruco_opencv:/workspace/ros2_ws/install/aruco_opencv_msgs:/opt/ros/jazzy/opt/gz_sim_vendor:/opt/ros/jazzy/opt/gz_sensors_vendor:/opt/ros/jazzy/opt/gz_physics_vendor:/opt/ros/jazzy/opt/sdformat_vendor:/opt/ros/jazzy/opt/gz_gui_vendor:/opt/ros/jazzy/opt/gz_transport_vendor:/opt/ros/jazzy/opt/gz_rendering_vendor:/opt/ros/jazzy/opt/gz_plugin_vendor:/opt/ros/jazzy/opt/gz_fuel_tools_vendor:/opt/ros/jazzy/opt/gz_msgs_vendor:/opt/ros/jazzy/opt/gz_common_vendor:/opt/ros/jazzy/opt/gz_math_vendor:/opt/ros/jazzy/opt/gz_utils_vendor:/opt/ros/jazzy/opt/gz_tools_vendor:/opt/ros/jazzy/opt/gz_ogre_next_vendor:/opt/ros/jazzy/opt/gz_dartsim_vendor:/opt/ros/jazzy/opt/gz_cmake_vendor:/workspace/ros2_ws/install/yolo_ros:/workspace/ros2_ws/install/teleop_safety:/workspace/ros2_ws/install/open_manipulator_teleop:/workspace/ros2_ws/install/frontman:/workspace/ros2_ws/install/cam2goal:/opt/ros/jazzy LD_LIBRARY_PATH=/workspace/manipulator_ws/src/install/robotis_interfaces/lib:${LD_LIBRARY_PATH} PYTHONPATH=/workspace/manipulator_ws/src/install/robotis_interfaces/lib/python3.12/site-packages:${PYTHONPATH} /usr/bin/cmake --install /workspace/manipulator_ws/src/build/open_manipulator_playground
[88.827s] -- Install configuration: ""
[88.830s] -- Execute custom install script
[88.831s] -- Symlinking: /workspace/manipulator_ws/src/install/open_manipulator_playground/include/open_manipulator_playground/omy_3m_hello_moveit.h
[88.855s] -- Symlinking: /workspace/manipulator_ws/src/install/open_manipulator_playground/include/open_manipulator_playground/omy_f3m_hello_moveit.h
[88.878s] -- Symlinking: /workspace/manipulator_ws/src/install/open_manipulator_playground/include/open_manipulator_playground/open_manipulator_x_hello_moveit.h
[88.905s] -- Symlinking: /workspace/manipulator_ws/src/install/open_manipulator_playground/lib/open_manipulator_playground/shape_detector_node.py
[88.927s] -- Symlinking: /workspace/manipulator_ws/src/install/open_manipulator_playground/lib/open_manipulator_playground/omx_trajectory_controller_node.py
[88.946s] -- Symlinking: /workspace/manipulator_ws/src/install/open_manipulator_playground/share/open_manipulator_playground/launch/omx_drawing.launch.py
[88.974s] -- Symlinking: /workspace/manipulator_ws/src/install/open_manipulator_playground/share/open_manipulator_playground/images/square.png
[88.997s] -- Symlinking: /workspace/manipulator_ws/src/install/open_manipulator_playground/share/ament_index/resource_index/package_run_dependencies/open_manipulator_playground
[89.022s] -- Symlinking: /workspace/manipulator_ws/src/install/open_manipulator_playground/share/ament_index/resource_index/parent_prefix_path/open_manipulator_playground
[89.048s] -- Symlinking: /workspace/manipulator_ws/src/install/open_manipulator_playground/share/open_manipulator_playground/environment/ament_prefix_path.sh
[89.068s] -- Symlinking: /workspace/manipulator_ws/src/install/open_manipulator_playground/share/open_manipulator_playground/environment/ament_prefix_path.dsv
[89.092s] -- Symlinking: /workspace/manipulator_ws/src/install/open_manipulator_playground/share/open_manipulator_playground/environment/path.sh
[89.116s] -- Symlinking: /workspace/manipulator_ws/src/install/open_manipulator_playground/share/open_manipulator_playground/environment/path.dsv
[89.140s] -- Symlinking: /workspace/manipulator_ws/src/install/open_manipulator_playground/share/open_manipulator_playground/local_setup.bash
[89.163s] -- Symlinking: /workspace/manipulator_ws/src/install/open_manipulator_playground/share/open_manipulator_playground/local_setup.sh
[89.188s] -- Symlinking: /workspace/manipulator_ws/src/install/open_manipulator_playground/share/open_manipulator_playground/local_setup.zsh
[89.209s] -- Symlinking: /workspace/manipulator_ws/src/install/open_manipulator_playground/share/open_manipulator_playground/local_setup.dsv
[89.235s] -- Symlinking: /workspace/manipulator_ws/src/install/open_manipulator_playground/share/open_manipulator_playground/package.dsv
[89.255s] -- Symlinking: /workspace/manipulator_ws/src/install/open_manipulator_playground/share/ament_index/resource_index/packages/open_manipulator_playground
[89.279s] -- Symlinking: /workspace/manipulator_ws/src/install/open_manipulator_playground/share/open_manipulator_playground/cmake/ament_cmake_export_include_directories-extras.cmake
[89.304s] -- Symlinking: /workspace/manipulator_ws/src/install/open_manipulator_playground/share/open_manipulator_playground/cmake/ament_cmake_export_targets-extras.cmake
[89.326s] -- Symlinking: /workspace/manipulator_ws/src/install/open_manipulator_playground/share/open_manipulator_playground/cmake/open_manipulator_playgroundConfig.cmake
[89.350s] -- Symlinking: /workspace/manipulator_ws/src/install/open_manipulator_playground/share/open_manipulator_playground/cmake/open_manipulator_playgroundConfig-version.cmake
[89.378s] -- Symlinking: /workspace/manipulator_ws/src/install/open_manipulator_playground/share/open_manipulator_playground/package.xml
[89.394s] -- Installing: /workspace/manipulator_ws/src/install/open_manipulator_playground/lib/open_manipulator_playground/open_manipulator_x_hello_moveit
[89.395s] -- Set non-toolchain portion of runtime path of "/workspace/manipulator_ws/src/install/open_manipulator_playground/lib/open_manipulator_playground/open_manipulator_x_hello_moveit" to ""
[89.397s] -- Installing: /workspace/manipulator_ws/src/install/open_manipulator_playground/lib/open_manipulator_playground/omy_f3m_hello_moveit
[89.397s] -- Set non-toolchain portion of runtime path of "/workspace/manipulator_ws/src/install/open_manipulator_playground/lib/open_manipulator_playground/omy_f3m_hello_moveit" to ""
[89.397s] -- Installing: /workspace/manipulator_ws/src/install/open_manipulator_playground/lib/open_manipulator_playground/omy_3m_hello_moveit
[89.399s] -- Set non-toolchain portion of runtime path of "/workspace/manipulator_ws/src/install/open_manipulator_playground/lib/open_manipulator_playground/omy_3m_hello_moveit" to ""
[89.404s] -- Installing: /workspace/manipulator_ws/src/install/open_manipulator_playground/share/open_manipulator_playground/cmake/export_open_manipulator_playgroundExport.cmake
[89.405s] -- Installing: /workspace/manipulator_ws/src/install/open_manipulator_playground/share/open_manipulator_playground/cmake/export_open_manipulator_playgroundExport-noconfig.cmake
[89.409s] Invoked command in '/workspace/manipulator_ws/src/build/open_manipulator_playground' returned '0': AMENT_PREFIX_PATH=/workspace/manipulator_ws/src/install/robotis_interfaces:${AMENT_PREFIX_PATH} CMAKE_PREFIX_PATH=/workspace/manipulator_ws/src/install/robotis_interfaces:/workspace/ros2_ws/install/icart_mini:/workspace/ros2_ws/install/icart_mini_driver:/workspace/ros2_ws/install/ypspur_ros2:/workspace/ros2_ws/install/yolo_bringup:/workspace/ros2_ws/install/yolo_msgs:/workspace/ros2_ws/install/robotis_interfaces:/workspace/ros2_ws/install/open_manipulator_moveit_config:/workspace/ros2_ws/install/open_manipulator_description:/workspace/ros2_ws/install/realsense2_description:/workspace/ros2_ws/install/realsense2_camera:/workspace/ros2_ws/install/realsense2_camera_msgs:/workspace/ros2_ws/install/open_manipulator_collision:/workspace/ros2_ws/install/icart_mini_setup:/workspace/ros2_ws/install/icart_mini_gazebo:/workspace/ros2_ws/install/icart_mini_description:/workspace/ros2_ws/install/icart_mini_control:/workspace/ros2_ws/install/dynamixel_sdk_examples:/workspace/ros2_ws/install/dynamixel_sdk_custom_interfaces:/workspace/ros2_ws/install/dynamixel_hardware_interface:/workspace/ros2_ws/install/dynamixel_sdk:/workspace/ros2_ws/install/dynamixel_interfaces:/workspace/ros2_ws/install/aruco_opencv:/workspace/ros2_ws/install/aruco_opencv_msgs:/opt/ros/jazzy/opt/gz_sim_vendor:/opt/ros/jazzy/opt/gz_sensors_vendor:/opt/ros/jazzy/opt/gz_physics_vendor:/opt/ros/jazzy/opt/sdformat_vendor:/opt/ros/jazzy/opt/gz_gui_vendor:/opt/ros/jazzy/opt/gz_transport_vendor:/opt/ros/jazzy/opt/gz_rendering_vendor:/opt/ros/jazzy/opt/gz_plugin_vendor:/opt/ros/jazzy/opt/gz_fuel_tools_vendor:/opt/ros/jazzy/opt/gz_msgs_vendor:/opt/ros/jazzy/opt/gz_common_vendor:/opt/ros/jazzy/opt/gz_math_vendor:/opt/ros/jazzy/opt/gz_utils_vendor:/opt/ros/jazzy/opt/gz_tools_vendor:/opt/ros/jazzy/opt/gz_ogre_next_vendor:/opt/ros/jazzy/opt/gz_dartsim_vendor:/opt/ros/jazzy/opt/gz_cmake_vendor:/workspace/ros2_ws/install/yolo_ros:/workspace/ros2_ws/install/teleop_safety:/workspace/ros2_ws/install/open_manipulator_teleop:/workspace/ros2_ws/install/frontman:/workspace/ros2_ws/install/cam2goal:/opt/ros/jazzy LD_LIBRARY_PATH=/workspace/manipulator_ws/src/install/robotis_interfaces/lib:${LD_LIBRARY_PATH} PYTHONPATH=/workspace/manipulator_ws/src/install/robotis_interfaces/lib/python3.12/site-packages:${PYTHONPATH} /usr/bin/cmake --install /workspace/manipulator_ws/src/build/open_manipulator_playground
