[0.050s] Invoking command in '/workspace/manipulator_ws/src/build/dynamixel_hardware_interface': AMENT_PREFIX_PATH=/workspace/manipulator_ws/src/install/dynamixel_sdk:/workspace/manipulator_ws/src/install/dynamixel_interfaces:${AMENT_PREFIX_PATH} CMAKE_PREFIX_PATH=/workspace/manipulator_ws/src/install/dynamixel_sdk:/workspace/manipulator_ws/src/install/dynamixel_interfaces:/workspace/ros2_ws/install/icart_mini:/workspace/ros2_ws/install/icart_mini_driver:/workspace/ros2_ws/install/ypspur_ros2:/workspace/ros2_ws/install/yolo_bringup:/workspace/ros2_ws/install/yolo_msgs:/workspace/ros2_ws/install/robotis_interfaces:/workspace/ros2_ws/install/open_manipulator_moveit_config:/workspace/ros2_ws/install/open_manipulator_description:/workspace/ros2_ws/install/realsense2_description:/workspace/ros2_ws/install/realsense2_camera:/workspace/ros2_ws/install/realsense2_camera_msgs:/workspace/ros2_ws/install/open_manipulator_collision:/workspace/ros2_ws/install/icart_mini_setup:/workspace/ros2_ws/install/icart_mini_gazebo:/workspace/ros2_ws/install/icart_mini_description:/workspace/ros2_ws/install/icart_mini_control:/workspace/ros2_ws/install/dynamixel_sdk_examples:/workspace/ros2_ws/install/dynamixel_sdk_custom_interfaces:/workspace/ros2_ws/install/dynamixel_hardware_interface:/workspace/ros2_ws/install/dynamixel_sdk:/workspace/ros2_ws/install/dynamixel_interfaces:/workspace/ros2_ws/install/aruco_opencv:/workspace/ros2_ws/install/aruco_opencv_msgs:/opt/ros/jazzy/opt/gz_sim_vendor:/opt/ros/jazzy/opt/gz_sensors_vendor:/opt/ros/jazzy/opt/gz_physics_vendor:/opt/ros/jazzy/opt/sdformat_vendor:/opt/ros/jazzy/opt/gz_gui_vendor:/opt/ros/jazzy/opt/gz_transport_vendor:/opt/ros/jazzy/opt/gz_rendering_vendor:/opt/ros/jazzy/opt/gz_plugin_vendor:/opt/ros/jazzy/opt/gz_fuel_tools_vendor:/opt/ros/jazzy/opt/gz_msgs_vendor:/opt/ros/jazzy/opt/gz_common_vendor:/opt/ros/jazzy/opt/gz_math_vendor:/opt/ros/jazzy/opt/gz_utils_vendor:/opt/ros/jazzy/opt/gz_tools_vendor:/opt/ros/jazzy/opt/gz_ogre_next_vendor:/opt/ros/jazzy/opt/gz_dartsim_vendor:/opt/ros/jazzy/opt/gz_cmake_vendor:/workspace/ros2_ws/install/yolo_ros:/workspace/ros2_ws/install/teleop_safety:/workspace/ros2_ws/install/open_manipulator_teleop:/workspace/ros2_ws/install/frontman:/workspace/ros2_ws/install/cam2goal:/opt/ros/jazzy LD_LIBRARY_PATH=/workspace/manipulator_ws/src/install/dynamixel_sdk/lib:/workspace/manipulator_ws/src/install/dynamixel_interfaces/lib:${LD_LIBRARY_PATH} PYTHONPATH=/workspace/manipulator_ws/src/install/dynamixel_sdk/lib/python3.12/site-packages:/workspace/manipulator_ws/src/install/dynamixel_interfaces/lib/python3.12/site-packages:${PYTHONPATH} /usr/bin/cmake /workspace/manipulator_ws/src/dynamixel_hardware_interface -DAMENT_CMAKE_SYMLINK_INSTALL=1 -DCMAKE_INSTALL_PREFIX=/workspace/manipulator_ws/src/install/dynamixel_hardware_interface
[0.475s] -- The C compiler identification is GNU 13.3.0
[0.843s] -- The CXX compiler identification is GNU 13.3.0
[0.981s] -- Detecting C compiler ABI info
[1.409s] -- Detecting C compiler ABI info - done
[1.487s] -- Check for working C compiler: /usr/bin/cc - skipped
[1.487s] -- Detecting C compile features
[1.487s] -- Detecting C compile features - done
[1.527s] -- Detecting CXX compiler ABI info
[1.985s] -- Detecting CXX compiler ABI info - done
[2.061s] -- Check for working CXX compiler: /usr/bin/c++ - skipped
[2.066s] -- Detecting CXX compile features
[2.066s] -- Detecting CXX compile features - done
[2.150s] -- Found ament_cmake: 2.5.6 (/opt/ros/jazzy/share/ament_cmake/cmake)
[3.834s] -- Found Python3: /usr/bin/python3 (found version "3.12.3") found components: Interpreter 
[4.103s] -- Override CMake install command with custom implementation using symlinks instead of copying resources
[4.651s] -- Found hardware_interface: 4.45.2 (/opt/ros/jazzy/share/hardware_interface/cmake)
[5.605s] -- Found rosidl_generator_c: 4.6.9 (/opt/ros/jazzy/share/rosidl_generator_c/cmake)
[5.892s] -- Found rosidl_generator_cpp: 4.6.9 (/opt/ros/jazzy/share/rosidl_generator_cpp/cmake)
[6.058s] -- Using all available rosidl_typesupport_c: rosidl_typesupport_fastrtps_c;rosidl_typesupport_introspection_c
[6.350s] -- Using all available rosidl_typesupport_cpp: rosidl_typesupport_fastrtps_cpp;rosidl_typesupport_introspection_cpp
[8.467s] -- Found TinyXML2 via Config file: /usr/lib/x86_64-linux-gnu/cmake/tinyxml2
[9.223s] -- Found rmw_implementation_cmake: 7.3.3 (/opt/ros/jazzy/share/rmw_implementation_cmake/cmake)
[9.279s] -- Found rmw_fastrtps_cpp: 8.4.4 (/opt/ros/jazzy/share/rmw_fastrtps_cpp/cmake)
[9.624s] -- Found TinyXML2 via Config file: /usr/lib/x86_64-linux-gnu/cmake/tinyxml2
[10.026s] -- Found OpenSSL: /usr/lib/x86_64-linux-gnu/libcrypto.so (found version "3.0.13")  
[10.035s] -- Found TinyXML2 via Config file: /usr/lib/x86_64-linux-gnu/cmake/tinyxml2
[10.086s] -- Found FastRTPS: /opt/ros/jazzy/include (Required is at least version "2.13") 
[10.097s] -- Found TinyXML2 via Config file: /usr/lib/x86_64-linux-gnu/cmake/tinyxml2
[10.143s] -- Found TinyXML2 via Config file: /usr/lib/x86_64-linux-gnu/cmake/tinyxml2
[10.208s] -- Using RMW implementation 'rmw_fastrtps_cpp' as default
[11.556s] -- Found dynamixel_sdk: 4.0.5 (/workspace/manipulator_ws/src/install/dynamixel_sdk/share/dynamixel_sdk/cmake)
[11.575s] -- Found std_srvs: 5.3.8 (/opt/ros/jazzy/share/std_srvs/cmake)
[11.623s] -- Found dynamixel_interfaces: 1.0.1 (/workspace/manipulator_ws/src/install/dynamixel_interfaces/share/dynamixel_interfaces/cmake)
[11.718s] -- Found ament_lint_auto: 0.17.5 (/opt/ros/jazzy/share/ament_lint_auto/cmake)
[12.279s] -- Added test 'copyright' to check source files copyright and LICENSE
[12.305s] -- Added test 'cppcheck' to perform static code analysis on C / C++ code
[12.310s] -- Configured cppcheck include dirs: $<BUILD_INTERFACE:/workspace/manipulator_ws/src/dynamixel_hardware_interface/include>
[12.310s] -- Configured cppcheck exclude dirs and/or files: 
[12.332s] -- Added test 'cpplint' to check C / C++ code against the Google style
[12.332s] -- Configured cpplint exclude dirs and/or files: 
[12.337s] -- Added test 'flake8' to check Python code syntax and style conventions
[12.337s] -- Configured 'flake8' exclude dirs and/or files: 
[12.346s] -- Added test 'lint_cmake' to check CMake code style
[12.352s] -- Added test 'pep257' to check Python code against some of the docstring style conventions in PEP 257
[12.375s] -- Added test 'uncrustify' to check C / C++ code style
[12.376s] -- Configured uncrustify additional arguments: 
[12.391s] -- Added test 'xmllint' to check XML markup files
[12.422s] -- Configuring done (12.3s)
[12.610s] -- Generating done (0.1s)
[12.621s] -- Build files have been written to: /workspace/manipulator_ws/src/build/dynamixel_hardware_interface
[12.645s] Invoked command in '/workspace/manipulator_ws/src/build/dynamixel_hardware_interface' returned '0': AMENT_PREFIX_PATH=/workspace/manipulator_ws/src/install/dynamixel_sdk:/workspace/manipulator_ws/src/install/dynamixel_interfaces:${AMENT_PREFIX_PATH} CMAKE_PREFIX_PATH=/workspace/manipulator_ws/src/install/dynamixel_sdk:/workspace/manipulator_ws/src/install/dynamixel_interfaces:/workspace/ros2_ws/install/icart_mini:/workspace/ros2_ws/install/icart_mini_driver:/workspace/ros2_ws/install/ypspur_ros2:/workspace/ros2_ws/install/yolo_bringup:/workspace/ros2_ws/install/yolo_msgs:/workspace/ros2_ws/install/robotis_interfaces:/workspace/ros2_ws/install/open_manipulator_moveit_config:/workspace/ros2_ws/install/open_manipulator_description:/workspace/ros2_ws/install/realsense2_description:/workspace/ros2_ws/install/realsense2_camera:/workspace/ros2_ws/install/realsense2_camera_msgs:/workspace/ros2_ws/install/open_manipulator_collision:/workspace/ros2_ws/install/icart_mini_setup:/workspace/ros2_ws/install/icart_mini_gazebo:/workspace/ros2_ws/install/icart_mini_description:/workspace/ros2_ws/install/icart_mini_control:/workspace/ros2_ws/install/dynamixel_sdk_examples:/workspace/ros2_ws/install/dynamixel_sdk_custom_interfaces:/workspace/ros2_ws/install/dynamixel_hardware_interface:/workspace/ros2_ws/install/dynamixel_sdk:/workspace/ros2_ws/install/dynamixel_interfaces:/workspace/ros2_ws/install/aruco_opencv:/workspace/ros2_ws/install/aruco_opencv_msgs:/opt/ros/jazzy/opt/gz_sim_vendor:/opt/ros/jazzy/opt/gz_sensors_vendor:/opt/ros/jazzy/opt/gz_physics_vendor:/opt/ros/jazzy/opt/sdformat_vendor:/opt/ros/jazzy/opt/gz_gui_vendor:/opt/ros/jazzy/opt/gz_transport_vendor:/opt/ros/jazzy/opt/gz_rendering_vendor:/opt/ros/jazzy/opt/gz_plugin_vendor:/opt/ros/jazzy/opt/gz_fuel_tools_vendor:/opt/ros/jazzy/opt/gz_msgs_vendor:/opt/ros/jazzy/opt/gz_common_vendor:/opt/ros/jazzy/opt/gz_math_vendor:/opt/ros/jazzy/opt/gz_utils_vendor:/opt/ros/jazzy/opt/gz_tools_vendor:/opt/ros/jazzy/opt/gz_ogre_next_vendor:/opt/ros/jazzy/opt/gz_dartsim_vendor:/opt/ros/jazzy/opt/gz_cmake_vendor:/workspace/ros2_ws/install/yolo_ros:/workspace/ros2_ws/install/teleop_safety:/workspace/ros2_ws/install/open_manipulator_teleop:/workspace/ros2_ws/install/frontman:/workspace/ros2_ws/install/cam2goal:/opt/ros/jazzy LD_LIBRARY_PATH=/workspace/manipulator_ws/src/install/dynamixel_sdk/lib:/workspace/manipulator_ws/src/install/dynamixel_interfaces/lib:${LD_LIBRARY_PATH} PYTHONPATH=/workspace/manipulator_ws/src/install/dynamixel_sdk/lib/python3.12/site-packages:/workspace/manipulator_ws/src/install/dynamixel_interfaces/lib/python3.12/site-packages:${PYTHONPATH} /usr/bin/cmake /workspace/manipulator_ws/src/dynamixel_hardware_interface -DAMENT_CMAKE_SYMLINK_INSTALL=1 -DCMAKE_INSTALL_PREFIX=/workspace/manipulator_ws/src/install/dynamixel_hardware_interface
[12.648s] Invoking command in '/workspace/manipulator_ws/src/build/dynamixel_hardware_interface': AMENT_PREFIX_PATH=/workspace/manipulator_ws/src/install/dynamixel_sdk:/workspace/manipulator_ws/src/install/dynamixel_interfaces:${AMENT_PREFIX_PATH} CMAKE_PREFIX_PATH=/workspace/manipulator_ws/src/install/dynamixel_sdk:/workspace/manipulator_ws/src/install/dynamixel_interfaces:/workspace/ros2_ws/install/icart_mini:/workspace/ros2_ws/install/icart_mini_driver:/workspace/ros2_ws/install/ypspur_ros2:/workspace/ros2_ws/install/yolo_bringup:/workspace/ros2_ws/install/yolo_msgs:/workspace/ros2_ws/install/robotis_interfaces:/workspace/ros2_ws/install/open_manipulator_moveit_config:/workspace/ros2_ws/install/open_manipulator_description:/workspace/ros2_ws/install/realsense2_description:/workspace/ros2_ws/install/realsense2_camera:/workspace/ros2_ws/install/realsense2_camera_msgs:/workspace/ros2_ws/install/open_manipulator_collision:/workspace/ros2_ws/install/icart_mini_setup:/workspace/ros2_ws/install/icart_mini_gazebo:/workspace/ros2_ws/install/icart_mini_description:/workspace/ros2_ws/install/icart_mini_control:/workspace/ros2_ws/install/dynamixel_sdk_examples:/workspace/ros2_ws/install/dynamixel_sdk_custom_interfaces:/workspace/ros2_ws/install/dynamixel_hardware_interface:/workspace/ros2_ws/install/dynamixel_sdk:/workspace/ros2_ws/install/dynamixel_interfaces:/workspace/ros2_ws/install/aruco_opencv:/workspace/ros2_ws/install/aruco_opencv_msgs:/opt/ros/jazzy/opt/gz_sim_vendor:/opt/ros/jazzy/opt/gz_sensors_vendor:/opt/ros/jazzy/opt/gz_physics_vendor:/opt/ros/jazzy/opt/sdformat_vendor:/opt/ros/jazzy/opt/gz_gui_vendor:/opt/ros/jazzy/opt/gz_transport_vendor:/opt/ros/jazzy/opt/gz_rendering_vendor:/opt/ros/jazzy/opt/gz_plugin_vendor:/opt/ros/jazzy/opt/gz_fuel_tools_vendor:/opt/ros/jazzy/opt/gz_msgs_vendor:/opt/ros/jazzy/opt/gz_common_vendor:/opt/ros/jazzy/opt/gz_math_vendor:/opt/ros/jazzy/opt/gz_utils_vendor:/opt/ros/jazzy/opt/gz_tools_vendor:/opt/ros/jazzy/opt/gz_ogre_next_vendor:/opt/ros/jazzy/opt/gz_dartsim_vendor:/opt/ros/jazzy/opt/gz_cmake_vendor:/workspace/ros2_ws/install/yolo_ros:/workspace/ros2_ws/install/teleop_safety:/workspace/ros2_ws/install/open_manipulator_teleop:/workspace/ros2_ws/install/frontman:/workspace/ros2_ws/install/cam2goal:/opt/ros/jazzy LD_LIBRARY_PATH=/workspace/manipulator_ws/src/install/dynamixel_sdk/lib:/workspace/manipulator_ws/src/install/dynamixel_interfaces/lib:${LD_LIBRARY_PATH} PYTHONPATH=/workspace/manipulator_ws/src/install/dynamixel_sdk/lib/python3.12/site-packages:/workspace/manipulator_ws/src/install/dynamixel_interfaces/lib/python3.12/site-packages:${PYTHONPATH} /usr/bin/cmake --build /workspace/manipulator_ws/src/build/dynamixel_hardware_interface -- -j4 -l4
[12.964s] [ 25%] [32mBuilding CXX object CMakeFiles/dynamixel_hardware_interface.dir/src/dynamixel_hardware_interface.cpp.o[0m
[25.083s] [01m[K/workspace/manipulator_ws/src/dynamixel_hardware_interface/src/dynamixel_hardware_interface.cpp:[m[K In member function ‘[01m[Kvirtual hardware_interface::CallbackReturn dynamixel_hardware_interface::DynamixelHardware::[01;32m[Kon_init[m[K(const hardware_interface::HardwareInfo&)[m[K’:
[25.083s] [01m[K/workspace/manipulator_ws/src/dynamixel_hardware_interface/src/dynamixel_hardware_interface.cpp:61:51:[m[K [01;35m[Kwarning: [m[K‘[01m[Kvirtual rclcpp_lifecycle::node_interfaces::LifecycleNodeInterface::CallbackReturn hardware_interface::HardwareComponentInterface::[01;32m[Kon_init[m[K(const hardware_interface::HardwareInfo&)[m[K’ is deprecated: Use on_init(const HardwareComponentInterfaceParams & params) instead. [[01;35m[K-Wdeprecated-declarations[m[K]
[25.083s]    61 |   if ([01;35m[Khardware_interface::SystemInterface::on_init(info)[m[K !=
[25.083s]       |       [01;35m[K~~~~~~~~~~~~~~~~~~~~~~~~~~~~~~~~~~~~~~~~~~~~^~~~~~[m[K
[25.083s] In file included from [01m[K/opt/ros/jazzy/include/hardware_interface/hardware_interface/system_interface.hpp:18[m[K,
[25.084s]                  from [01m[K/workspace/manipulator_ws/src/dynamixel_hardware_interface/include/dynamixel_hardware_interface/dynamixel_hardware_interface.hpp:33[m[K,
[25.084s]                  from [01m[K/workspace/manipulator_ws/src/dynamixel_hardware_interface/src/dynamixel_hardware_interface.cpp:17[m[K:
[25.084s] [01m[K/opt/ros/jazzy/include/hardware_interface/hardware_interface/hardware_component_interface.hpp:140:26:[m[K [01;36m[Knote: [m[Kdeclared here
[25.084s]   140 |   virtual CallbackReturn [01;36m[Kon_init[m[K(const HardwareInfo & hardware_info);
[25.084s]       |                          [01;36m[K^~~~~~~[m[K
[51.913s] [ 50%] [32mBuilding CXX object CMakeFiles/dynamixel_hardware_interface.dir/src/dynamixel/dynamixel.cpp.o[0m
[62.505s] [ 75%] [32mBuilding CXX object CMakeFiles/dynamixel_hardware_interface.dir/src/dynamixel/dynamixel_info.cpp.o[0m
[82.753s] [100%] [32m[1mLinking CXX shared library libdynamixel_hardware_interface.so[0m
[84.799s] [100%] Built target dynamixel_hardware_interface
[84.821s] Invoked command in '/workspace/manipulator_ws/src/build/dynamixel_hardware_interface' returned '0': AMENT_PREFIX_PATH=/workspace/manipulator_ws/src/install/dynamixel_sdk:/workspace/manipulator_ws/src/install/dynamixel_interfaces:${AMENT_PREFIX_PATH} CMAKE_PREFIX_PATH=/workspace/manipulator_ws/src/install/dynamixel_sdk:/workspace/manipulator_ws/src/install/dynamixel_interfaces:/workspace/ros2_ws/install/icart_mini:/workspace/ros2_ws/install/icart_mini_driver:/workspace/ros2_ws/install/ypspur_ros2:/workspace/ros2_ws/install/yolo_bringup:/workspace/ros2_ws/install/yolo_msgs:/workspace/ros2_ws/install/robotis_interfaces:/workspace/ros2_ws/install/open_manipulator_moveit_config:/workspace/ros2_ws/install/open_manipulator_description:/workspace/ros2_ws/install/realsense2_description:/workspace/ros2_ws/install/realsense2_camera:/workspace/ros2_ws/install/realsense2_camera_msgs:/workspace/ros2_ws/install/open_manipulator_collision:/workspace/ros2_ws/install/icart_mini_setup:/workspace/ros2_ws/install/icart_mini_gazebo:/workspace/ros2_ws/install/icart_mini_description:/workspace/ros2_ws/install/icart_mini_control:/workspace/ros2_ws/install/dynamixel_sdk_examples:/workspace/ros2_ws/install/dynamixel_sdk_custom_interfaces:/workspace/ros2_ws/install/dynamixel_hardware_interface:/workspace/ros2_ws/install/dynamixel_sdk:/workspace/ros2_ws/install/dynamixel_interfaces:/workspace/ros2_ws/install/aruco_opencv:/workspace/ros2_ws/install/aruco_opencv_msgs:/opt/ros/jazzy/opt/gz_sim_vendor:/opt/ros/jazzy/opt/gz_sensors_vendor:/opt/ros/jazzy/opt/gz_physics_vendor:/opt/ros/jazzy/opt/sdformat_vendor:/opt/ros/jazzy/opt/gz_gui_vendor:/opt/ros/jazzy/opt/gz_transport_vendor:/opt/ros/jazzy/opt/gz_rendering_vendor:/opt/ros/jazzy/opt/gz_plugin_vendor:/opt/ros/jazzy/opt/gz_fuel_tools_vendor:/opt/ros/jazzy/opt/gz_msgs_vendor:/opt/ros/jazzy/opt/gz_common_vendor:/opt/ros/jazzy/opt/gz_math_vendor:/opt/ros/jazzy/opt/gz_utils_vendor:/opt/ros/jazzy/opt/gz_tools_vendor:/opt/ros/jazzy/opt/gz_ogre_next_vendor:/opt/ros/jazzy/opt/gz_dartsim_vendor:/opt/ros/jazzy/opt/gz_cmake_vendor:/workspace/ros2_ws/install/yolo_ros:/workspace/ros2_ws/install/teleop_safety:/workspace/ros2_ws/install/open_manipulator_teleop:/workspace/ros2_ws/install/frontman:/workspace/ros2_ws/install/cam2goal:/opt/ros/jazzy LD_LIBRARY_PATH=/workspace/manipulator_ws/src/install/dynamixel_sdk/lib:/workspace/manipulator_ws/src/install/dynamixel_interfaces/lib:${LD_LIBRARY_PATH} PYTHONPATH=/workspace/manipulator_ws/src/install/dynamixel_sdk/lib/python3.12/site-packages:/workspace/manipulator_ws/src/install/dynamixel_interfaces/lib/python3.12/site-packages:${PYTHONPATH} /usr/bin/cmake --build /workspace/manipulator_ws/src/build/dynamixel_hardware_interface -- -j4 -l4
[84.824s] Invoking command in '/workspace/manipulator_ws/src/build/dynamixel_hardware_interface': AMENT_PREFIX_PATH=/workspace/manipulator_ws/src/install/dynamixel_sdk:/workspace/manipulator_ws/src/install/dynamixel_interfaces:${AMENT_PREFIX_PATH} CMAKE_PREFIX_PATH=/workspace/manipulator_ws/src/install/dynamixel_sdk:/workspace/manipulator_ws/src/install/dynamixel_interfaces:/workspace/ros2_ws/install/icart_mini:/workspace/ros2_ws/install/icart_mini_driver:/workspace/ros2_ws/install/ypspur_ros2:/workspace/ros2_ws/install/yolo_bringup:/workspace/ros2_ws/install/yolo_msgs:/workspace/ros2_ws/install/robotis_interfaces:/workspace/ros2_ws/install/open_manipulator_moveit_config:/workspace/ros2_ws/install/open_manipulator_description:/workspace/ros2_ws/install/realsense2_description:/workspace/ros2_ws/install/realsense2_camera:/workspace/ros2_ws/install/realsense2_camera_msgs:/workspace/ros2_ws/install/open_manipulator_collision:/workspace/ros2_ws/install/icart_mini_setup:/workspace/ros2_ws/install/icart_mini_gazebo:/workspace/ros2_ws/install/icart_mini_description:/workspace/ros2_ws/install/icart_mini_control:/workspace/ros2_ws/install/dynamixel_sdk_examples:/workspace/ros2_ws/install/dynamixel_sdk_custom_interfaces:/workspace/ros2_ws/install/dynamixel_hardware_interface:/workspace/ros2_ws/install/dynamixel_sdk:/workspace/ros2_ws/install/dynamixel_interfaces:/workspace/ros2_ws/install/aruco_opencv:/workspace/ros2_ws/install/aruco_opencv_msgs:/opt/ros/jazzy/opt/gz_sim_vendor:/opt/ros/jazzy/opt/gz_sensors_vendor:/opt/ros/jazzy/opt/gz_physics_vendor:/opt/ros/jazzy/opt/sdformat_vendor:/opt/ros/jazzy/opt/gz_gui_vendor:/opt/ros/jazzy/opt/gz_transport_vendor:/opt/ros/jazzy/opt/gz_rendering_vendor:/opt/ros/jazzy/opt/gz_plugin_vendor:/opt/ros/jazzy/opt/gz_fuel_tools_vendor:/opt/ros/jazzy/opt/gz_msgs_vendor:/opt/ros/jazzy/opt/gz_common_vendor:/opt/ros/jazzy/opt/gz_math_vendor:/opt/ros/jazzy/opt/gz_utils_vendor:/opt/ros/jazzy/opt/gz_tools_vendor:/opt/ros/jazzy/opt/gz_ogre_next_vendor:/opt/ros/jazzy/opt/gz_dartsim_vendor:/opt/ros/jazzy/opt/gz_cmake_vendor:/workspace/ros2_ws/install/yolo_ros:/workspace/ros2_ws/install/teleop_safety:/workspace/ros2_ws/install/open_manipulator_teleop:/workspace/ros2_ws/install/frontman:/workspace/ros2_ws/install/cam2goal:/opt/ros/jazzy LD_LIBRARY_PATH=/workspace/manipulator_ws/src/install/dynamixel_sdk/lib:/workspace/manipulator_ws/src/install/dynamixel_interfaces/lib:${LD_LIBRARY_PATH} PYTHONPATH=/workspace/manipulator_ws/src/install/dynamixel_sdk/lib/python3.12/site-packages:/workspace/manipulator_ws/src/install/dynamixel_interfaces/lib/python3.12/site-packages:${PYTHONPATH} /usr/bin/cmake --install /workspace/manipulator_ws/src/build/dynamixel_hardware_interface
[84.846s] -- Install configuration: ""
[84.847s] -- Execute custom install script
[84.849s] -- Symlinking: /workspace/manipulator_ws/src/install/dynamixel_hardware_interface/share/dynamixel_hardware_interface//dynamixel_hardware_interface_plugin.xml
[84.971s] -- Symlinking: /workspace/manipulator_ws/src/install/dynamixel_hardware_interface/include/dynamixel_hardware_interface/dynamixel/dynamixel.hpp
[85.026s] -- Symlinking: /workspace/manipulator_ws/src/install/dynamixel_hardware_interface/include/dynamixel_hardware_interface/dynamixel/dynamixel_info.hpp
[85.154s] -- Symlinking: /workspace/manipulator_ws/src/install/dynamixel_hardware_interface/include/dynamixel_hardware_interface/dynamixel_hardware_interface.hpp
[85.206s] -- Symlinking: /workspace/manipulator_ws/src/install/dynamixel_hardware_interface/include/dynamixel_hardware_interface/visibility_control.h
[85.284s] -- Symlinking: /workspace/manipulator_ws/src/install/dynamixel_hardware_interface/lib/dynamixel_hardware_interface//create_udev_rules
[85.345s] -- Symlinking: /workspace/manipulator_ws/src/install/dynamixel_hardware_interface/share/dynamixel_hardware_interface//scripts/99-manipulator-cdc.rules
[85.383s] -- Symlinking: /workspace/manipulator_ws/src/install/dynamixel_hardware_interface/share/dynamixel_hardware_interface//scripts/check_model_file_formatting.py
[85.408s] -- Symlinking: /workspace/manipulator_ws/src/install/dynamixel_hardware_interface/share/dynamixel_hardware_interface//scripts/cluster_model_files.py
[85.433s] -- Symlinking: /workspace/manipulator_ws/src/install/dynamixel_hardware_interface/share/dynamixel_hardware_interface//scripts/create_udev_rules
[85.464s] -- Symlinking: /workspace/manipulator_ws/src/install/dynamixel_hardware_interface/share/dynamixel_hardware_interface//scripts/hx_synctable_model_generator.py
[85.488s] -- Symlinking: /workspace/manipulator_ws/src/install/dynamixel_hardware_interface/share/dynamixel_hardware_interface//scripts/xml_to_model_parser.py
[85.514s] -- Symlinking: /workspace/manipulator_ws/src/install/dynamixel_hardware_interface/share/dynamixel_hardware_interface/param/dxl_model/2xc430_w250.model
[85.539s] -- Symlinking: /workspace/manipulator_ws/src/install/dynamixel_hardware_interface/share/dynamixel_hardware_interface/param/dxl_model/2xl430_w250.model
[85.562s] -- Symlinking: /workspace/manipulator_ws/src/install/dynamixel_hardware_interface/share/dynamixel_hardware_interface/param/dxl_model/dynamixel.model
[85.587s] -- Symlinking: /workspace/manipulator_ws/src/install/dynamixel_hardware_interface/share/dynamixel_hardware_interface/param/dxl_model/ffw_g10_led.model
[85.613s] -- Symlinking: /workspace/manipulator_ws/src/install/dynamixel_hardware_interface/share/dynamixel_hardware_interface/param/dxl_model/ffw_g10_rcu.model
[85.636s] -- Symlinking: /workspace/manipulator_ws/src/install/dynamixel_hardware_interface/share/dynamixel_hardware_interface/param/dxl_model/ffw_g40_imu.model
[85.660s] -- Symlinking: /workspace/manipulator_ws/src/install/dynamixel_hardware_interface/share/dynamixel_hardware_interface/param/dxl_model/ffw_sg2_drive_1.model
[85.686s] -- Symlinking: /workspace/manipulator_ws/src/install/dynamixel_hardware_interface/share/dynamixel_hardware_interface/param/dxl_model/ffw_sg2_drive_2.model
[85.710s] -- Symlinking: /workspace/manipulator_ws/src/install/dynamixel_hardware_interface/share/dynamixel_hardware_interface/param/dxl_model/ffw_sg2_drive_3.model
[85.735s] -- Symlinking: /workspace/manipulator_ws/src/install/dynamixel_hardware_interface/share/dynamixel_hardware_interface/param/dxl_model/ffw_sg2_steer_1.model
[85.757s] -- Symlinking: /workspace/manipulator_ws/src/install/dynamixel_hardware_interface/share/dynamixel_hardware_interface/param/dxl_model/ffw_sg2_steer_2.model
[85.783s] -- Symlinking: /workspace/manipulator_ws/src/install/dynamixel_hardware_interface/share/dynamixel_hardware_interface/param/dxl_model/ffw_sg2_steer_3.model
[85.807s] -- Symlinking: /workspace/manipulator_ws/src/install/dynamixel_hardware_interface/share/dynamixel_hardware_interface/param/dxl_model/h42_20_s300_ra.model
[85.832s] -- Symlinking: /workspace/manipulator_ws/src/install/dynamixel_hardware_interface/share/dynamixel_hardware_interface/param/dxl_model/h54_100_s500_ra.model
[85.856s] -- Symlinking: /workspace/manipulator_ws/src/install/dynamixel_hardware_interface/share/dynamixel_hardware_interface/param/dxl_model/h54_200_s500_ra.model
[85.881s] -- Symlinking: /workspace/manipulator_ws/src/install/dynamixel_hardware_interface/share/dynamixel_hardware_interface/param/dxl_model/hx5_d20_r_synctable_1_device_1.model
[85.905s] -- Symlinking: /workspace/manipulator_ws/src/install/dynamixel_hardware_interface/share/dynamixel_hardware_interface/param/dxl_model/hx5_d20_r_synctable_1_device_2.model
[85.929s] -- Symlinking: /workspace/manipulator_ws/src/install/dynamixel_hardware_interface/share/dynamixel_hardware_interface/param/dxl_model/hx5_d20_r_synctable_1_device_3.model
[85.957s] -- Symlinking: /workspace/manipulator_ws/src/install/dynamixel_hardware_interface/share/dynamixel_hardware_interface/param/dxl_model/hx5_d20_r_synctable_1_device_4.model
[85.984s] -- Symlinking: /workspace/manipulator_ws/src/install/dynamixel_hardware_interface/share/dynamixel_hardware_interface/param/dxl_model/hx5_d20_r_synctable_1_device_5.model
[86.008s] -- Symlinking: /workspace/manipulator_ws/src/install/dynamixel_hardware_interface/share/dynamixel_hardware_interface/param/dxl_model/hx5_d20_r_synctable_2_device_1.model
[86.032s] -- Symlinking: /workspace/manipulator_ws/src/install/dynamixel_hardware_interface/share/dynamixel_hardware_interface/param/dxl_model/hx5_d20_r_synctable_2_device_2.model
[86.056s] -- Symlinking: /workspace/manipulator_ws/src/install/dynamixel_hardware_interface/share/dynamixel_hardware_interface/param/dxl_model/hx5_d20_r_synctable_2_device_3.model
[86.080s] -- Symlinking: /workspace/manipulator_ws/src/install/dynamixel_hardware_interface/share/dynamixel_hardware_interface/param/dxl_model/hx5_d20_r_synctable_2_device_4.model
[86.105s] -- Symlinking: /workspace/manipulator_ws/src/install/dynamixel_hardware_interface/share/dynamixel_hardware_interface/param/dxl_model/hx5_d20_r_synctable_2_device_5.model
[86.128s] -- Symlinking: /workspace/manipulator_ws/src/install/dynamixel_hardware_interface/share/dynamixel_hardware_interface/param/dxl_model/hx5_d20_r_synctable_3_device_1.model
[86.149s] -- Symlinking: /workspace/manipulator_ws/src/install/dynamixel_hardware_interface/share/dynamixel_hardware_interface/param/dxl_model/hx5_d20_r_synctable_3_device_2.model
[86.175s] -- Symlinking: /workspace/manipulator_ws/src/install/dynamixel_hardware_interface/share/dynamixel_hardware_interface/param/dxl_model/hx5_d20_r_synctable_3_device_3.model
[86.201s] -- Symlinking: /workspace/manipulator_ws/src/install/dynamixel_hardware_interface/share/dynamixel_hardware_interface/param/dxl_model/hx5_d20_r_synctable_3_device_4.model
[86.244s] -- Symlinking: /workspace/manipulator_ws/src/install/dynamixel_hardware_interface/share/dynamixel_hardware_interface/param/dxl_model/hx5_d20_r_synctable_3_device_5.model
[86.295s] -- Symlinking: /workspace/manipulator_ws/src/install/dynamixel_hardware_interface/share/dynamixel_hardware_interface/param/dxl_model/hx5_d20_r_synctable_4_device_1.model
[86.382s] -- Symlinking: /workspace/manipulator_ws/src/install/dynamixel_hardware_interface/share/dynamixel_hardware_interface/param/dxl_model/hx5_d20_r_synctable_4_device_2.model
[86.449s] -- Symlinking: /workspace/manipulator_ws/src/install/dynamixel_hardware_interface/share/dynamixel_hardware_interface/param/dxl_model/hx5_d20_r_synctable_4_device_3.model
[86.610s] -- Symlinking: /workspace/manipulator_ws/src/install/dynamixel_hardware_interface/share/dynamixel_hardware_interface/param/dxl_model/hx5_d20_r_synctable_4_device_4.model
[86.666s] -- Symlinking: /workspace/manipulator_ws/src/install/dynamixel_hardware_interface/share/dynamixel_hardware_interface/param/dxl_model/hx5_d20_r_synctable_4_device_5.model
[86.707s] -- Symlinking: /workspace/manipulator_ws/src/install/dynamixel_hardware_interface/share/dynamixel_hardware_interface/param/dxl_model/hx5_d20_r_synctable_5_device_1.model
[86.732s] -- Symlinking: /workspace/manipulator_ws/src/install/dynamixel_hardware_interface/share/dynamixel_hardware_interface/param/dxl_model/hx5_d20_r_synctable_5_device_2.model
[86.758s] -- Symlinking: /workspace/manipulator_ws/src/install/dynamixel_hardware_interface/share/dynamixel_hardware_interface/param/dxl_model/hx5_d20_r_synctable_5_device_3.model
[86.789s] -- Symlinking: /workspace/manipulator_ws/src/install/dynamixel_hardware_interface/share/dynamixel_hardware_interface/param/dxl_model/hx5_d20_r_synctable_5_device_4.model
[86.878s] -- Symlinking: /workspace/manipulator_ws/src/install/dynamixel_hardware_interface/share/dynamixel_hardware_interface/param/dxl_model/hx5_d20_r_synctable_5_device_5.model
[86.931s] -- Symlinking: /workspace/manipulator_ws/src/install/dynamixel_hardware_interface/share/dynamixel_hardware_interface/param/dxl_model/hx5_d20_rl.model
[86.983s] -- Symlinking: /workspace/manipulator_ws/src/install/dynamixel_hardware_interface/share/dynamixel_hardware_interface/param/dxl_model/hx5_d20_rr.model
[87.080s] -- Symlinking: /workspace/manipulator_ws/src/install/dynamixel_hardware_interface/share/dynamixel_hardware_interface/param/dxl_model/m42_10_s260_ra.model
[87.142s] -- Symlinking: /workspace/manipulator_ws/src/install/dynamixel_hardware_interface/share/dynamixel_hardware_interface/param/dxl_model/m54_40_s250_ra.model
[87.274s] -- Symlinking: /workspace/manipulator_ws/src/install/dynamixel_hardware_interface/share/dynamixel_hardware_interface/param/dxl_model/m54_60_s250_ra.model
[87.382s] -- Symlinking: /workspace/manipulator_ws/src/install/dynamixel_hardware_interface/share/dynamixel_hardware_interface/param/dxl_model/mx_106.model
[87.491s] -- Symlinking: /workspace/manipulator_ws/src/install/dynamixel_hardware_interface/share/dynamixel_hardware_interface/param/dxl_model/mx_28.model
[87.593s] -- Symlinking: /workspace/manipulator_ws/src/install/dynamixel_hardware_interface/share/dynamixel_hardware_interface/param/dxl_model/mx_64.model
[87.706s] -- Symlinking: /workspace/manipulator_ws/src/install/dynamixel_hardware_interface/share/dynamixel_hardware_interface/param/dxl_model/omy_end.model
[87.770s] -- Symlinking: /workspace/manipulator_ws/src/install/dynamixel_hardware_interface/share/dynamixel_hardware_interface/param/dxl_model/omy_end_rh_p12_rn.model
[87.795s] -- Symlinking: /workspace/manipulator_ws/src/install/dynamixel_hardware_interface/share/dynamixel_hardware_interface/param/dxl_model/omy_hat.model
[87.871s] -- Symlinking: /workspace/manipulator_ws/src/install/dynamixel_hardware_interface/share/dynamixel_hardware_interface/param/dxl_model/ph42_020_s300.model
[87.916s] -- Symlinking: /workspace/manipulator_ws/src/install/dynamixel_hardware_interface/share/dynamixel_hardware_interface/param/dxl_model/ph54_100_s500.model
[88.010s] -- Symlinking: /workspace/manipulator_ws/src/install/dynamixel_hardware_interface/share/dynamixel_hardware_interface/param/dxl_model/ph54_200_s500.model
[88.102s] -- Symlinking: /workspace/manipulator_ws/src/install/dynamixel_hardware_interface/share/dynamixel_hardware_interface/param/dxl_model/pm42_010_s260.model
[88.130s] -- Symlinking: /workspace/manipulator_ws/src/install/dynamixel_hardware_interface/share/dynamixel_hardware_interface/param/dxl_model/pm54_040_s250.model
[88.243s] -- Symlinking: /workspace/manipulator_ws/src/install/dynamixel_hardware_interface/share/dynamixel_hardware_interface/param/dxl_model/pm54_060_s250.model
[88.281s] -- Symlinking: /workspace/manipulator_ws/src/install/dynamixel_hardware_interface/share/dynamixel_hardware_interface/param/dxl_model/rh_p12_rn.model
[88.305s] -- Symlinking: /workspace/manipulator_ws/src/install/dynamixel_hardware_interface/share/dynamixel_hardware_interface/param/dxl_model/sensorxel_joy.model
[88.332s] -- Symlinking: /workspace/manipulator_ws/src/install/dynamixel_hardware_interface/share/dynamixel_hardware_interface/param/dxl_model/xc330_m181.model
[88.355s] -- Symlinking: /workspace/manipulator_ws/src/install/dynamixel_hardware_interface/share/dynamixel_hardware_interface/param/dxl_model/xc330_m181_fw52.model
[88.387s] -- Symlinking: /workspace/manipulator_ws/src/install/dynamixel_hardware_interface/share/dynamixel_hardware_interface/param/dxl_model/xc330_m288.model
[88.410s] -- Symlinking: /workspace/manipulator_ws/src/install/dynamixel_hardware_interface/share/dynamixel_hardware_interface/param/dxl_model/xc330_m288_fw52.model
[88.425s] -- Symlinking: /workspace/manipulator_ws/src/install/dynamixel_hardware_interface/share/dynamixel_hardware_interface/param/dxl_model/xc330_t181.model
[88.453s] -- Symlinking: /workspace/manipulator_ws/src/install/dynamixel_hardware_interface/share/dynamixel_hardware_interface/param/dxl_model/xc330_t181_fw52.model
[88.473s] -- Symlinking: /workspace/manipulator_ws/src/install/dynamixel_hardware_interface/share/dynamixel_hardware_interface/param/dxl_model/xc330_t288.model
[88.512s] -- Symlinking: /workspace/manipulator_ws/src/install/dynamixel_hardware_interface/share/dynamixel_hardware_interface/param/dxl_model/xc330_t288_fw52.model
[88.517s] -- Symlinking: /workspace/manipulator_ws/src/install/dynamixel_hardware_interface/share/dynamixel_hardware_interface/param/dxl_model/xc335_t332.model
[88.542s] -- Symlinking: /workspace/manipulator_ws/src/install/dynamixel_hardware_interface/share/dynamixel_hardware_interface/param/dxl_model/xc430_w150.model
[88.570s] -- Symlinking: /workspace/manipulator_ws/src/install/dynamixel_hardware_interface/share/dynamixel_hardware_interface/param/dxl_model/xc430_w240.model
[88.591s] -- Symlinking: /workspace/manipulator_ws/src/install/dynamixel_hardware_interface/share/dynamixel_hardware_interface/param/dxl_model/xd430_t210.model
[88.638s] -- Symlinking: /workspace/manipulator_ws/src/install/dynamixel_hardware_interface/share/dynamixel_hardware_interface/param/dxl_model/xd430_t350.model
[88.675s] -- Symlinking: /workspace/manipulator_ws/src/install/dynamixel_hardware_interface/share/dynamixel_hardware_interface/param/dxl_model/xd540_t150.model
[88.733s] -- Symlinking: /workspace/manipulator_ws/src/install/dynamixel_hardware_interface/share/dynamixel_hardware_interface/param/dxl_model/xd540_t270.model
[88.810s] -- Symlinking: /workspace/manipulator_ws/src/install/dynamixel_hardware_interface/share/dynamixel_hardware_interface/param/dxl_model/xh430_v210.model
[88.933s] -- Symlinking: /workspace/manipulator_ws/src/install/dynamixel_hardware_interface/share/dynamixel_hardware_interface/param/dxl_model/xh430_v350.model
[88.967s] -- Symlinking: /workspace/manipulator_ws/src/install/dynamixel_hardware_interface/share/dynamixel_hardware_interface/param/dxl_model/xh430_w210.model
[89.061s] -- Symlinking: /workspace/manipulator_ws/src/install/dynamixel_hardware_interface/share/dynamixel_hardware_interface/param/dxl_model/xh430_w350.model
[89.111s] -- Symlinking: /workspace/manipulator_ws/src/install/dynamixel_hardware_interface/share/dynamixel_hardware_interface/param/dxl_model/xh540_v150.model
[89.225s] -- Symlinking: /workspace/manipulator_ws/src/install/dynamixel_hardware_interface/share/dynamixel_hardware_interface/param/dxl_model/xh540_v270.model
[89.284s] -- Symlinking: /workspace/manipulator_ws/src/install/dynamixel_hardware_interface/share/dynamixel_hardware_interface/param/dxl_model/xh540_w150.model
[89.391s] -- Symlinking: /workspace/manipulator_ws/src/install/dynamixel_hardware_interface/share/dynamixel_hardware_interface/param/dxl_model/xh540_w270.model
[89.486s] -- Symlinking: /workspace/manipulator_ws/src/install/dynamixel_hardware_interface/share/dynamixel_hardware_interface/param/dxl_model/xl320.model
[89.555s] -- Symlinking: /workspace/manipulator_ws/src/install/dynamixel_hardware_interface/share/dynamixel_hardware_interface/param/dxl_model/xl330_m077.model
[89.584s] -- Symlinking: /workspace/manipulator_ws/src/install/dynamixel_hardware_interface/share/dynamixel_hardware_interface/param/dxl_model/xl330_m077_fw52.model
[89.693s] -- Symlinking: /workspace/manipulator_ws/src/install/dynamixel_hardware_interface/share/dynamixel_hardware_interface/param/dxl_model/xl330_m288.model
[89.776s] -- Symlinking: /workspace/manipulator_ws/src/install/dynamixel_hardware_interface/share/dynamixel_hardware_interface/param/dxl_model/xl330_m288_fw52.model
[89.870s] -- Symlinking: /workspace/manipulator_ws/src/install/dynamixel_hardware_interface/share/dynamixel_hardware_interface/param/dxl_model/xl430_w250.model
[89.929s] -- Symlinking: /workspace/manipulator_ws/src/install/dynamixel_hardware_interface/share/dynamixel_hardware_interface/param/dxl_model/xm430_w210.model
[89.964s] -- Symlinking: /workspace/manipulator_ws/src/install/dynamixel_hardware_interface/share/dynamixel_hardware_interface/param/dxl_model/xm430_w350.model
[89.995s] -- Symlinking: /workspace/manipulator_ws/src/install/dynamixel_hardware_interface/share/dynamixel_hardware_interface/param/dxl_model/xm540_w150.model
[90.019s] -- Symlinking: /workspace/manipulator_ws/src/install/dynamixel_hardware_interface/share/dynamixel_hardware_interface/param/dxl_model/xm540_w270.model
[90.043s] -- Symlinking: /workspace/manipulator_ws/src/install/dynamixel_hardware_interface/share/dynamixel_hardware_interface/param/dxl_model/xw430_t200.model
[90.080s] -- Symlinking: /workspace/manipulator_ws/src/install/dynamixel_hardware_interface/share/dynamixel_hardware_interface/param/dxl_model/xw430_t333.model
[90.141s] -- Symlinking: /workspace/manipulator_ws/src/install/dynamixel_hardware_interface/share/dynamixel_hardware_interface/param/dxl_model/xw540_h260.model
[90.225s] -- Symlinking: /workspace/manipulator_ws/src/install/dynamixel_hardware_interface/share/dynamixel_hardware_interface/param/dxl_model/xw540_t140.model
[90.337s] -- Symlinking: /workspace/manipulator_ws/src/install/dynamixel_hardware_interface/share/dynamixel_hardware_interface/param/dxl_model/xw540_t260.model
[90.420s] -- Symlinking: /workspace/manipulator_ws/src/install/dynamixel_hardware_interface/share/dynamixel_hardware_interface/param/dxl_model/ym070_210_a051.model
[90.469s] -- Symlinking: /workspace/manipulator_ws/src/install/dynamixel_hardware_interface/share/dynamixel_hardware_interface/param/dxl_model/ym070_210_a099.model
[90.604s] -- Symlinking: /workspace/manipulator_ws/src/install/dynamixel_hardware_interface/share/dynamixel_hardware_interface/param/dxl_model/ym070_210_b001.model
[90.726s] -- Symlinking: /workspace/manipulator_ws/src/install/dynamixel_hardware_interface/share/dynamixel_hardware_interface/param/dxl_model/ym070_210_m001.model
[90.773s] -- Symlinking: /workspace/manipulator_ws/src/install/dynamixel_hardware_interface/share/dynamixel_hardware_interface/param/dxl_model/ym070_210_r051.model
[90.829s] -- Symlinking: /workspace/manipulator_ws/src/install/dynamixel_hardware_interface/share/dynamixel_hardware_interface/param/dxl_model/ym070_210_r099.model
[90.938s] -- Symlinking: /workspace/manipulator_ws/src/install/dynamixel_hardware_interface/share/dynamixel_hardware_interface/param/dxl_model/ym080_230_a051.model
[91.012s] -- Symlinking: /workspace/manipulator_ws/src/install/dynamixel_hardware_interface/share/dynamixel_hardware_interface/param/dxl_model/ym080_230_a099.model
[91.112s] -- Symlinking: /workspace/manipulator_ws/src/install/dynamixel_hardware_interface/share/dynamixel_hardware_interface/param/dxl_model/ym080_230_b001.model
[91.194s] -- Symlinking: /workspace/manipulator_ws/src/install/dynamixel_hardware_interface/share/dynamixel_hardware_interface/param/dxl_model/ym080_230_m001.model
[91.249s] -- Symlinking: /workspace/manipulator_ws/src/install/dynamixel_hardware_interface/share/dynamixel_hardware_interface/param/dxl_model/ym080_230_r051.model
[91.286s] -- Symlinking: /workspace/manipulator_ws/src/install/dynamixel_hardware_interface/share/dynamixel_hardware_interface/param/dxl_model/ym080_230_r099.model
[91.370s] -- Symlinking: /workspace/manipulator_ws/src/install/dynamixel_hardware_interface/share/dynamixel_hardware_interface/environment/library_path.sh
[91.393s] -- Symlinking: /workspace/manipulator_ws/src/install/dynamixel_hardware_interface/share/dynamixel_hardware_interface/environment/library_path.dsv
[91.417s] -- Symlinking: /workspace/manipulator_ws/src/install/dynamixel_hardware_interface/share/ament_index/resource_index/package_run_dependencies/dynamixel_hardware_interface
[91.450s] -- Symlinking: /workspace/manipulator_ws/src/install/dynamixel_hardware_interface/share/ament_index/resource_index/parent_prefix_path/dynamixel_hardware_interface
[91.565s] -- Symlinking: /workspace/manipulator_ws/src/install/dynamixel_hardware_interface/share/dynamixel_hardware_interface/environment/ament_prefix_path.sh
[91.674s] -- Symlinking: /workspace/manipulator_ws/src/install/dynamixel_hardware_interface/share/dynamixel_hardware_interface/environment/ament_prefix_path.dsv
[91.778s] -- Symlinking: /workspace/manipulator_ws/src/install/dynamixel_hardware_interface/share/dynamixel_hardware_interface/environment/path.sh
[91.831s] -- Symlinking: /workspace/manipulator_ws/src/install/dynamixel_hardware_interface/share/dynamixel_hardware_interface/environment/path.dsv
[91.916s] -- Symlinking: /workspace/manipulator_ws/src/install/dynamixel_hardware_interface/share/dynamixel_hardware_interface/local_setup.bash
[91.946s] -- Symlinking: /workspace/manipulator_ws/src/install/dynamixel_hardware_interface/share/dynamixel_hardware_interface/local_setup.sh
[91.975s] -- Symlinking: /workspace/manipulator_ws/src/install/dynamixel_hardware_interface/share/dynamixel_hardware_interface/local_setup.zsh
[92.001s] -- Symlinking: /workspace/manipulator_ws/src/install/dynamixel_hardware_interface/share/dynamixel_hardware_interface/local_setup.dsv
[92.024s] -- Symlinking: /workspace/manipulator_ws/src/install/dynamixel_hardware_interface/share/dynamixel_hardware_interface/package.dsv
[92.050s] -- Symlinking: /workspace/manipulator_ws/src/install/dynamixel_hardware_interface/share/ament_index/resource_index/packages/dynamixel_hardware_interface
[92.095s] -- Symlinking: /workspace/manipulator_ws/src/install/dynamixel_hardware_interface/share/ament_index/resource_index/hardware_interface__pluginlib__plugin/dynamixel_hardware_interface
[92.212s] -- Symlinking: /workspace/manipulator_ws/src/install/dynamixel_hardware_interface/share/dynamixel_hardware_interface/cmake/ament_cmake_export_include_directories-extras.cmake
[92.267s] -- Symlinking: /workspace/manipulator_ws/src/install/dynamixel_hardware_interface/share/dynamixel_hardware_interface/cmake/ament_cmake_export_libraries-extras.cmake
[92.295s] -- Symlinking: /workspace/manipulator_ws/src/install/dynamixel_hardware_interface/share/dynamixel_hardware_interface/cmake/ament_cmake_export_targets-extras.cmake
[92.420s] -- Symlinking: /workspace/manipulator_ws/src/install/dynamixel_hardware_interface/share/dynamixel_hardware_interface/cmake/ament_cmake_export_dependencies-extras.cmake
[92.572s] -- Symlinking: /workspace/manipulator_ws/src/install/dynamixel_hardware_interface/share/dynamixel_hardware_interface/cmake/dynamixel_hardware_interfaceConfig.cmake
[92.648s] -- Symlinking: /workspace/manipulator_ws/src/install/dynamixel_hardware_interface/share/dynamixel_hardware_interface/cmake/dynamixel_hardware_interfaceConfig-version.cmake
[92.751s] -- Symlinking: /workspace/manipulator_ws/src/install/dynamixel_hardware_interface/share/dynamixel_hardware_interface/package.xml
[92.857s] -- Installing: /workspace/manipulator_ws/src/install/dynamixel_hardware_interface/lib/libdynamixel_hardware_interface.so
[92.908s] -- Set non-toolchain portion of runtime path of "/workspace/manipulator_ws/src/install/dynamixel_hardware_interface/lib/libdynamixel_hardware_interface.so" to ""
[92.910s] -- Installing: /workspace/manipulator_ws/src/install/dynamixel_hardware_interface/share/dynamixel_hardware_interface/cmake/export_dynamixel_hardware_interfaceExport.cmake
[92.912s] -- Installing: /workspace/manipulator_ws/src/install/dynamixel_hardware_interface/share/dynamixel_hardware_interface/cmake/export_dynamixel_hardware_interfaceExport-noconfig.cmake
[92.928s] Invoked command in '/workspace/manipulator_ws/src/build/dynamixel_hardware_interface' returned '0': AMENT_PREFIX_PATH=/workspace/manipulator_ws/src/install/dynamixel_sdk:/workspace/manipulator_ws/src/install/dynamixel_interfaces:${AMENT_PREFIX_PATH} CMAKE_PREFIX_PATH=/workspace/manipulator_ws/src/install/dynamixel_sdk:/workspace/manipulator_ws/src/install/dynamixel_interfaces:/workspace/ros2_ws/install/icart_mini:/workspace/ros2_ws/install/icart_mini_driver:/workspace/ros2_ws/install/ypspur_ros2:/workspace/ros2_ws/install/yolo_bringup:/workspace/ros2_ws/install/yolo_msgs:/workspace/ros2_ws/install/robotis_interfaces:/workspace/ros2_ws/install/open_manipulator_moveit_config:/workspace/ros2_ws/install/open_manipulator_description:/workspace/ros2_ws/install/realsense2_description:/workspace/ros2_ws/install/realsense2_camera:/workspace/ros2_ws/install/realsense2_camera_msgs:/workspace/ros2_ws/install/open_manipulator_collision:/workspace/ros2_ws/install/icart_mini_setup:/workspace/ros2_ws/install/icart_mini_gazebo:/workspace/ros2_ws/install/icart_mini_description:/workspace/ros2_ws/install/icart_mini_control:/workspace/ros2_ws/install/dynamixel_sdk_examples:/workspace/ros2_ws/install/dynamixel_sdk_custom_interfaces:/workspace/ros2_ws/install/dynamixel_hardware_interface:/workspace/ros2_ws/install/dynamixel_sdk:/workspace/ros2_ws/install/dynamixel_interfaces:/workspace/ros2_ws/install/aruco_opencv:/workspace/ros2_ws/install/aruco_opencv_msgs:/opt/ros/jazzy/opt/gz_sim_vendor:/opt/ros/jazzy/opt/gz_sensors_vendor:/opt/ros/jazzy/opt/gz_physics_vendor:/opt/ros/jazzy/opt/sdformat_vendor:/opt/ros/jazzy/opt/gz_gui_vendor:/opt/ros/jazzy/opt/gz_transport_vendor:/opt/ros/jazzy/opt/gz_rendering_vendor:/opt/ros/jazzy/opt/gz_plugin_vendor:/opt/ros/jazzy/opt/gz_fuel_tools_vendor:/opt/ros/jazzy/opt/gz_msgs_vendor:/opt/ros/jazzy/opt/gz_common_vendor:/opt/ros/jazzy/opt/gz_math_vendor:/opt/ros/jazzy/opt/gz_utils_vendor:/opt/ros/jazzy/opt/gz_tools_vendor:/opt/ros/jazzy/opt/gz_ogre_next_vendor:/opt/ros/jazzy/opt/gz_dartsim_vendor:/opt/ros/jazzy/opt/gz_cmake_vendor:/workspace/ros2_ws/install/yolo_ros:/workspace/ros2_ws/install/teleop_safety:/workspace/ros2_ws/install/open_manipulator_teleop:/workspace/ros2_ws/install/frontman:/workspace/ros2_ws/install/cam2goal:/opt/ros/jazzy LD_LIBRARY_PATH=/workspace/manipulator_ws/src/install/dynamixel_sdk/lib:/workspace/manipulator_ws/src/install/dynamixel_interfaces/lib:${LD_LIBRARY_PATH} PYTHONPATH=/workspace/manipulator_ws/src/install/dynamixel_sdk/lib/python3.12/site-packages:/workspace/manipulator_ws/src/install/dynamixel_interfaces/lib/python3.12/site-packages:${PYTHONPATH} /usr/bin/cmake --install /workspace/manipulator_ws/src/build/dynamixel_hardware_interface
