[0.048s] Invoking command in '/workspace/manipulator_ws/src/build/open_manipulator_gui': CMAKE_PREFIX_PATH=${CMAKE_PREFIX_PATH}:/workspace/ros2_ws/install/yolo_ros:/workspace/ros2_ws/install/teleop_safety:/workspace/ros2_ws/install/open_manipulator_teleop:/workspace/ros2_ws/install/frontman:/workspace/ros2_ws/install/cam2goal:/opt/ros/jazzy /usr/bin/cmake /workspace/manipulator_ws/src/open_manipulator/open_manipulator_gui -DAMENT_CMAKE_SYMLINK_INSTALL=1 -DCMAKE_INSTALL_PREFIX=/workspace/manipulator_ws/src/install/open_manipulator_gui
[0.456s] -- The C compiler identification is GNU 13.3.0
[0.670s] -- The CXX compiler identification is GNU 13.3.0
[0.766s] -- Detecting C compiler ABI info
[1.324s] -- Detecting C compiler ABI info - done
[1.382s] -- Check for working C compiler: /usr/bin/cc - skipped
[1.383s] -- Detecting C compile features
[1.390s] -- Detecting C compile features - done
[1.433s] -- Detecting CXX compiler ABI info
[1.951s] -- Detecting CXX compiler ABI info - done
[2.007s] -- Check for working CXX compiler: /usr/bin/c++ - skipped
[2.008s] -- Detecting CXX compile features
[2.010s] -- Detecting CXX compile features - done
[2.063s] -- Found ament_cmake: 2.5.6 (/opt/ros/jazzy/share/ament_cmake/cmake)
[2.945s] -- Found Python3: /usr/bin/python3 (found version "3.12.3") found components: Interpreter 
[3.120s] -- Override CMake install command with custom implementation using symlinks instead of copying resources
[3.361s] -- Found geometry_msgs: 5.3.8 (/opt/ros/jazzy/share/geometry_msgs/cmake)
[3.578s] -- Found rosidl_generator_c: 4.6.9 (/opt/ros/jazzy/share/rosidl_generator_c/cmake)
[3.650s] -- Found rosidl_generator_cpp: 4.6.9 (/opt/ros/jazzy/share/rosidl_generator_cpp/cmake)
[3.730s] -- Using all available rosidl_typesupport_c: rosidl_typesupport_fastrtps_c;rosidl_typesupport_introspection_c
[3.825s] -- Using all available rosidl_typesupport_cpp: rosidl_typesupport_fastrtps_cpp;rosidl_typesupport_introspection_cpp
[4.007s] -- Found rclcpp: 28.1.21 (/opt/ros/jazzy/share/rclcpp/cmake)
[4.282s] -- Found rmw_implementation_cmake: 7.3.3 (/opt/ros/jazzy/share/rmw_implementation_cmake/cmake)
[4.303s] -- Found rmw_fastrtps_cpp: 8.4.4 (/opt/ros/jazzy/share/rmw_fastrtps_cpp/cmake)
[4.661s] -- Found OpenSSL: /usr/lib/x86_64-linux-gnu/libcrypto.so (found version "3.0.13")  
[4.784s] -- Found FastRTPS: /opt/ros/jazzy/include (Required is at least version "2.13") 
[4.885s] -- Using RMW implementation 'rmw_fastrtps_cpp' as default
[5.344s] -- Found sensor_msgs: 5.3.8 (/opt/ros/jazzy/share/sensor_msgs/cmake)
[5.515s] -- Found moveit_msgs: 2.6.0 (/opt/ros/jazzy/share/moveit_msgs/cmake)
[7.428s] -- Found moveit_ros_planning: 2.12.4 (/opt/ros/jazzy/share/moveit_ros_planning/cmake)
[8.537s] -- Found Boost: /usr/lib/x86_64-linux-gnu/cmake/Boost-1.83.0/BoostConfig.cmake (found version "1.83.0") found components: system filesystem date_time program_options thread chrono 
[8.710s] -- Found parameter_traits: 0.7.3 (/opt/ros/jazzy/share/parameter_traits/cmake)
[8.966s] [0mCMake Deprecation Warning at /opt/ros/jazzy/share/tl_expected/cmake/tl_expectedConfig.cmake:37 (message):
[8.966s]   Package 'tl_expected' is deprecated (This package will be removed in ROS 2
[8.968s]   Lyrical Luth.
[8.970s] 
[8.973s]         Use tl/expected.hpp from libexpected-dev,
[8.974s]         or rcpputils/tl_expected/expected.hpp if the system header is not available)
[8.975s] Call Stack (most recent call first):
[8.975s]   /opt/ros/jazzy/share/parameter_traits/cmake/ament_cmake_export_dependencies-extras.cmake:21 (find_package)
[8.982s]   /opt/ros/jazzy/share/parameter_traits/cmake/parameter_traitsConfig.cmake:41 (include)
[8.983s]   /opt/ros/jazzy/share/generate_parameter_library/cmake/generate_parameter_library-extras.cmake:30 (find_package)
[8.983s]   /opt/ros/jazzy/share/generate_parameter_library/cmake/generate_parameter_libraryConfig.cmake:41 (include)
[8.983s]   /opt/ros/jazzy/share/moveit_ros_planning/cmake/ament_cmake_export_dependencies-extras.cmake:21 (find_package)
[8.983s]   /opt/ros/jazzy/share/moveit_ros_planning/cmake/moveit_ros_planningConfig.cmake:41 (include)
[8.991s]   CMakeLists.txt:21 (find_package)
[8.991s] 
[8.992s] [0m
[9.044s] -- Found rclcpp_lifecycle: 28.1.21 (/opt/ros/jazzy/share/rclcpp_lifecycle/cmake)
[9.542s] -- Found Boost: /usr/lib/x86_64-linux-gnu/cmake/Boost-1.83.0/BoostConfig.cmake (found version "1.83.0") found components: chrono date_time filesystem iostreams program_options regex serialization system thread 
[11.091s] -- Found Eigen3: TRUE (found version "3.4.0") 
[11.091s] -- Ensuring Eigen3 include directory is part of orocos-kdl CMake target
[13.811s] -- Found moveit_ros_planning_interface: 2.12.4 (/opt/ros/jazzy/share/moveit_ros_planning_interface/cmake)
[13.855s] -- Found Boost: /usr/lib/x86_64-linux-gnu/cmake/Boost-1.83.0/BoostConfig.cmake (found version "1.83.0") found components: date_time filesystem program_options system thread 
[13.993s] -- Found Boost: /usr/lib/x86_64-linux-gnu/cmake/Boost-1.83.0/BoostConfig.cmake (found version "1.83.0") found components: thread system filesystem regex date_time program_options 
[14.329s] -- Found Boost: /usr/lib/x86_64-linux-gnu/cmake/Boost-1.83.0/BoostConfig.cmake (found version "1.83.0") found components: system filesystem date_time program_options thread 
[15.405s] -- Configuring done (15.3s)
[16.400s] -- Generating done (0.6s)
[16.559s] -- Build files have been written to: /workspace/manipulator_ws/src/build/open_manipulator_gui
[16.674s] Invoked command in '/workspace/manipulator_ws/src/build/open_manipulator_gui' returned '0': CMAKE_PREFIX_PATH=${CMAKE_PREFIX_PATH}:/workspace/ros2_ws/install/yolo_ros:/workspace/ros2_ws/install/teleop_safety:/workspace/ros2_ws/install/open_manipulator_teleop:/workspace/ros2_ws/install/frontman:/workspace/ros2_ws/install/cam2goal:/opt/ros/jazzy /usr/bin/cmake /workspace/manipulator_ws/src/open_manipulator/open_manipulator_gui -DAMENT_CMAKE_SYMLINK_INSTALL=1 -DCMAKE_INSTALL_PREFIX=/workspace/manipulator_ws/src/install/open_manipulator_gui
[16.675s] Invoking command in '/workspace/manipulator_ws/src/build/open_manipulator_gui': CMAKE_PREFIX_PATH=${CMAKE_PREFIX_PATH}:/workspace/ros2_ws/install/yolo_ros:/workspace/ros2_ws/install/teleop_safety:/workspace/ros2_ws/install/open_manipulator_teleop:/workspace/ros2_ws/install/frontman:/workspace/ros2_ws/install/cam2goal:/opt/ros/jazzy /usr/bin/cmake --build /workspace/manipulator_ws/src/build/open_manipulator_gui -- -j4 -l4
[17.084s] [  1%] [34m[1mGenerating ui_open_manipulator_x_main_window.h[0m
[17.191s] [  3%] [34m[1mGenerating ui_omx_f_main_window.h[0m
[17.310s] [  5%] [34m[1mGenerating open_manipulator_x_gui/ui_open_manipulator_x_main_window.h[0m
[17.460s] [  7%] [34m[1mGenerating omx_f_gui/ui_omx_f_main_window.h[0m
[17.609s] [  8%] [34m[1mGenerating ui_omy_f3m_main_window.h[0m
[17.733s] [ 10%] [34m[1mGenerating ui_omy_3m_main_window.h[0m
[17.849s] [ 12%] [34m[1mGenerating omy_f3m_gui/ui_omy_f3m_main_window.h[0m
[18.059s] [ 14%] [34m[1mGenerating omy_3m_gui/ui_omy_3m_main_window.h[0m
[18.277s] [ 14%] Built target copy_ui_headers
[18.466s] [ 14%] Built target open_manipulator_x_gui_node_autogen_timestamp_deps
[18.640s] [ 14%] Built target omx_f_gui_node_autogen_timestamp_deps
[18.748s] [ 16%] [34m[1mAutomatic MOC and UIC for target open_manipulator_x_gui_node[0m
[19.027s] [ 16%] Built target open_manipulator_x_gui_node_autogen
[19.122s] [ 17%] [34m[1mAutomatic MOC and UIC for target omx_f_gui_node[0m
[19.396s] [ 17%] Built target omx_f_gui_node_autogen
[19.456s] [ 19%] [34m[1mGenerating include/open_manipulator_x_gui/moc_main_window.cpp[0m
[19.527s] [ 21%] [34m[1mGenerating include/open_manipulator_x_gui/moc_qnode.cpp[0m
[19.736s] [ 23%] [32mBuilding CXX object CMakeFiles/open_manipulator_x_gui_node.dir/open_manipulator_x_gui_node_autogen/mocs_compilation.cpp.o[0m
[19.851s] [ 25%] [32mBuilding CXX object CMakeFiles/open_manipulator_x_gui_node.dir/src/open_manipulator_x/main.cpp.o[0m
[68.939s] [ 26%] [32mBuilding CXX object CMakeFiles/open_manipulator_x_gui_node.dir/src/open_manipulator_x/main_window.cpp.o[0m
[108.279s] [ 28%] [32mBuilding CXX object CMakeFiles/open_manipulator_x_gui_node.dir/src/open_manipulator_x/qnode.cpp.o[0m
[130.556s] [ 30%] [32mBuilding CXX object CMakeFiles/open_manipulator_x_gui_node.dir/include/open_manipulator_x_gui/moc_main_window.cpp.o[0m
[150.283s] [ 32%] [32mBuilding CXX object CMakeFiles/open_manipulator_x_gui_node.dir/include/open_manipulator_x_gui/moc_qnode.cpp.o[0m
[167.420s] [ 33%] [32m[1mLinking CXX executable open_manipulator_x_gui_node[0m
[170.138s] [ 37%] Built target open_manipulator_x_gui_node
[170.163s] [ 39%] [34m[1mGenerating include/omx_f_gui/moc_main_window.cpp[0m
[170.185s] [ 41%] [34m[1mGenerating include/omx_f_gui/moc_qnode.cpp[0m
[170.295s] [ 42%] [32mBuilding CXX object CMakeFiles/omx_f_gui_node.dir/omx_f_gui_node_autogen/mocs_compilation.cpp.o[0m
[170.339s] [ 44%] [32mBuilding CXX object CMakeFiles/omx_f_gui_node.dir/src/omx_f/main.cpp.o[0m
[191.327s] [ 46%] [32mBuilding CXX object CMakeFiles/omx_f_gui_node.dir/src/omx_f/main_window.cpp.o[0m
[208.275s] [ 48%] [32mBuilding CXX object CMakeFiles/omx_f_gui_node.dir/src/omx_f/qnode.cpp.o[0m
[224.107s] [ 50%] [32mBuilding CXX object CMakeFiles/omx_f_gui_node.dir/include/omx_f_gui/moc_main_window.cpp.o[0m
[240.155s] [ 51%] [32mBuilding CXX object CMakeFiles/omx_f_gui_node.dir/include/omx_f_gui/moc_qnode.cpp.o[0m
[254.121s] [ 53%] [32m[1mLinking CXX executable omx_f_gui_node[0m
[256.413s] [ 57%] Built target omx_f_gui_node
[256.447s] [ 57%] Built target omy_f3m_gui_node_autogen_timestamp_deps
[256.482s] [ 57%] Built target omy_3m_gui_node_autogen_timestamp_deps
[256.516s] [ 58%] [34m[1mAutomatic MOC and UIC for target omy_f3m_gui_node[0m
[256.600s] [ 58%] Built target omy_f3m_gui_node_autogen
[256.636s] [ 60%] [34m[1mAutomatic MOC and UIC for target omy_3m_gui_node[0m
[256.701s] [ 60%] Built target omy_3m_gui_node_autogen
[256.720s] [ 62%] [34m[1mGenerating include/omy_f3m_gui/moc_main_window.cpp[0m
[256.743s] [ 64%] [34m[1mGenerating include/omy_f3m_gui/moc_qnode.cpp[0m
[256.804s] [ 66%] [32mBuilding CXX object CMakeFiles/omy_f3m_gui_node.dir/omy_f3m_gui_node_autogen/mocs_compilation.cpp.o[0m
[256.839s] [ 67%] [32mBuilding CXX object CMakeFiles/omy_f3m_gui_node.dir/src/omy_f3m/main_window.cpp.o[0m
[272.630s] [ 69%] [32mBuilding CXX object CMakeFiles/omy_f3m_gui_node.dir/src/omy_f3m/qnode.cpp.o[0m
[282.657s] [ 71%] [32mBuilding CXX object CMakeFiles/omy_f3m_gui_node.dir/include/omy_f3m_gui/moc_main_window.cpp.o[0m
[283.683s] [ 73%] [32mBuilding CXX object CMakeFiles/omy_f3m_gui_node.dir/src/omy_f3m/main.cpp.o[0m
[287.958s] [ 75%] [32mBuilding CXX object CMakeFiles/omy_f3m_gui_node.dir/include/omy_f3m_gui/moc_qnode.cpp.o[0m
[310.278s] [ 76%] [32m[1mLinking CXX executable omy_f3m_gui_node[0m
[312.305s] [ 80%] Built target omy_f3m_gui_node
[312.326s] [ 82%] [34m[1mGenerating include/omy_3m_gui/moc_main_window.cpp[0m
[312.350s] [ 83%] [34m[1mGenerating include/omy_3m_gui/moc_qnode.cpp[0m
[312.421s] [ 85%] [32mBuilding CXX object CMakeFiles/omy_3m_gui_node.dir/omy_3m_gui_node_autogen/mocs_compilation.cpp.o[0m
[312.468s] [ 87%] [32mBuilding CXX object CMakeFiles/omy_3m_gui_node.dir/src/omy_3m/qnode.cpp.o[0m
[326.009s] [ 89%] [32mBuilding CXX object CMakeFiles/omy_3m_gui_node.dir/include/omy_3m_gui/moc_main_window.cpp.o[0m
[340.261s] [ 91%] [32mBuilding CXX object CMakeFiles/omy_3m_gui_node.dir/include/omy_3m_gui/moc_qnode.cpp.o[0m
[353.080s] [ 92%] [32mBuilding CXX object CMakeFiles/omy_3m_gui_node.dir/src/omy_3m/main_window.cpp.o[0m
[353.082s] [ 94%] [32mBuilding CXX object CMakeFiles/omy_3m_gui_node.dir/src/omy_3m/main.cpp.o[0m
[373.628s] [ 96%] [32m[1mLinking CXX executable omy_3m_gui_node[0m
[375.724s] [100%] Built target omy_3m_gui_node
[375.745s] Invoked command in '/workspace/manipulator_ws/src/build/open_manipulator_gui' returned '0': CMAKE_PREFIX_PATH=${CMAKE_PREFIX_PATH}:/workspace/ros2_ws/install/yolo_ros:/workspace/ros2_ws/install/teleop_safety:/workspace/ros2_ws/install/open_manipulator_teleop:/workspace/ros2_ws/install/frontman:/workspace/ros2_ws/install/cam2goal:/opt/ros/jazzy /usr/bin/cmake --build /workspace/manipulator_ws/src/build/open_manipulator_gui -- -j4 -l4
[375.747s] Invoking command in '/workspace/manipulator_ws/src/build/open_manipulator_gui': CMAKE_PREFIX_PATH=${CMAKE_PREFIX_PATH}:/workspace/ros2_ws/install/yolo_ros:/workspace/ros2_ws/install/teleop_safety:/workspace/ros2_ws/install/open_manipulator_teleop:/workspace/ros2_ws/install/frontman:/workspace/ros2_ws/install/cam2goal:/opt/ros/jazzy /usr/bin/cmake --install /workspace/manipulator_ws/src/build/open_manipulator_gui
[375.763s] -- Install configuration: ""
[375.764s] -- Execute custom install script
[375.764s] -- Symlinking: /workspace/manipulator_ws/src/install/open_manipulator_gui/lib/open_manipulator_gui/open_manipulator_x_gui_node
[375.780s] -- Symlinking: /workspace/manipulator_ws/src/install/open_manipulator_gui/lib/open_manipulator_gui/omy_3m_gui_node
[375.797s] -- Symlinking: /workspace/manipulator_ws/src/install/open_manipulator_gui/lib/open_manipulator_gui/omy_f3m_gui_node
[375.815s] -- Symlinking: /workspace/manipulator_ws/src/install/open_manipulator_gui/lib/open_manipulator_gui/omx_f_gui_node
[375.832s] -- Symlinking: /workspace/manipulator_ws/src/install/open_manipulator_gui/include/omx_f_gui/main_window.hpp
[375.847s] -- Symlinking: /workspace/manipulator_ws/src/install/open_manipulator_gui/include/omx_f_gui/qnode.hpp
[375.868s] -- Symlinking: /workspace/manipulator_ws/src/install/open_manipulator_gui/include/omy_3m_gui/main_window.hpp
[375.887s] -- Symlinking: /workspace/manipulator_ws/src/install/open_manipulator_gui/include/omy_3m_gui/qnode.hpp
[375.901s] -- Symlinking: /workspace/manipulator_ws/src/install/open_manipulator_gui/include/omy_f3m_gui/main_window.hpp
[375.919s] -- Symlinking: /workspace/manipulator_ws/src/install/open_manipulator_gui/include/omy_f3m_gui/qnode.hpp
[375.934s] -- Symlinking: /workspace/manipulator_ws/src/install/open_manipulator_gui/include/open_manipulator_x_gui/main_window.hpp
[375.949s] -- Symlinking: /workspace/manipulator_ws/src/install/open_manipulator_gui/include/open_manipulator_x_gui/qnode.hpp
[375.968s] -- Symlinking: /workspace/manipulator_ws/src/install/open_manipulator_gui/share/open_manipulator_gui/launch/omx_f_gui.launch.py
[375.983s] -- Symlinking: /workspace/manipulator_ws/src/install/open_manipulator_gui/share/open_manipulator_gui/launch/omy_3m_gui.launch.py
[376.000s] -- Symlinking: /workspace/manipulator_ws/src/install/open_manipulator_gui/share/open_manipulator_gui/launch/omy_f3m_gui.launch.py
[376.019s] -- Symlinking: /workspace/manipulator_ws/src/install/open_manipulator_gui/share/open_manipulator_gui/launch/open_manipulator_x_gui.launch.py
[376.035s] -- Symlinking: /workspace/manipulator_ws/src/install/open_manipulator_gui/share/open_manipulator_gui/ui/omx_f_main_window.ui
[376.052s] -- Symlinking: /workspace/manipulator_ws/src/install/open_manipulator_gui/share/open_manipulator_gui/ui/omy_3m_main_window.ui
[376.070s] -- Symlinking: /workspace/manipulator_ws/src/install/open_manipulator_gui/share/open_manipulator_gui/ui/omy_f3m_main_window.ui
[376.090s] -- Symlinking: /workspace/manipulator_ws/src/install/open_manipulator_gui/share/open_manipulator_gui/ui/open_manipulator_x_main_window.ui
[376.106s] -- Symlinking: /workspace/manipulator_ws/src/install/open_manipulator_gui/share/open_manipulator_gui/config/omx_f_joint_log.csv
[376.121s] -- Symlinking: /workspace/manipulator_ws/src/install/open_manipulator_gui/share/open_manipulator_gui/config/omy_3m_joint_log.csv
[376.138s] -- Symlinking: /workspace/manipulator_ws/src/install/open_manipulator_gui/share/open_manipulator_gui/config/omy_f3m_joint_log.csv
[376.155s] -- Symlinking: /workspace/manipulator_ws/src/install/open_manipulator_gui/share/open_manipulator_gui/config/open_manipulator_x_joint_log.csv
[376.171s] -- Symlinking: /workspace/manipulator_ws/src/install/open_manipulator_gui/share/open_manipulator_gui/environment/library_path.sh
[376.188s] -- Symlinking: /workspace/manipulator_ws/src/install/open_manipulator_gui/share/open_manipulator_gui/environment/library_path.dsv
[376.206s] -- Symlinking: /workspace/manipulator_ws/src/install/open_manipulator_gui/share/ament_index/resource_index/package_run_dependencies/open_manipulator_gui
[376.221s] -- Symlinking: /workspace/manipulator_ws/src/install/open_manipulator_gui/share/ament_index/resource_index/parent_prefix_path/open_manipulator_gui
[376.239s] -- Symlinking: /workspace/manipulator_ws/src/install/open_manipulator_gui/share/open_manipulator_gui/environment/ament_prefix_path.sh
[376.258s] -- Symlinking: /workspace/manipulator_ws/src/install/open_manipulator_gui/share/open_manipulator_gui/environment/ament_prefix_path.dsv
[376.275s] -- Symlinking: /workspace/manipulator_ws/src/install/open_manipulator_gui/share/open_manipulator_gui/environment/path.sh
[376.293s] -- Symlinking: /workspace/manipulator_ws/src/install/open_manipulator_gui/share/open_manipulator_gui/environment/path.dsv
[376.309s] -- Symlinking: /workspace/manipulator_ws/src/install/open_manipulator_gui/share/open_manipulator_gui/local_setup.bash
[376.326s] -- Symlinking: /workspace/manipulator_ws/src/install/open_manipulator_gui/share/open_manipulator_gui/local_setup.sh
[376.343s] -- Symlinking: /workspace/manipulator_ws/src/install/open_manipulator_gui/share/open_manipulator_gui/local_setup.zsh
[376.363s] -- Symlinking: /workspace/manipulator_ws/src/install/open_manipulator_gui/share/open_manipulator_gui/local_setup.dsv
[376.379s] -- Symlinking: /workspace/manipulator_ws/src/install/open_manipulator_gui/share/open_manipulator_gui/package.dsv
[376.395s] -- Symlinking: /workspace/manipulator_ws/src/install/open_manipulator_gui/share/ament_index/resource_index/packages/open_manipulator_gui
[376.411s] -- Symlinking: /workspace/manipulator_ws/src/install/open_manipulator_gui/share/open_manipulator_gui/cmake/ament_cmake_export_include_directories-extras.cmake
[376.427s] -- Symlinking: /workspace/manipulator_ws/src/install/open_manipulator_gui/share/open_manipulator_gui/cmake/ament_cmake_export_libraries-extras.cmake
[376.445s] -- Symlinking: /workspace/manipulator_ws/src/install/open_manipulator_gui/share/open_manipulator_gui/cmake/open_manipulator_guiConfig.cmake
[376.462s] -- Symlinking: /workspace/manipulator_ws/src/install/open_manipulator_gui/share/open_manipulator_gui/cmake/open_manipulator_guiConfig-version.cmake
[376.477s] -- Symlinking: /workspace/manipulator_ws/src/install/open_manipulator_gui/share/open_manipulator_gui/package.xml
[376.496s] Invoked command in '/workspace/manipulator_ws/src/build/open_manipulator_gui' returned '0': CMAKE_PREFIX_PATH=${CMAKE_PREFIX_PATH}:/workspace/ros2_ws/install/yolo_ros:/workspace/ros2_ws/install/teleop_safety:/workspace/ros2_ws/install/open_manipulator_teleop:/workspace/ros2_ws/install/frontman:/workspace/ros2_ws/install/cam2goal:/opt/ros/jazzy /usr/bin/cmake --install /workspace/manipulator_ws/src/build/open_manipulator_gui
