[0.039s] Invoking command in '/workspace/manipulator_ws/src/build/om_spring_actuator_controller': CMAKE_PREFIX_PATH=${CMAKE_PREFIX_PATH}:/workspace/ros2_ws/install/yolo_ros:/workspace/ros2_ws/install/teleop_safety:/workspace/ros2_ws/install/open_manipulator_teleop:/workspace/ros2_ws/install/frontman:/workspace/ros2_ws/install/cam2goal:/opt/ros/jazzy /usr/bin/cmake /workspace/manipulator_ws/src/open_manipulator/ros2_controller/om_spring_actuator_controller -DAMENT_CMAKE_SYMLINK_INSTALL=1 -DCMAKE_INSTALL_PREFIX=/workspace/manipulator_ws/src/install/om_spring_actuator_controller
[0.456s] -- The CXX compiler identification is GNU 13.3.0
[0.532s] -- Detecting CXX compiler ABI info
[1.029s] -- Detecting CXX compiler ABI info - done
[1.069s] -- Check for working CXX compiler: /usr/bin/c++ - skipped
[1.070s] -- Detecting CXX compile features
[1.070s] -- Detecting CXX compile features - done
[1.089s] -- Found ament_cmake: 2.5.6 (/opt/ros/jazzy/share/ament_cmake/cmake)
[1.920s] -- Found Python3: /usr/bin/python3 (found version "3.12.3") found components: Interpreter 
[2.730s] -- Override CMake install command with custom implementation using symlinks instead of copying resources
[3.323s] -- Found controller_interface: 4.45.2 (/opt/ros/jazzy/share/controller_interface/cmake)
[3.772s] -- Found rosidl_generator_c: 4.6.9 (/opt/ros/jazzy/share/rosidl_generator_c/cmake)
[3.841s] -- Found rosidl_generator_cpp: 4.6.9 (/opt/ros/jazzy/share/rosidl_generator_cpp/cmake)
[4.002s] -- Using all available rosidl_typesupport_c: rosidl_typesupport_fastrtps_c;rosidl_typesupport_introspection_c
[4.186s] -- Using all available rosidl_typesupport_cpp: rosidl_typesupport_fastrtps_cpp;rosidl_typesupport_introspection_cpp
[5.205s] -- Found TinyXML2 via Config file: /usr/lib/x86_64-linux-gnu/cmake/tinyxml2
[5.405s] -- Found rmw_implementation_cmake: 7.3.3 (/opt/ros/jazzy/share/rmw_implementation_cmake/cmake)
[5.425s] -- Found rmw_fastrtps_cpp: 8.4.4 (/opt/ros/jazzy/share/rmw_fastrtps_cpp/cmake)
[5.539s] -- Found TinyXML2 via Config file: /usr/lib/x86_64-linux-gnu/cmake/tinyxml2
[5.924s] -- Found OpenSSL: /usr/lib/x86_64-linux-gnu/libcrypto.so (found version "3.0.13")  
[5.977s] -- Found TinyXML2 via Config file: /usr/lib/x86_64-linux-gnu/cmake/tinyxml2
[6.110s] -- Found FastRTPS: /opt/ros/jazzy/include (Required is at least version "2.13") 
[6.127s] -- Found TinyXML2 via Config file: /usr/lib/x86_64-linux-gnu/cmake/tinyxml2
[6.169s] -- Found TinyXML2 via Config file: /usr/lib/x86_64-linux-gnu/cmake/tinyxml2
[6.212s] -- Using RMW implementation 'rmw_fastrtps_cpp' as default
[8.182s] -- Found generate_parameter_library: 0.7.3 (/opt/ros/jazzy/share/generate_parameter_library/cmake)
[8.199s] -- Found parameter_traits: 0.7.3 (/opt/ros/jazzy/share/parameter_traits/cmake)
[8.302s] [0mCMake Deprecation Warning at /opt/ros/jazzy/share/tl_expected/cmake/tl_expectedConfig.cmake:37 (message):
[8.302s]   Package 'tl_expected' is deprecated (This package will be removed in ROS 2
[8.302s]   Lyrical Luth.
[8.303s] 
[8.303s]         Use tl/expected.hpp from libexpected-dev,
[8.303s]         or rcpputils/tl_expected/expected.hpp if the system header is not available)
[8.303s] Call Stack (most recent call first):
[8.305s]   /opt/ros/jazzy/share/parameter_traits/cmake/ament_cmake_export_dependencies-extras.cmake:21 (find_package)
[8.306s]   /opt/ros/jazzy/share/parameter_traits/cmake/parameter_traitsConfig.cmake:41 (include)
[8.307s]   /opt/ros/jazzy/share/generate_parameter_library/cmake/generate_parameter_library-extras.cmake:30 (find_package)
[8.308s]   /opt/ros/jazzy/share/generate_parameter_library/cmake/generate_parameter_libraryConfig.cmake:41 (include)
[8.310s]   CMakeLists.txt:28 (find_package)
[8.311s] 
[8.311s] [0m
[8.631s] -- Configuring done (8.5s)
[8.739s] -- Generating done (0.1s)
[8.760s] -- Build files have been written to: /workspace/manipulator_ws/src/build/om_spring_actuator_controller
[8.785s] Invoked command in '/workspace/manipulator_ws/src/build/om_spring_actuator_controller' returned '0': CMAKE_PREFIX_PATH=${CMAKE_PREFIX_PATH}:/workspace/ros2_ws/install/yolo_ros:/workspace/ros2_ws/install/teleop_safety:/workspace/ros2_ws/install/open_manipulator_teleop:/workspace/ros2_ws/install/frontman:/workspace/ros2_ws/install/cam2goal:/opt/ros/jazzy /usr/bin/cmake /workspace/manipulator_ws/src/open_manipulator/ros2_controller/om_spring_actuator_controller -DAMENT_CMAKE_SYMLINK_INSTALL=1 -DCMAKE_INSTALL_PREFIX=/workspace/manipulator_ws/src/install/om_spring_actuator_controller
[8.787s] Invoking command in '/workspace/manipulator_ws/src/build/om_spring_actuator_controller': CMAKE_PREFIX_PATH=${CMAKE_PREFIX_PATH}:/workspace/ros2_ws/install/yolo_ros:/workspace/ros2_ws/install/teleop_safety:/workspace/ros2_ws/install/open_manipulator_teleop:/workspace/ros2_ws/install/frontman:/workspace/ros2_ws/install/cam2goal:/opt/ros/jazzy /usr/bin/cmake --build /workspace/manipulator_ws/src/build/om_spring_actuator_controller -- -j4 -l4
[9.209s] [ 25%] [34m[1mRunning `/opt/ros/jazzy/bin/generate_parameter_library_cpp /workspace/manipulator_ws/src/build/om_spring_actuator_controller/include/om_spring_actuator_controller/spring_actuator_controller_parameters.hpp /workspace/manipulator_ws/src/open_manipulator/ros2_controller/om_spring_actuator_controller/src/spring_actuator_controller_parameters.yaml `[0m
[12.911s] [ 50%] [34m[1mCreating deprecated header file /workspace/manipulator_ws/src/build/om_spring_actuator_controller/include/spring_actuator_controller_parameters.hpp[0m
[13.064s] [ 50%] Built target spring_actuator_controller_parameters
[13.150s] [ 75%] [32mBuilding CXX object CMakeFiles/spring_actuator_controller.dir/src/spring_actuator_controller.cpp.o[0m
[20.440s] In file included from [01m[K/opt/ros/jazzy/include/parameter_traits/parameter_traits/parameter_traits.hpp:37[m[K,
[20.440s]                  from [01m[K/workspace/manipulator_ws/src/build/om_spring_actuator_controller/include/om_spring_actuator_controller/spring_actuator_controller_parameters.hpp:26[m[K,
[20.440s]                  from [01m[K/workspace/manipulator_ws/src/open_manipulator/ros2_controller/om_spring_actuator_controller/include/spring_actuator_controller/spring_actuator_controller.hpp:34[m[K,
[20.440s]                  from [01m[K/workspace/manipulator_ws/src/open_manipulator/ros2_controller/om_spring_actuator_controller/src/spring_actuator_controller.cpp:17[m[K:
[20.441s] [01m[K/opt/ros/jazzy/include/tl_expected/expected.hpp:18:167:[m[K [01;36m[Knote: [m[K‘[01m[K#pragma message: tl_expected/expected.hpp is deprecated. Use <tl/expected.hpp> from libexpected-dev, or <rcpputils/tl_expected/expected.hpp> if the system header is not available.[m[K’
[20.441s]    18 | <tl/expected.hpp> from libexpected-dev, or <rcpputils/tl_expected/expected.hpp> if the system header is not available."[01;36m[K)[m[K // NOLINT
[20.441s]       |                                                                                                                        [01;36m[K^[m[K
[20.441s] 
[25.629s] [100%] [32m[1mLinking CXX shared library libspring_actuator_controller.so[0m
[26.771s] [100%] Built target spring_actuator_controller
[26.829s] Invoked command in '/workspace/manipulator_ws/src/build/om_spring_actuator_controller' returned '0': CMAKE_PREFIX_PATH=${CMAKE_PREFIX_PATH}:/workspace/ros2_ws/install/yolo_ros:/workspace/ros2_ws/install/teleop_safety:/workspace/ros2_ws/install/open_manipulator_teleop:/workspace/ros2_ws/install/frontman:/workspace/ros2_ws/install/cam2goal:/opt/ros/jazzy /usr/bin/cmake --build /workspace/manipulator_ws/src/build/om_spring_actuator_controller -- -j4 -l4
[26.832s] Invoking command in '/workspace/manipulator_ws/src/build/om_spring_actuator_controller': CMAKE_PREFIX_PATH=${CMAKE_PREFIX_PATH}:/workspace/ros2_ws/install/yolo_ros:/workspace/ros2_ws/install/teleop_safety:/workspace/ros2_ws/install/open_manipulator_teleop:/workspace/ros2_ws/install/frontman:/workspace/ros2_ws/install/cam2goal:/opt/ros/jazzy /usr/bin/cmake --install /workspace/manipulator_ws/src/build/om_spring_actuator_controller
[26.944s] -- Install configuration: ""
[26.950s] -- Execute custom install script
[26.951s] -- Symlinking: /workspace/manipulator_ws/src/install/om_spring_actuator_controller/include/om_spring_actuator_controller/spring_actuator_controller_parameters.hpp
[27.022s] -- Symlinking: /workspace/manipulator_ws/src/install/om_spring_actuator_controller/share/om_spring_actuator_controller//spring_actuator_plugin.xml
[27.094s] -- Symlinking: /workspace/manipulator_ws/src/install/om_spring_actuator_controller/include/spring_actuator_controller/spring_actuator_controller/spring_actuator_controller.hpp
[27.192s] -- Symlinking: /workspace/manipulator_ws/src/install/om_spring_actuator_controller/include/spring_actuator_controller/spring_actuator_controller/visibility_control.h
[27.214s] -- Symlinking: /workspace/manipulator_ws/src/install/om_spring_actuator_controller/share/om_spring_actuator_controller/environment/library_path.sh
[27.241s] -- Symlinking: /workspace/manipulator_ws/src/install/om_spring_actuator_controller/share/om_spring_actuator_controller/environment/library_path.dsv
[27.270s] -- Symlinking: /workspace/manipulator_ws/src/install/om_spring_actuator_controller/share/ament_index/resource_index/package_run_dependencies/om_spring_actuator_controller
[27.297s] -- Symlinking: /workspace/manipulator_ws/src/install/om_spring_actuator_controller/share/ament_index/resource_index/parent_prefix_path/om_spring_actuator_controller
[27.330s] -- Symlinking: /workspace/manipulator_ws/src/install/om_spring_actuator_controller/share/om_spring_actuator_controller/environment/ament_prefix_path.sh
[27.355s] -- Symlinking: /workspace/manipulator_ws/src/install/om_spring_actuator_controller/share/om_spring_actuator_controller/environment/ament_prefix_path.dsv
[27.390s] -- Symlinking: /workspace/manipulator_ws/src/install/om_spring_actuator_controller/share/om_spring_actuator_controller/environment/path.sh
[27.413s] -- Symlinking: /workspace/manipulator_ws/src/install/om_spring_actuator_controller/share/om_spring_actuator_controller/environment/path.dsv
[27.450s] -- Symlinking: /workspace/manipulator_ws/src/install/om_spring_actuator_controller/share/om_spring_actuator_controller/local_setup.bash
[27.490s] -- Symlinking: /workspace/manipulator_ws/src/install/om_spring_actuator_controller/share/om_spring_actuator_controller/local_setup.sh
[27.515s] -- Symlinking: /workspace/manipulator_ws/src/install/om_spring_actuator_controller/share/om_spring_actuator_controller/local_setup.zsh
[27.538s] -- Symlinking: /workspace/manipulator_ws/src/install/om_spring_actuator_controller/share/om_spring_actuator_controller/local_setup.dsv
[27.561s] -- Symlinking: /workspace/manipulator_ws/src/install/om_spring_actuator_controller/share/om_spring_actuator_controller/package.dsv
[27.583s] -- Symlinking: /workspace/manipulator_ws/src/install/om_spring_actuator_controller/share/ament_index/resource_index/packages/om_spring_actuator_controller
[27.610s] -- Symlinking: /workspace/manipulator_ws/src/install/om_spring_actuator_controller/share/ament_index/resource_index/controller_interface__pluginlib__plugin/om_spring_actuator_controller
[27.639s] -- Symlinking: /workspace/manipulator_ws/src/install/om_spring_actuator_controller/share/om_spring_actuator_controller/cmake/ament_cmake_export_dependencies-extras.cmake
[27.690s] -- Symlinking: /workspace/manipulator_ws/src/install/om_spring_actuator_controller/share/om_spring_actuator_controller/cmake/ament_cmake_export_targets-extras.cmake
[27.699s] -- Symlinking: /workspace/manipulator_ws/src/install/om_spring_actuator_controller/share/om_spring_actuator_controller/cmake/om_spring_actuator_controllerConfig.cmake
[27.723s] -- Symlinking: /workspace/manipulator_ws/src/install/om_spring_actuator_controller/share/om_spring_actuator_controller/cmake/om_spring_actuator_controllerConfig-version.cmake
[27.750s] -- Symlinking: /workspace/manipulator_ws/src/install/om_spring_actuator_controller/share/om_spring_actuator_controller/package.xml
[27.776s] -- Installing: /workspace/manipulator_ws/src/install/om_spring_actuator_controller/lib/libspring_actuator_controller.so
[27.797s] -- Set non-toolchain portion of runtime path of "/workspace/manipulator_ws/src/install/om_spring_actuator_controller/lib/libspring_actuator_controller.so" to ""
[27.798s] -- Installing: /workspace/manipulator_ws/src/install/om_spring_actuator_controller/share/om_spring_actuator_controller/cmake/export_spring_actuator_controllerExport.cmake
[27.812s] -- Installing: /workspace/manipulator_ws/src/install/om_spring_actuator_controller/share/om_spring_actuator_controller/cmake/export_spring_actuator_controllerExport-noconfig.cmake
[27.821s] Invoked command in '/workspace/manipulator_ws/src/build/om_spring_actuator_controller' returned '0': CMAKE_PREFIX_PATH=${CMAKE_PREFIX_PATH}:/workspace/ros2_ws/install/yolo_ros:/workspace/ros2_ws/install/teleop_safety:/workspace/ros2_ws/install/open_manipulator_teleop:/workspace/ros2_ws/install/frontman:/workspace/ros2_ws/install/cam2goal:/opt/ros/jazzy /usr/bin/cmake --install /workspace/manipulator_ws/src/build/om_spring_actuator_controller
